#
# There is insufficient memory for the Java Runtime Environment to continue.
# Native memory allocation (malloc) failed to allocate 1469136 bytes for Chunk::new
# Possible reasons:
#   The system is out of physical RAM or swap space
#   The process is running with CompressedOops enabled, and the Java Heap may be blocking the growth of the native heap
# Possible solutions:
#   Reduce memory load on the system
#   Increase physical memory or swap space
#   Check if swap backing store is full
#   Decrease Java heap size (-Xmx/-Xms)
#   Decrease number of Java threads
#   Decrease Java thread stack sizes (-Xss)
#   Set larger code cache with -XX:ReservedCodeCacheSize=
#   JVM is running with Zero Based Compressed Oops mode in which the Java heap is
#     placed in the first 32GB address space. The Java Heap base address is the
#     maximum limit for the native heap growth. Please use -XX:HeapBaseMinAddress
#     to set the Java Heap base and to place the Java Heap above 32GB virtual address.
# This output file may be truncated or incomplete.
#
#  Out of Memory Error (arena.cpp:189), pid=1744, tid=7976
#
# JRE version: OpenJDK Runtime Environment (17.0.6) (build 17.0.6+0-b2043.56-9586694)
# Java VM: OpenJDK 64-Bit Server VM (17.0.6+0-b2043.56-9586694, mixed mode, tiered, compressed oops, compressed class ptrs, g1 gc, windows-amd64)
# No core dump will be written. Minidumps are not enabled by default on client versions of Windows
#

---------------  S U M M A R Y ------------

Command Line: --add-opens=java.base/java.util=ALL-UNNAMED --add-opens=java.base/java.lang=ALL-UNNAMED --add-opens=java.base/java.lang.invoke=ALL-UNNAMED --add-opens=java.prefs/java.util.prefs=ALL-UNNAMED --add-opens=java.base/java.nio.charset=ALL-UNNAMED --add-opens=java.base/java.net=ALL-UNNAMED --add-opens=java.base/java.util.concurrent.atomic=ALL-UNNAMED -Xmx4g -Dfile.encoding=UTF-8 -Duser.country=GB -Duser.language=en -Duser.variant -javaagent:C:\Users\Obaid\.gradle\wrapper\dists\gradle-8.2-bin\bbg7u40eoinfdyxsxr3z4i7ta\gradle-8.2\lib\agents\gradle-instrumentation-agent-8.2.jar org.gradle.launcher.daemon.bootstrap.GradleDaemon 8.2

Host: 12th Gen Intel(R) Core(TM) i7-12650H, 16 cores, 31G,  Windows 11 , 64 bit Build 22621 (10.0.22621.1928)
Time: Thu Jul 13 19:45:43 2023 Pakistan Standard Time elapsed time: 430.729184 seconds (0d 0h 7m 10s)

---------------  T H R E A D  ---------------

Current thread (0x0000016e16f66820):  JavaThread "C2 CompilerThread1" daemon [_thread_in_native, id=7976, stack(0x0000002817700000,0x0000002817800000)]


Current CompileTask:
C2: 430729 18248   !   4       org.gradle.internal.metaobject.BeanDynamicObject$MetaClassAdapter::lookupProperty (47 bytes)

Stack: [0x0000002817700000,0x0000002817800000]
Native frames: (J=compiled Java code, j=interpreted, Vv=VM code, C=native code)
V  [jvm.dll+0x683b4a]
V  [jvm.dll+0x842654]
V  [jvm.dll+0x843dfe]
V  [jvm.dll+0x844463]
V  [jvm.dll+0x249b75]
V  [jvm.dll+0xabcac]
V  [jvm.dll+0xac27c]
V  [jvm.dll+0x368802]
V  [jvm.dll+0x332f31]
V  [jvm.dll+0x3323da]
V  [jvm.dll+0x21c201]
V  [jvm.dll+0x21b621]
V  [jvm.dll+0x1a4fdd]
V  [jvm.dll+0x22b098]
V  [jvm.dll+0x229159]
V  [jvm.dll+0x7f809c]
V  [jvm.dll+0x7f25fa]
V  [jvm.dll+0x682985]
C  [ucrtbase.dll+0x29363]
C  [KERNEL32.DLL+0x126ad]
C  [ntdll.dll+0x5aa68]


---------------  P R O C E S S  ---------------

Threads class SMR info:
_java_thread_list=0x0000016e191f68b0, length=78, elements={
0x0000016e72df9e20, 0x0000016e7f402430, 0x0000016e7f402df0, 0x0000016e7f449020,
0x0000016e7f4498e0, 0x0000016e7f44c1b0, 0x0000016e7f44ca70, 0x0000016e7f4689c0,
0x0000016e7f4692c0, 0x0000016e7f46a360, 0x0000016e7f523140, 0x0000016e139c2080,
0x0000016e16846810, 0x0000016e161ff810, 0x0000016e16bc79b0, 0x0000016e13d13800,
0x0000016e13d171c0, 0x0000016e13d159b0, 0x0000016e171b47f0, 0x0000016e171affc0,
0x0000016e171ad940, 0x0000016e171ade10, 0x0000016e1b414da0, 0x0000016e1a84ae40,
0x0000016e17375840, 0x0000016e1a2de4f0, 0x0000016e1a2dee90, 0x0000016e18e012e0,
0x0000016e18e017b0, 0x0000016e18e02af0, 0x0000016e18e03490, 0x0000016e16f66820,
0x0000016e18e01c80, 0x0000016e173766b0, 0x0000016e17376b80, 0x0000016e173761e0,
0x0000016e17377050, 0x0000016e16f69ac0, 0x0000016e1bbf6080, 0x0000016e1bbf73c0,
0x0000016e1e233880, 0x0000016e1e233d50, 0x0000016e1e234bc0, 0x0000016e1e234220,
0x0000016e1e2333b0, 0x0000016e1e2346f0, 0x0000016e1751c0b0, 0x0000016e1751c580,
0x0000016e16f6b410, 0x0000016e16f67c60, 0x0000016e140bf970, 0x0000016e140beb00,
0x0000016e140c1ff0, 0x0000016e140c0cb0, 0x0000016e140befd0, 0x0000016e140bfe40,
0x0000016e140c0310, 0x0000016e140bf4a0, 0x0000016e140c24c0, 0x0000016e140c1b20,
0x0000016e140c1180, 0x0000016e140c07e0, 0x0000016e140c1650, 0x0000016e14558540,
0x0000016e193693e0, 0x0000016e18e03960, 0x0000016e18e00940, 0x0000016e18e03e30,
0x0000016e1455ba30, 0x0000016e14559880, 0x0000016e1455abc0, 0x0000016e14558a10,
0x0000016e14559d50, 0x0000016e1455b090, 0x0000016e14a3c2e0, 0x0000016e1a84c650,
0x0000016e19368f10, 0x0000016e19368570
}

Java Threads: ( => current thread )
  0x0000016e72df9e20 JavaThread "main" [_thread_blocked, id=10124, stack(0x0000002815f00000,0x0000002816000000)]
  0x0000016e7f402430 JavaThread "Reference Handler" daemon [_thread_blocked, id=1952, stack(0x0000002816600000,0x0000002816700000)]
  0x0000016e7f402df0 JavaThread "Finalizer" daemon [_thread_blocked, id=4532, stack(0x0000002816700000,0x0000002816800000)]
  0x0000016e7f449020 JavaThread "Signal Dispatcher" daemon [_thread_blocked, id=9808, stack(0x0000002816800000,0x0000002816900000)]
  0x0000016e7f4498e0 JavaThread "Attach Listener" daemon [_thread_blocked, id=11324, stack(0x0000002816900000,0x0000002816a00000)]
  0x0000016e7f44c1b0 JavaThread "Service Thread" daemon [_thread_blocked, id=11556, stack(0x0000002816a00000,0x0000002816b00000)]
  0x0000016e7f44ca70 JavaThread "Monitor Deflation Thread" daemon [_thread_blocked, id=11600, stack(0x0000002816b00000,0x0000002816c00000)]
  0x0000016e7f4689c0 JavaThread "C2 CompilerThread0" daemon [_thread_in_native, id=6800, stack(0x0000002816c00000,0x0000002816d00000)]
  0x0000016e7f4692c0 JavaThread "C1 CompilerThread0" daemon [_thread_blocked, id=5260, stack(0x0000002816d00000,0x0000002816e00000)]
  0x0000016e7f46a360 JavaThread "Sweeper thread" daemon [_thread_blocked, id=6048, stack(0x0000002816e00000,0x0000002816f00000)]
  0x0000016e7f523140 JavaThread "Common-Cleaner" daemon [_thread_blocked, id=14680, stack(0x0000002816f00000,0x0000002817000000)]
  0x0000016e139c2080 JavaThread "Notification Thread" daemon [_thread_blocked, id=12076, stack(0x0000002817300000,0x0000002817400000)]
  0x0000016e16846810 JavaThread "Daemon health stats" [_thread_blocked, id=12068, stack(0x0000002818300000,0x0000002818400000)]
  0x0000016e161ff810 JavaThread "Incoming local TCP Connector on port 57353" [_thread_in_native, id=11848, stack(0x0000002818400000,0x0000002818500000)]
  0x0000016e16bc79b0 JavaThread "Daemon periodic checks" [_thread_blocked, id=11408, stack(0x0000002818500000,0x0000002818600000)]
  0x0000016e13d13800 JavaThread "Cache worker for journal cache (C:\Users\Obaid\.gradle\caches\journal-1)" [_thread_blocked, id=14540, stack(0x0000002819000000,0x0000002819100000)]
  0x0000016e13d171c0 JavaThread "File lock request listener" [_thread_in_native, id=12708, stack(0x0000002819100000,0x0000002819200000)]
  0x0000016e13d159b0 JavaThread "Cache worker for file hash cache (C:\Users\Obaid\.gradle\caches\8.2\fileHashes)" [_thread_blocked, id=7344, stack(0x0000002819200000,0x0000002819300000)]
  0x0000016e171b47f0 JavaThread "Cache worker for file content cache (C:\Users\Obaid\.gradle\caches\8.2\fileContent)" [_thread_blocked, id=3912, stack(0x0000002819600000,0x0000002819700000)]
  0x0000016e171affc0 JavaThread "File watcher server" daemon [_thread_in_native, id=14632, stack(0x0000002819a00000,0x0000002819b00000)]
  0x0000016e171ad940 JavaThread "File watcher consumer" daemon [_thread_blocked, id=4352, stack(0x0000002819b00000,0x0000002819c00000)]
  0x0000016e171ade10 JavaThread "Cache worker for execution history cache (C:\Users\Obaid\.gradle\caches\8.2\executionHistory)" [_thread_blocked, id=12660, stack(0x0000002819e00000,0x0000002819f00000)]
  0x0000016e1b414da0 JavaThread "Memory manager" [_thread_blocked, id=12864, stack(0x000000281a200000,0x000000281a300000)]
  0x0000016e1a84ae40 JavaThread "Daemon Thread 2" [_thread_blocked, id=14804, stack(0x0000002815c00000,0x0000002815d00000)]
  0x0000016e17375840 JavaThread "Handler for socket connection from /127.0.0.1:57353 to /127.0.0.1:57518" [_thread_in_native, id=13144, stack(0x0000002815d00000,0x0000002815e00000)]
  0x0000016e1a2de4f0 JavaThread "Cancel handler" [_thread_blocked, id=5848, stack(0x0000002815e00000,0x0000002815f00000)]
  0x0000016e1a2dee90 JavaThread "Daemon worker Thread 2" [_thread_in_Java, id=12748, stack(0x0000002817000000,0x0000002817100000)]
  0x0000016e18e012e0 JavaThread "Asynchronous log dispatcher for DefaultDaemonConnection: socket connection from /127.0.0.1:57353 to /127.0.0.1:57518" [_thread_blocked, id=1520, stack(0x0000002817100000,0x0000002817200000)]
  0x0000016e18e017b0 JavaThread "Stdin handler" [_thread_blocked, id=8096, stack(0x0000002817200000,0x0000002817300000)]
  0x0000016e18e02af0 JavaThread "Daemon client event forwarder" [_thread_blocked, id=9152, stack(0x0000002817500000,0x0000002817600000)]
  0x0000016e18e03490 JavaThread "Cache worker for file hash cache (C:\Users\Obaid\Downloads\lawnchair_guru_and_onescreen\lawnchair\lawnchair\.gradle\8.2\fileHashes)" [_thread_blocked, id=14816, stack(0x0000002817600000,0x0000002817700000)]
=>0x0000016e16f66820 JavaThread "C2 CompilerThread1" daemon [_thread_in_native, id=7976, stack(0x0000002817700000,0x0000002817800000)]
  0x0000016e18e01c80 JavaThread "Cache worker for checksums cache (C:\Users\Obaid\Downloads\lawnchair_guru_and_onescreen\lawnchair\lawnchair\.gradle\8.2\checksums)" [_thread_blocked, id=11656, stack(0x0000002818700000,0x0000002818800000)]
  0x0000016e173766b0 JavaThread "Cache worker for cache directory md-rule (C:\Users\Obaid\.gradle\caches\8.2\md-rule)" [_thread_blocked, id=11948, stack(0x0000002818800000,0x0000002818900000)]
  0x0000016e17376b80 JavaThread "Cache worker for cache directory md-supplier (C:\Users\Obaid\.gradle\caches\8.2\md-supplier)" [_thread_blocked, id=10228, stack(0x0000002818900000,0x0000002818a00000)]
  0x0000016e173761e0 JavaThread "jar transforms" [_thread_blocked, id=11220, stack(0x0000002818a00000,0x0000002818b00000)]
  0x0000016e17377050 JavaThread "jar transforms Thread 2" [_thread_blocked, id=9412, stack(0x0000002818b00000,0x0000002818c00000)]
  0x0000016e16f69ac0 JavaThread "C1 CompilerThread1" daemon [_thread_blocked, id=7348, stack(0x0000002818c00000,0x0000002818d00000)]
  0x0000016e1bbf6080 JavaThread "jar transforms Thread 3" [_thread_blocked, id=12880, stack(0x0000002819300000,0x0000002819400000)]
  0x0000016e1bbf73c0 JavaThread "Unconstrained build operations" [_thread_blocked, id=12224, stack(0x0000002819400000,0x0000002819500000)]
  0x0000016e1e233880 JavaThread "jar transforms Thread 4" [_thread_blocked, id=12280, stack(0x0000002819500000,0x0000002819600000)]
  0x0000016e1e233d50 JavaThread "jar transforms Thread 5" [_thread_blocked, id=13228, stack(0x0000002819700000,0x0000002819800000)]
  0x0000016e1e234bc0 JavaThread "Configuration cache report writer" [_thread_blocked, id=6376, stack(0x0000002819800000,0x0000002819900000)]
  0x0000016e1e234220 JavaThread "gradle-enterprise-worker-1" [_thread_blocked, id=12960, stack(0x0000002819900000,0x0000002819a00000)]
  0x0000016e1e2333b0 JavaThread "jar transforms Thread 6" [_thread_blocked, id=356, stack(0x0000002819c00000,0x0000002819d00000)]
  0x0000016e1e2346f0 JavaThread "Cache worker for dependencies-accessors (C:\Users\Obaid\Downloads\lawnchair_guru_and_onescreen\lawnchair\lawnchair\.gradle\8.2\dependencies-accessors)" [_thread_blocked, id=11880, stack(0x0000002819d00000,0x0000002819e00000)]
  0x0000016e1751c0b0 JavaThread "jar transforms Thread 7" [_thread_blocked, id=748, stack(0x0000002819f00000,0x000000281a000000)]
  0x0000016e1751c580 JavaThread "Cache worker for Build Output Cleanup Cache (C:\Users\Obaid\Downloads\lawnchair_guru_and_onescreen\lawnchair\lawnchair\.gradle\buildOutputCleanup)" [_thread_blocked, id=13716, stack(0x000000281a000000,0x000000281a100000)]
  0x0000016e16f6b410 JavaThread "C1 CompilerThread2" daemon [_thread_blocked, id=6436, stack(0x000000281a100000,0x000000281a200000)]
  0x0000016e16f67c60 JavaThread "C1 CompilerThread3" daemon [_thread_blocked, id=10092, stack(0x000000281a300000,0x000000281a400000)]
  0x0000016e140bf970 JavaThread "Unconstrained build operations Thread 2" [_thread_blocked, id=12484, stack(0x000000281a400000,0x000000281a500000)]
  0x0000016e140beb00 JavaThread "Unconstrained build operations Thread 3" [_thread_blocked, id=2308, stack(0x000000281a500000,0x000000281a600000)]
  0x0000016e140c1ff0 JavaThread "Unconstrained build operations Thread 4" [_thread_blocked, id=11804, stack(0x000000281a600000,0x000000281a700000)]
  0x0000016e140c0cb0 JavaThread "Unconstrained build operations Thread 5" [_thread_blocked, id=13900, stack(0x000000281a700000,0x000000281a800000)]
  0x0000016e140befd0 JavaThread "Unconstrained build operations Thread 6" [_thread_blocked, id=1376, stack(0x000000281a800000,0x000000281a900000)]
  0x0000016e140bfe40 JavaThread "Unconstrained build operations Thread 7" [_thread_blocked, id=10640, stack(0x000000281a900000,0x000000281aa00000)]
  0x0000016e140c0310 JavaThread "Unconstrained build operations Thread 8" [_thread_blocked, id=2348, stack(0x000000281aa00000,0x000000281ab00000)]
  0x0000016e140bf4a0 JavaThread "Unconstrained build operations Thread 9" [_thread_blocked, id=8980, stack(0x000000281ab00000,0x000000281ac00000)]
  0x0000016e140c24c0 JavaThread "Unconstrained build operations Thread 10" [_thread_blocked, id=2664, stack(0x000000281ac00000,0x000000281ad00000)]
  0x0000016e140c1b20 JavaThread "Unconstrained build operations Thread 11" [_thread_blocked, id=11944, stack(0x000000281ad00000,0x000000281ae00000)]
  0x0000016e140c1180 JavaThread "Unconstrained build operations Thread 12" [_thread_blocked, id=4396, stack(0x000000281ae00000,0x000000281af00000)]
  0x0000016e140c07e0 JavaThread "Unconstrained build operations Thread 13" [_thread_blocked, id=12508, stack(0x000000281af00000,0x000000281b000000)]
  0x0000016e140c1650 JavaThread "Unconstrained build operations Thread 14" [_thread_blocked, id=11460, stack(0x000000281b000000,0x000000281b100000)]
  0x0000016e14558540 JavaThread "Unconstrained build operations Thread 15" [_thread_blocked, id=12368, stack(0x000000281b100000,0x000000281b200000)]
  0x0000016e193693e0 JavaThread "Unconstrained build operations Thread 16" [_thread_blocked, id=5532, stack(0x000000281b200000,0x000000281b300000)]
  0x0000016e18e03960 JavaThread "jar transforms Thread 8" [_thread_blocked, id=6360, stack(0x000000281b300000,0x000000281b400000)]
  0x0000016e18e00940 JavaThread "jar transforms Thread 9" [_thread_blocked, id=11796, stack(0x000000281b400000,0x000000281b500000)]
  0x0000016e18e03e30 JavaThread "jar transforms Thread 10" [_thread_blocked, id=2936, stack(0x000000281b500000,0x000000281b600000)]
  0x0000016e1455ba30 JavaThread "jar transforms Thread 11" [_thread_blocked, id=6692, stack(0x000000281b600000,0x000000281b700000)]
  0x0000016e14559880 JavaThread "jar transforms Thread 12" [_thread_blocked, id=13216, stack(0x000000281b700000,0x000000281b800000)]
  0x0000016e1455abc0 JavaThread "jar transforms Thread 13" [_thread_blocked, id=5196, stack(0x000000281b800000,0x000000281b900000)]
  0x0000016e14558a10 JavaThread "jar transforms Thread 14" [_thread_blocked, id=7568, stack(0x000000281b900000,0x000000281ba00000)]
  0x0000016e14559d50 JavaThread "jar transforms Thread 15" [_thread_blocked, id=4464, stack(0x000000281ba00000,0x000000281bb00000)]
  0x0000016e1455b090 JavaThread "jar transforms Thread 16" [_thread_blocked, id=3996, stack(0x000000281bb00000,0x000000281bc00000)]
  0x0000016e14a3c2e0 JavaThread "build event listener" [_thread_blocked, id=7320, stack(0x000000281bc00000,0x000000281bd00000)]
  0x0000016e1a84c650 JavaThread "Exec process Thread 4" [_thread_blocked, id=8488, stack(0x0000002818600000,0x0000002818700000)]
  0x0000016e19368f10 JavaThread "Exec process Thread 5" [_thread_blocked, id=376, stack(0x000000281bd00000,0x000000281be00000)]
  0x0000016e19368570 JavaThread "Exec process Thread 6" [_thread_blocked, id=6180, stack(0x000000281be00000,0x000000281bf00000)]

Other Threads:
  0x0000016e7f3fa730 VMThread "VM Thread" [stack: 0x0000002816500000,0x0000002816600000] [id=1112]
  0x0000016e72e8f970 WatcherThread [stack: 0x0000002817400000,0x0000002817500000] [id=3600]
  0x0000016e72e654c0 GCTaskThread "GC Thread#0" [stack: 0x0000002816000000,0x0000002816100000] [id=15352]
  0x0000016e14f26790 GCTaskThread "GC Thread#1" [stack: 0x0000002817800000,0x0000002817900000] [id=9136]
  0x0000016e14f26a40 GCTaskThread "GC Thread#2" [stack: 0x0000002817900000,0x0000002817a00000] [id=14764]
  0x0000016e14f26cf0 GCTaskThread "GC Thread#3" [stack: 0x0000002817a00000,0x0000002817b00000] [id=11624]
  0x0000016e14f26fa0 GCTaskThread "GC Thread#4" [stack: 0x0000002817b00000,0x0000002817c00000] [id=12616]
  0x0000016e14ba1510 GCTaskThread "GC Thread#5" [stack: 0x0000002817c00000,0x0000002817d00000] [id=13592]
  0x0000016e14ba1fd0 GCTaskThread "GC Thread#6" [stack: 0x0000002817d00000,0x0000002817e00000] [id=7620]
  0x0000016e14ba2680 GCTaskThread "GC Thread#7" [stack: 0x0000002817e00000,0x0000002817f00000] [id=5284]
  0x0000016e1469cb40 GCTaskThread "GC Thread#8" [stack: 0x0000002817f00000,0x0000002818000000] [id=13960]
  0x0000016e1469d5d0 GCTaskThread "GC Thread#9" [stack: 0x0000002818000000,0x0000002818100000] [id=11760]
  0x0000016e1469dc50 GCTaskThread "GC Thread#10" [stack: 0x0000002818100000,0x0000002818200000] [id=4716]
  0x0000016e1469df00 GCTaskThread "GC Thread#11" [stack: 0x0000002818200000,0x0000002818300000] [id=12420]
  0x0000016e1701b040 GCTaskThread "GC Thread#12" [stack: 0x0000002818d00000,0x0000002818e00000] [id=12688]
  0x0000016e72e76310 ConcurrentGCThread "G1 Main Marker" [stack: 0x0000002816100000,0x0000002816200000] [id=13588]
  0x0000016e72e77c40 ConcurrentGCThread "G1 Conc#0" [stack: 0x0000002816200000,0x0000002816300000] [id=10536]
  0x0000016e1701a2d0 ConcurrentGCThread "G1 Conc#1" [stack: 0x0000002818e00000,0x0000002818f00000] [id=13252]
  0x0000016e1701b2f0 ConcurrentGCThread "G1 Conc#2" [stack: 0x0000002818f00000,0x0000002819000000] [id=2428]
  0x0000016e7f26ce20 ConcurrentGCThread "G1 Refine#0" [stack: 0x0000002816300000,0x0000002816400000] [id=9480]
  0x0000016e7f26d5f0 ConcurrentGCThread "G1 Service" [stack: 0x0000002816400000,0x0000002816500000] [id=4668]

Threads with active compile tasks:
C2 CompilerThread0   430746 18387       4       org.codehaus.groovy.reflection.stdclasses.CachedSAMClass::getAbstractMethods (122 bytes)
C2 CompilerThread1   430746 18248   !   4       org.gradle.internal.metaobject.BeanDynamicObject$MetaClassAdapter::lookupProperty (47 bytes)

VM state: not at safepoint (normal execution)

VM Mutex/Monitor currently owned by a thread: None

Heap address: 0x0000000700000000, size: 4096 MB, Compressed Oops mode: Zero based, Oop shift amount: 3

CDS archive(s) not mapped
Compressed class space mapped at: 0x0000000800000000-0x0000000840000000, reserved size: 1073741824
Narrow klass base: 0x0000000800000000, Narrow klass shift: 0, Narrow klass range: 0x40000000

GC Precious Log:
 CPUs: 16 total, 16 available
 Memory: 32435M
 Large Page Support: Disabled
 NUMA Support: Disabled
 Compressed Oops: Enabled (Zero based)
 Heap Region Size: 2M
 Heap Min Capacity: 8M
 Heap Initial Capacity: 508M
 Heap Max Capacity: 4G
 Pre-touch: Disabled
 Parallel Workers: 13
 Concurrent Workers: 3
 Concurrent Refinement Workers: 13
 Periodic GC: Disabled

Heap:
 garbage-first heap   total 356352K, used 267457K [0x0000000700000000, 0x0000000800000000)
  region size 2048K, 53 young (108544K), 5 survivors (10240K)
 Metaspace       used 118730K, committed 119872K, reserved 1155072K
  class space    used 16849K, committed 17408K, reserved 1048576K

Heap Regions: E=young(eden), S=young(survivor), O=old, HS=humongous(starts), HC=humongous(continues), CS=collection set, F=free, OA=open archive, CA=closed archive, TAMS=top-at-mark-start (previous, next)
|   0|0x0000000700000000, 0x0000000700200000, 0x0000000700200000|100%|HS|  |TAMS 0x0000000700200000, 0x0000000700000000| Complete 
|   1|0x0000000700200000, 0x0000000700400000, 0x0000000700400000|100%|HC|  |TAMS 0x0000000700400000, 0x0000000700200000| Complete 
|   2|0x0000000700400000, 0x0000000700600000, 0x0000000700600000|100%| O|  |TAMS 0x0000000700600000, 0x0000000700400000| Untracked 
|   3|0x0000000700600000, 0x0000000700800000, 0x0000000700800000|100%| O|  |TAMS 0x0000000700800000, 0x0000000700600000| Untracked 
|   4|0x0000000700800000, 0x0000000700a00000, 0x0000000700a00000|100%| O|  |TAMS 0x0000000700a00000, 0x0000000700800000| Untracked 
|   5|0x0000000700a00000, 0x0000000700c00000, 0x0000000700c00000|100%| O|  |TAMS 0x0000000700c00000, 0x0000000700a00000| Untracked 
|   6|0x0000000700c00000, 0x0000000700e00000, 0x0000000700e00000|100%| O|  |TAMS 0x0000000700e00000, 0x0000000700c00000| Untracked 
|   7|0x0000000700e00000, 0x0000000701000000, 0x0000000701000000|100%| O|  |TAMS 0x0000000701000000, 0x0000000700e00000| Untracked 
|   8|0x0000000701000000, 0x0000000701200000, 0x0000000701200000|100%| O|  |TAMS 0x0000000701200000, 0x0000000701000000| Untracked 
|   9|0x0000000701200000, 0x0000000701400000, 0x0000000701400000|100%| O|  |TAMS 0x0000000701400000, 0x0000000701200000| Untracked 
|  10|0x0000000701400000, 0x0000000701600000, 0x0000000701600000|100%| O|  |TAMS 0x0000000701600000, 0x0000000701400000| Untracked 
|  11|0x0000000701600000, 0x0000000701800000, 0x0000000701800000|100%| O|  |TAMS 0x0000000701800000, 0x0000000701600000| Untracked 
|  12|0x0000000701800000, 0x0000000701a00000, 0x0000000701a00000|100%| O|  |TAMS 0x0000000701a00000, 0x0000000701800000| Untracked 
|  13|0x0000000701a00000, 0x0000000701c00000, 0x0000000701c00000|100%| O|  |TAMS 0x0000000701c00000, 0x0000000701a00000| Untracked 
|  14|0x0000000701c00000, 0x0000000701e00000, 0x0000000701e00000|100%| O|  |TAMS 0x0000000701e00000, 0x0000000701c00000| Untracked 
|  15|0x0000000701e00000, 0x0000000702000000, 0x0000000702000000|100%|HS|  |TAMS 0x0000000702000000, 0x0000000701e00000| Complete 
|  16|0x0000000702000000, 0x0000000702200000, 0x0000000702200000|100%|HS|  |TAMS 0x0000000702200000, 0x0000000702000000| Complete 
|  17|0x0000000702200000, 0x0000000702400000, 0x0000000702400000|100%|HC|  |TAMS 0x0000000702400000, 0x0000000702200000| Complete 
|  18|0x0000000702400000, 0x0000000702600000, 0x0000000702600000|100%|HS|  |TAMS 0x0000000702600000, 0x0000000702400000| Complete 
|  19|0x0000000702600000, 0x0000000702800000, 0x0000000702800000|100%|HS|  |TAMS 0x0000000702800000, 0x0000000702600000| Complete 
|  20|0x0000000702800000, 0x0000000702a00000, 0x0000000702a00000|100%|HC|  |TAMS 0x0000000702a00000, 0x0000000702800000| Complete 
|  21|0x0000000702a00000, 0x0000000702c00000, 0x0000000702c00000|100%| O|  |TAMS 0x0000000702c00000, 0x0000000702a00000| Untracked 
|  22|0x0000000702c00000, 0x0000000702e00000, 0x0000000702e00000|100%| O|  |TAMS 0x0000000702e00000, 0x0000000702c00000| Untracked 
|  23|0x0000000702e00000, 0x0000000703000000, 0x0000000703000000|100%| O|  |TAMS 0x0000000703000000, 0x0000000702e00000| Complete 
|  24|0x0000000703000000, 0x0000000703200000, 0x0000000703200000|100%| O|  |TAMS 0x0000000703200000, 0x0000000703000000| Untracked 
|  25|0x0000000703200000, 0x0000000703400000, 0x0000000703400000|100%| O|  |TAMS 0x0000000703400000, 0x0000000703200000| Untracked 
|  26|0x0000000703400000, 0x0000000703600000, 0x0000000703600000|100%| O|  |TAMS 0x0000000703600000, 0x0000000703400000| Untracked 
|  27|0x0000000703600000, 0x0000000703800000, 0x0000000703800000|100%| O|  |TAMS 0x0000000703800000, 0x0000000703600000| Untracked 
|  28|0x0000000703800000, 0x0000000703a00000, 0x0000000703a00000|100%| O|  |TAMS 0x0000000703a00000, 0x0000000703800000| Untracked 
|  29|0x0000000703a00000, 0x0000000703c00000, 0x0000000703c00000|100%| O|  |TAMS 0x0000000703c00000, 0x0000000703a00000| Untracked 
|  30|0x0000000703c00000, 0x0000000703e00000, 0x0000000703e00000|100%| O|  |TAMS 0x0000000703e00000, 0x0000000703c00000| Untracked 
|  31|0x0000000703e00000, 0x0000000704000000, 0x0000000704000000|100%| O|  |TAMS 0x0000000704000000, 0x0000000703e00000| Untracked 
|  32|0x0000000704000000, 0x0000000704200000, 0x0000000704200000|100%| O|  |TAMS 0x0000000704200000, 0x0000000704000000| Untracked 
|  33|0x0000000704200000, 0x0000000704400000, 0x0000000704400000|100%| O|  |TAMS 0x0000000704400000, 0x0000000704200000| Untracked 
|  34|0x0000000704400000, 0x0000000704600000, 0x0000000704600000|100%| O|  |TAMS 0x0000000704600000, 0x0000000704400000| Untracked 
|  35|0x0000000704600000, 0x0000000704800000, 0x0000000704800000|100%| O|  |TAMS 0x0000000704800000, 0x0000000704600000| Untracked 
|  36|0x0000000704800000, 0x0000000704a00000, 0x0000000704a00000|100%| O|  |TAMS 0x0000000704a00000, 0x0000000704800000| Untracked 
|  37|0x0000000704a00000, 0x0000000704a00000, 0x0000000704c00000|  0%| F|  |TAMS 0x0000000704a00000, 0x0000000704a00000| Untracked 
|  38|0x0000000704c00000, 0x0000000704e00000, 0x0000000704e00000|100%| O|  |TAMS 0x0000000704e00000, 0x0000000704c00000| Untracked 
|  39|0x0000000704e00000, 0x0000000705000000, 0x0000000705000000|100%| O|  |TAMS 0x0000000705000000, 0x0000000704e00000| Untracked 
|  40|0x0000000705000000, 0x0000000705200000, 0x0000000705200000|100%| O|  |TAMS 0x0000000705200000, 0x0000000705000000| Untracked 
|  41|0x0000000705200000, 0x0000000705400000, 0x0000000705400000|100%| O|  |TAMS 0x0000000705400000, 0x0000000705200000| Untracked 
|  42|0x0000000705400000, 0x0000000705600000, 0x0000000705600000|100%| O|  |TAMS 0x0000000705600000, 0x0000000705400000| Untracked 
|  43|0x0000000705600000, 0x0000000705746200, 0x0000000705800000| 63%| O|  |TAMS 0x0000000705746200, 0x0000000705600000| Untracked 
|  44|0x0000000705800000, 0x0000000705800000, 0x0000000705a00000|  0%| F|  |TAMS 0x0000000705800000, 0x0000000705800000| Untracked 
|  45|0x0000000705a00000, 0x0000000705c00000, 0x0000000705c00000|100%| O|  |TAMS 0x0000000705c00000, 0x0000000705a00000| Untracked 
|  46|0x0000000705c00000, 0x0000000705e00000, 0x0000000705e00000|100%| O|  |TAMS 0x0000000705e00000, 0x0000000705c00000| Untracked 
|  47|0x0000000705e00000, 0x0000000706000000, 0x0000000706000000|100%| O|  |TAMS 0x0000000706000000, 0x0000000705e00000| Untracked 
|  48|0x0000000706000000, 0x0000000706200000, 0x0000000706200000|100%| O|  |TAMS 0x0000000706200000, 0x0000000706000000| Untracked 
|  49|0x0000000706200000, 0x0000000706400000, 0x0000000706400000|100%| O|  |TAMS 0x0000000706400000, 0x0000000706200000| Untracked 
|  50|0x0000000706400000, 0x0000000706600000, 0x0000000706600000|100%| O|  |TAMS 0x0000000706600000, 0x0000000706400000| Untracked 
|  51|0x0000000706600000, 0x0000000706800000, 0x0000000706800000|100%| O|  |TAMS 0x0000000706800000, 0x0000000706600000| Untracked 
|  52|0x0000000706800000, 0x0000000706a00000, 0x0000000706a00000|100%| O|  |TAMS 0x0000000706a00000, 0x0000000706800000| Untracked 
|  53|0x0000000706a00000, 0x0000000706a00000, 0x0000000706c00000|  0%| F|  |TAMS 0x0000000706a00000, 0x0000000706a00000| Untracked 
|  54|0x0000000706c00000, 0x0000000706e00000, 0x0000000706e00000|100%| O|  |TAMS 0x0000000706e00000, 0x0000000706c00000| Untracked 
|  55|0x0000000706e00000, 0x0000000707000000, 0x0000000707000000|100%| O|  |TAMS 0x0000000707000000, 0x0000000706e00000| Complete 
|  56|0x0000000707000000, 0x0000000707200000, 0x0000000707200000|100%| O|  |TAMS 0x0000000707200000, 0x0000000707000000| Untracked 
|  57|0x0000000707200000, 0x0000000707400000, 0x0000000707400000|100%| O|  |TAMS 0x0000000707400000, 0x0000000707200000| Untracked 
|  58|0x0000000707400000, 0x0000000707600000, 0x0000000707600000|100%| O|  |TAMS 0x0000000707600000, 0x0000000707400000| Untracked 
|  59|0x0000000707600000, 0x0000000707800000, 0x0000000707800000|100%| O|  |TAMS 0x0000000707800000, 0x0000000707600000| Untracked 
|  60|0x0000000707800000, 0x0000000707a00000, 0x0000000707a00000|100%| O|  |TAMS 0x0000000707a00000, 0x0000000707800000| Untracked 
|  61|0x0000000707a00000, 0x0000000707c00000, 0x0000000707c00000|100%| O|  |TAMS 0x0000000707c00000, 0x0000000707a00000| Untracked 
|  62|0x0000000707c00000, 0x0000000707c00000, 0x0000000707e00000|  0%| F|  |TAMS 0x0000000707c00000, 0x0000000707c00000| Untracked 
|  63|0x0000000707e00000, 0x0000000708000000, 0x0000000708000000|100%| O|  |TAMS 0x0000000708000000, 0x0000000707e00000| Untracked 
|  64|0x0000000708000000, 0x0000000708200000, 0x0000000708200000|100%| O|  |TAMS 0x0000000708200000, 0x0000000708000000| Untracked 
|  65|0x0000000708200000, 0x0000000708400000, 0x0000000708400000|100%| O|  |TAMS 0x0000000708400000, 0x0000000708200000| Untracked 
|  66|0x0000000708400000, 0x0000000708600000, 0x0000000708600000|100%| O|  |TAMS 0x0000000708600000, 0x0000000708400000| Untracked 
|  67|0x0000000708600000, 0x0000000708800000, 0x0000000708800000|100%| O|  |TAMS 0x0000000708800000, 0x0000000708600000| Untracked 
|  68|0x0000000708800000, 0x0000000708a00000, 0x0000000708a00000|100%| O|  |TAMS 0x0000000708a00000, 0x0000000708800000| Untracked 
|  69|0x0000000708a00000, 0x0000000708c00000, 0x0000000708c00000|100%| O|  |TAMS 0x0000000708c00000, 0x0000000708a00000| Untracked 
|  70|0x0000000708c00000, 0x0000000708e00000, 0x0000000708e00000|100%| O|  |TAMS 0x0000000708e00000, 0x0000000708c00000| Untracked 
|  71|0x0000000708e00000, 0x0000000709000000, 0x0000000709000000|100%| O|  |TAMS 0x0000000709000000, 0x0000000708e00000| Untracked 
|  72|0x0000000709000000, 0x0000000709200000, 0x0000000709200000|100%| O|  |TAMS 0x0000000709200000, 0x0000000709000000| Untracked 
|  73|0x0000000709200000, 0x0000000709400000, 0x0000000709400000|100%| O|  |TAMS 0x0000000709400000, 0x0000000709200000| Untracked 
|  74|0x0000000709400000, 0x0000000709600000, 0x0000000709600000|100%| O|  |TAMS 0x0000000709600000, 0x0000000709400000| Untracked 
|  75|0x0000000709600000, 0x0000000709800000, 0x0000000709800000|100%| O|  |TAMS 0x0000000709800000, 0x0000000709600000| Untracked 
|  76|0x0000000709800000, 0x0000000709a00000, 0x0000000709a00000|100%| O|  |TAMS 0x0000000709a00000, 0x0000000709800000| Untracked 
|  77|0x0000000709a00000, 0x0000000709c00000, 0x0000000709c00000|100%| O|  |TAMS 0x0000000709c00000, 0x0000000709a00000| Untracked 
|  78|0x0000000709c00000, 0x0000000709e00000, 0x0000000709e00000|100%| O|  |TAMS 0x0000000709e00000, 0x0000000709c00000| Untracked 
|  79|0x0000000709e00000, 0x000000070a000000, 0x000000070a000000|100%| O|  |TAMS 0x000000070a000000, 0x0000000709e00000| Untracked 
|  80|0x000000070a000000, 0x000000070a200000, 0x000000070a200000|100%| O|  |TAMS 0x000000070a200000, 0x000000070a000000| Untracked 
|  81|0x000000070a200000, 0x000000070a400000, 0x000000070a400000|100%| O|  |TAMS 0x000000070a400000, 0x000000070a200000| Untracked 
|  82|0x000000070a400000, 0x000000070a600000, 0x000000070a600000|100%| O|  |TAMS 0x000000070a600000, 0x000000070a400000| Untracked 
|  83|0x000000070a600000, 0x000000070a600000, 0x000000070a800000|  0%| F|  |TAMS 0x000000070a600000, 0x000000070a600000| Untracked 
|  84|0x000000070a800000, 0x000000070a800000, 0x000000070aa00000|  0%| F|  |TAMS 0x000000070a800000, 0x000000070a800000| Untracked 
|  85|0x000000070aa00000, 0x000000070aa00000, 0x000000070ac00000|  0%| F|  |TAMS 0x000000070aa00000, 0x000000070aa00000| Untracked 
|  86|0x000000070ac00000, 0x000000070ac00000, 0x000000070ae00000|  0%| F|  |TAMS 0x000000070ac00000, 0x000000070ac00000| Untracked 
|  87|0x000000070ae00000, 0x000000070ae00000, 0x000000070b000000|  0%| F|  |TAMS 0x000000070ae00000, 0x000000070ae00000| Untracked 
|  88|0x000000070b000000, 0x000000070b000000, 0x000000070b200000|  0%| F|  |TAMS 0x000000070b000000, 0x000000070b000000| Untracked 
|  89|0x000000070b200000, 0x000000070b200000, 0x000000070b400000|  0%| F|  |TAMS 0x000000070b200000, 0x000000070b200000| Untracked 
|  90|0x000000070b400000, 0x000000070b400000, 0x000000070b600000|  0%| F|  |TAMS 0x000000070b400000, 0x000000070b400000| Untracked 
|  91|0x000000070b600000, 0x000000070b600000, 0x000000070b800000|  0%| F|  |TAMS 0x000000070b600000, 0x000000070b600000| Untracked 
|  92|0x000000070b800000, 0x000000070b800000, 0x000000070ba00000|  0%| F|  |TAMS 0x000000070b800000, 0x000000070b800000| Untracked 
|  93|0x000000070ba00000, 0x000000070ba00000, 0x000000070bc00000|  0%| F|  |TAMS 0x000000070ba00000, 0x000000070ba00000| Untracked 
|  94|0x000000070bc00000, 0x000000070bc00000, 0x000000070be00000|  0%| F|  |TAMS 0x000000070bc00000, 0x000000070bc00000| Untracked 
|  95|0x000000070be00000, 0x000000070be00000, 0x000000070c000000|  0%| F|  |TAMS 0x000000070be00000, 0x000000070be00000| Untracked 
|  96|0x000000070c000000, 0x000000070c000000, 0x000000070c200000|  0%| F|  |TAMS 0x000000070c000000, 0x000000070c000000| Untracked 
|  97|0x000000070c200000, 0x000000070c200000, 0x000000070c400000|  0%| F|  |TAMS 0x000000070c200000, 0x000000070c200000| Untracked 
|  98|0x000000070c400000, 0x000000070c400000, 0x000000070c600000|  0%| F|  |TAMS 0x000000070c400000, 0x000000070c400000| Untracked 
|  99|0x000000070c600000, 0x000000070c600000, 0x000000070c800000|  0%| F|  |TAMS 0x000000070c600000, 0x000000070c600000| Untracked 
| 100|0x000000070c800000, 0x000000070c800000, 0x000000070ca00000|  0%| F|  |TAMS 0x000000070c800000, 0x000000070c800000| Untracked 
| 101|0x000000070ca00000, 0x000000070ca00000, 0x000000070cc00000|  0%| F|  |TAMS 0x000000070ca00000, 0x000000070ca00000| Untracked 
| 102|0x000000070cc00000, 0x000000070cc00000, 0x000000070ce00000|  0%| F|  |TAMS 0x000000070cc00000, 0x000000070cc00000| Untracked 
| 103|0x000000070ce00000, 0x000000070ce00000, 0x000000070d000000|  0%| F|  |TAMS 0x000000070ce00000, 0x000000070ce00000| Untracked 
| 104|0x000000070d000000, 0x000000070d000000, 0x000000070d200000|  0%| F|  |TAMS 0x000000070d000000, 0x000000070d000000| Untracked 
| 105|0x000000070d200000, 0x000000070d200000, 0x000000070d400000|  0%| F|  |TAMS 0x000000070d200000, 0x000000070d200000| Untracked 
| 106|0x000000070d400000, 0x000000070d5ea500, 0x000000070d600000| 95%| S|CS|TAMS 0x000000070d400000, 0x000000070d400000| Complete 
| 107|0x000000070d600000, 0x000000070d800000, 0x000000070d800000|100%| S|CS|TAMS 0x000000070d600000, 0x000000070d600000| Complete 
| 108|0x000000070d800000, 0x000000070da00000, 0x000000070da00000|100%| S|CS|TAMS 0x000000070d800000, 0x000000070d800000| Complete 
| 109|0x000000070da00000, 0x000000070dc00000, 0x000000070dc00000|100%| S|CS|TAMS 0x000000070da00000, 0x000000070da00000| Complete 
| 110|0x000000070dc00000, 0x000000070de00000, 0x000000070de00000|100%| S|CS|TAMS 0x000000070dc00000, 0x000000070dc00000| Complete 
| 111|0x000000070de00000, 0x000000070de00000, 0x000000070e000000|  0%| F|  |TAMS 0x000000070de00000, 0x000000070de00000| Untracked 
| 112|0x000000070e000000, 0x000000070e000000, 0x000000070e200000|  0%| F|  |TAMS 0x000000070e000000, 0x000000070e000000| Untracked 
| 113|0x000000070e200000, 0x000000070e200000, 0x000000070e400000|  0%| F|  |TAMS 0x000000070e200000, 0x000000070e200000| Untracked 
| 114|0x000000070e400000, 0x000000070e400000, 0x000000070e600000|  0%| F|  |TAMS 0x000000070e400000, 0x000000070e400000| Untracked 
| 115|0x000000070e600000, 0x000000070e600000, 0x000000070e800000|  0%| F|  |TAMS 0x000000070e600000, 0x000000070e600000| Untracked 
| 116|0x000000070e800000, 0x000000070e800000, 0x000000070ea00000|  0%| F|  |TAMS 0x000000070e800000, 0x000000070e800000| Untracked 
| 117|0x000000070ea00000, 0x000000070ea00000, 0x000000070ec00000|  0%| F|  |TAMS 0x000000070ea00000, 0x000000070ea00000| Untracked 
| 118|0x000000070ec00000, 0x000000070ec00000, 0x000000070ee00000|  0%| F|  |TAMS 0x000000070ec00000, 0x000000070ec00000| Untracked 
| 119|0x000000070ee00000, 0x000000070ee00000, 0x000000070f000000|  0%| F|  |TAMS 0x000000070ee00000, 0x000000070ee00000| Untracked 
| 120|0x000000070f000000, 0x000000070f000000, 0x000000070f200000|  0%| F|  |TAMS 0x000000070f000000, 0x000000070f000000| Untracked 
| 121|0x000000070f200000, 0x000000070f200000, 0x000000070f400000|  0%| F|  |TAMS 0x000000070f200000, 0x000000070f200000| Untracked 
| 122|0x000000070f400000, 0x000000070f400000, 0x000000070f600000|  0%| F|  |TAMS 0x000000070f400000, 0x000000070f400000| Untracked 
| 123|0x000000070f600000, 0x000000070f600000, 0x000000070f800000|  0%| F|  |TAMS 0x000000070f600000, 0x000000070f600000| Untracked 
| 124|0x000000070f800000, 0x000000070f800000, 0x000000070fa00000|  0%| F|  |TAMS 0x000000070f800000, 0x000000070f800000| Untracked 
| 125|0x000000070fa00000, 0x000000070fa00000, 0x000000070fc00000|  0%| F|  |TAMS 0x000000070fa00000, 0x000000070fa00000| Untracked 
| 126|0x000000070fc00000, 0x000000070fd00800, 0x000000070fe00000| 50%| E|  |TAMS 0x000000070fc00000, 0x000000070fc00000| Complete 
| 127|0x000000070fe00000, 0x0000000710000000, 0x0000000710000000|100%| E|CS|TAMS 0x000000070fe00000, 0x000000070fe00000| Complete 
| 128|0x0000000710000000, 0x0000000710200000, 0x0000000710200000|100%| E|CS|TAMS 0x0000000710000000, 0x0000000710000000| Complete 
| 129|0x0000000710200000, 0x0000000710400000, 0x0000000710400000|100%| E|CS|TAMS 0x0000000710200000, 0x0000000710200000| Complete 
| 130|0x0000000710400000, 0x0000000710600000, 0x0000000710600000|100%| E|CS|TAMS 0x0000000710400000, 0x0000000710400000| Complete 
| 131|0x0000000710600000, 0x0000000710800000, 0x0000000710800000|100%| E|CS|TAMS 0x0000000710600000, 0x0000000710600000| Complete 
| 132|0x0000000710800000, 0x0000000710a00000, 0x0000000710a00000|100%| E|CS|TAMS 0x0000000710800000, 0x0000000710800000| Complete 
| 133|0x0000000710a00000, 0x0000000710c00000, 0x0000000710c00000|100%| E|CS|TAMS 0x0000000710a00000, 0x0000000710a00000| Complete 
| 134|0x0000000710c00000, 0x0000000710e00000, 0x0000000710e00000|100%| E|CS|TAMS 0x0000000710c00000, 0x0000000710c00000| Complete 
| 135|0x0000000710e00000, 0x0000000711000000, 0x0000000711000000|100%| E|CS|TAMS 0x0000000710e00000, 0x0000000710e00000| Complete 
| 136|0x0000000711000000, 0x0000000711200000, 0x0000000711200000|100%| E|CS|TAMS 0x0000000711000000, 0x0000000711000000| Complete 
| 137|0x0000000711200000, 0x0000000711400000, 0x0000000711400000|100%| E|CS|TAMS 0x0000000711200000, 0x0000000711200000| Complete 
| 138|0x0000000711400000, 0x0000000711600000, 0x0000000711600000|100%| E|CS|TAMS 0x0000000711400000, 0x0000000711400000| Complete 
| 139|0x0000000711600000, 0x0000000711800000, 0x0000000711800000|100%| E|CS|TAMS 0x0000000711600000, 0x0000000711600000| Complete 
| 140|0x0000000711800000, 0x0000000711a00000, 0x0000000711a00000|100%| E|CS|TAMS 0x0000000711800000, 0x0000000711800000| Complete 
| 141|0x0000000711a00000, 0x0000000711c00000, 0x0000000711c00000|100%| E|CS|TAMS 0x0000000711a00000, 0x0000000711a00000| Complete 
| 142|0x0000000711c00000, 0x0000000711e00000, 0x0000000711e00000|100%| E|CS|TAMS 0x0000000711c00000, 0x0000000711c00000| Complete 
| 143|0x0000000711e00000, 0x0000000712000000, 0x0000000712000000|100%| E|CS|TAMS 0x0000000711e00000, 0x0000000711e00000| Complete 
| 144|0x0000000712000000, 0x0000000712200000, 0x0000000712200000|100%| E|CS|TAMS 0x0000000712000000, 0x0000000712000000| Complete 
| 145|0x0000000712200000, 0x0000000712400000, 0x0000000712400000|100%| E|CS|TAMS 0x0000000712200000, 0x0000000712200000| Complete 
| 146|0x0000000712400000, 0x0000000712600000, 0x0000000712600000|100%| E|CS|TAMS 0x0000000712400000, 0x0000000712400000| Complete 
| 147|0x0000000712600000, 0x0000000712800000, 0x0000000712800000|100%| E|CS|TAMS 0x0000000712600000, 0x0000000712600000| Complete 
| 148|0x0000000712800000, 0x0000000712a00000, 0x0000000712a00000|100%| E|CS|TAMS 0x0000000712800000, 0x0000000712800000| Complete 
| 149|0x0000000712a00000, 0x0000000712c00000, 0x0000000712c00000|100%| E|CS|TAMS 0x0000000712a00000, 0x0000000712a00000| Complete 
| 150|0x0000000712c00000, 0x0000000712e00000, 0x0000000712e00000|100%| E|CS|TAMS 0x0000000712c00000, 0x0000000712c00000| Complete 
| 151|0x0000000712e00000, 0x0000000713000000, 0x0000000713000000|100%| E|CS|TAMS 0x0000000712e00000, 0x0000000712e00000| Complete 
| 152|0x0000000713000000, 0x0000000713200000, 0x0000000713200000|100%| E|CS|TAMS 0x0000000713000000, 0x0000000713000000| Complete 
| 153|0x0000000713200000, 0x0000000713400000, 0x0000000713400000|100%| E|CS|TAMS 0x0000000713200000, 0x0000000713200000| Complete 
| 154|0x0000000713400000, 0x0000000713600000, 0x0000000713600000|100%| E|CS|TAMS 0x0000000713400000, 0x0000000713400000| Complete 
| 155|0x0000000713600000, 0x0000000713800000, 0x0000000713800000|100%| E|CS|TAMS 0x0000000713600000, 0x0000000713600000| Complete 
| 156|0x0000000713800000, 0x0000000713a00000, 0x0000000713a00000|100%| E|CS|TAMS 0x0000000713800000, 0x0000000713800000| Complete 
| 157|0x0000000713a00000, 0x0000000713c00000, 0x0000000713c00000|100%| E|CS|TAMS 0x0000000713a00000, 0x0000000713a00000| Complete 
| 158|0x0000000713c00000, 0x0000000713e00000, 0x0000000713e00000|100%| E|CS|TAMS 0x0000000713c00000, 0x0000000713c00000| Complete 
| 159|0x0000000713e00000, 0x0000000714000000, 0x0000000714000000|100%| E|CS|TAMS 0x0000000713e00000, 0x0000000713e00000| Complete 
| 160|0x0000000714000000, 0x0000000714200000, 0x0000000714200000|100%| E|CS|TAMS 0x0000000714000000, 0x0000000714000000| Complete 
| 161|0x0000000714200000, 0x0000000714400000, 0x0000000714400000|100%| E|CS|TAMS 0x0000000714200000, 0x0000000714200000| Complete 
| 162|0x0000000714400000, 0x0000000714600000, 0x0000000714600000|100%| E|CS|TAMS 0x0000000714400000, 0x0000000714400000| Complete 
| 163|0x0000000714600000, 0x0000000714800000, 0x0000000714800000|100%| E|CS|TAMS 0x0000000714600000, 0x0000000714600000| Complete 
| 164|0x0000000714800000, 0x0000000714a00000, 0x0000000714a00000|100%| E|CS|TAMS 0x0000000714800000, 0x0000000714800000| Complete 
| 165|0x0000000714a00000, 0x0000000714c00000, 0x0000000714c00000|100%| E|CS|TAMS 0x0000000714a00000, 0x0000000714a00000| Complete 
| 166|0x0000000714c00000, 0x0000000714e00000, 0x0000000714e00000|100%| E|CS|TAMS 0x0000000714c00000, 0x0000000714c00000| Complete 
| 167|0x0000000714e00000, 0x0000000715000000, 0x0000000715000000|100%| E|CS|TAMS 0x0000000714e00000, 0x0000000714e00000| Complete 
| 168|0x0000000715000000, 0x0000000715200000, 0x0000000715200000|100%| E|CS|TAMS 0x0000000715000000, 0x0000000715000000| Complete 
| 169|0x0000000715200000, 0x0000000715400000, 0x0000000715400000|100%| E|CS|TAMS 0x0000000715200000, 0x0000000715200000| Complete 
| 170|0x0000000715400000, 0x0000000715600000, 0x0000000715600000|100%| E|CS|TAMS 0x0000000715400000, 0x0000000715400000| Complete 
| 171|0x0000000715600000, 0x0000000715800000, 0x0000000715800000|100%| E|CS|TAMS 0x0000000715600000, 0x0000000715600000| Complete 
| 172|0x0000000715800000, 0x0000000715a00000, 0x0000000715a00000|100%| E|CS|TAMS 0x0000000715800000, 0x0000000715800000| Complete 
| 253|0x000000071fa00000, 0x000000071fc00000, 0x000000071fc00000|100%| E|CS|TAMS 0x000000071fa00000, 0x000000071fa00000| Complete 

Card table byte_map: [0x0000016e77340000,0x0000016e77b40000] _byte_map_base: 0x0000016e73b40000

Marking Bits (Prev, Next): (CMBitMap*) 0x0000016e72e659e0, (CMBitMap*) 0x0000016e72e65a20
 Prev Bits: [0x0000016e78340000, 0x0000016e7c340000)
 Next Bits: [0x0000016e0f000000, 0x0000016e13000000)

Polling page: 0x0000016e70d20000

Metaspace:

Usage:
  Non-class:     99.50 MB used.
      Class:     16.46 MB used.
       Both:    115.96 MB used.

Virtual space:
  Non-class space:      104.00 MB reserved,     100.06 MB ( 96%) committed,  13 nodes.
      Class space:        1.00 GB reserved,      17.00 MB (  2%) committed,  1 nodes.
             Both:        1.10 GB reserved,     117.06 MB ( 10%) committed. 

Chunk freelists:
   Non-Class:  3.70 MB
       Class:  3.05 MB
        Both:  6.75 MB

MaxMetaspaceSize: unlimited
CompressedClassSpaceSize: 1.00 GB
Initial GC threshold: 21.00 MB
Current GC threshold: 192.62 MB
CDS: off
MetaspaceReclaimPolicy: balanced
 - commit_granule_bytes: 65536.
 - commit_granule_words: 8192.
 - virtual_space_node_default_size: 1048576.
 - enlarge_chunks_in_place: 1.
 - new_chunks_are_fully_committed: 0.
 - uncommit_free_chunks: 1.
 - use_allocation_guard: 0.
 - handle_deallocations: 1.


Internal statistics:

num_allocs_failed_limit: 9.
num_arena_births: 2018.
num_arena_deaths: 46.
num_vsnodes_births: 14.
num_vsnodes_deaths: 0.
num_space_committed: 1873.
num_space_uncommitted: 0.
num_chunks_returned_to_freelist: 78.
num_chunks_taken_from_freelist: 7329.
num_chunk_merges: 27.
num_chunk_splits: 4265.
num_chunks_enlarged: 2247.
num_purges: 4.
num_inconsistent_stats: 0.

CodeHeap 'non-profiled nmethods': size=119168Kb used=11271Kb max_used=11271Kb free=107896Kb
 bounds [0x0000016e07ba0000, 0x0000016e086b0000, 0x0000016e0f000000]
CodeHeap 'profiled nmethods': size=119104Kb used=30394Kb max_used=30394Kb free=88709Kb
 bounds [0x0000016e00000000, 0x0000016e01db0000, 0x0000016e07450000]
CodeHeap 'non-nmethods': size=7488Kb used=4173Kb max_used=4226Kb free=3314Kb
 bounds [0x0000016e07450000, 0x0000016e078e0000, 0x0000016e07ba0000]
 total_blobs=16337 nmethods=15308 adapters=936
 compilation: enabled
              stopped_count=0, restarted_count=0
 full_count=0

Compilation events (20 events):
Event: 430.714 Thread 0x0000016e7f4689c0 18309       4       org.gradle.internal.service.DefaultServiceRegistry::get (44 bytes)
Event: 430.719 Thread 0x0000016e16f69ac0 18314       1       org.gradle.api.plugins.HelpTasksPlugin$Inject::publicType (3 bytes)
Event: 430.719 Thread 0x0000016e16f6b410 18315       1       org.gradle.buildinit.plugins.BuildInitPlugin$Inject::publicType (3 bytes)
Event: 430.719 Thread 0x0000016e16f67c60 18316       1       org.gradle.buildinit.plugins.WrapperPlugin$Inject::publicType (3 bytes)
Event: 430.719 Thread 0x0000016e7f4692c0 18317       1       org.gradle.language.base.plugins.LifecycleBasePlugin$Inject::publicType (3 bytes)
Event: 430.719 Thread 0x0000016e16f69ac0 nmethod 18314 0x0000016e0869ae10 code [0x0000016e0869afa0, 0x0000016e0869b078]
Event: 430.719 Thread 0x0000016e16f6b410 nmethod 18315 0x0000016e0869b110 code [0x0000016e0869b2a0, 0x0000016e0869b378]
Event: 430.720 Thread 0x0000016e16f67c60 nmethod 18316 0x0000016e0869b410 code [0x0000016e0869b5a0, 0x0000016e0869b678]
Event: 430.720 Thread 0x0000016e16f69ac0 18318       1       org.gradle.api.plugins.BasePlugin$Inject::publicType (3 bytes)
Event: 430.720 Thread 0x0000016e16f6b410 18319       1       org.gradle.api.plugins.JvmEcosystemPlugin$Inject::publicType (3 bytes)
Event: 430.720 Thread 0x0000016e7f4692c0 nmethod 18317 0x0000016e0869b710 code [0x0000016e0869b8a0, 0x0000016e0869b978]
Event: 430.720 Thread 0x0000016e16f67c60 18320       1       org.gradle.api.plugins.ReportingBasePlugin$Inject::publicType (3 bytes)
Event: 430.720 Thread 0x0000016e7f4692c0 18321       1       org.gradle.api.plugins.JvmToolchainsPlugin$Inject::publicType (3 bytes)
Event: 430.720 Thread 0x0000016e16f69ac0 nmethod 18318 0x0000016e0869ba10 code [0x0000016e0869bba0, 0x0000016e0869bc78]
Event: 430.720 Thread 0x0000016e16f67c60 nmethod 18320 0x0000016e0869bd10 code [0x0000016e0869bea0, 0x0000016e0869bf78]
Event: 430.720 Thread 0x0000016e16f6b410 nmethod 18319 0x0000016e0869c010 code [0x0000016e0869c1a0, 0x0000016e0869c278]
Event: 430.720 Thread 0x0000016e7f4692c0 nmethod 18321 0x0000016e0869c310 code [0x0000016e0869c4a0, 0x0000016e0869c578]
Event: 430.721 Thread 0x0000016e7f4689c0 nmethod 18309 0x0000016e0869c610 code [0x0000016e0869c840, 0x0000016e0869d2d0]
Event: 430.723 Thread 0x0000016e7f4689c0 18322       4       java.io.FilterOutputStream::flush (8 bytes)
Event: 430.723 Thread 0x0000016e7f4689c0 nmethod 18322 0x0000016e0869dc10 code [0x0000016e0869dd80, 0x0000016e0869de18]

GC Heap History (20 events):
Event: 425.421 GC heap before
{Heap before GC invocations=27 (full 0):
 garbage-first heap   total 296960K, used 202970K [0x0000000700000000, 0x0000000800000000)
  region size 2048K, 37 young (75776K), 5 survivors (10240K)
 Metaspace       used 86320K, committed 87232K, reserved 1130496K
  class space    used 12269K, committed 12672K, reserved 1048576K
}
Event: 425.425 GC heap after
{Heap after GC invocations=28 (full 0):
 garbage-first heap   total 296960K, used 147479K [0x0000000700000000, 0x0000000800000000)
  region size 2048K, 3 young (6144K), 3 survivors (6144K)
 Metaspace       used 86320K, committed 87232K, reserved 1130496K
  class space    used 12269K, committed 12672K, reserved 1048576K
}
Event: 426.484 GC heap before
{Heap before GC invocations=29 (full 0):
 garbage-first heap   total 296960K, used 243735K [0x0000000700000000, 0x0000000800000000)
  region size 2048K, 49 young (100352K), 3 survivors (6144K)
 Metaspace       used 93678K, committed 94528K, reserved 1130496K
  class space    used 13341K, committed 13760K, reserved 1048576K
}
Event: 426.489 GC heap after
{Heap after GC invocations=30 (full 0):
 garbage-first heap   total 296960K, used 154423K [0x0000000700000000, 0x0000000800000000)
  region size 2048K, 7 young (14336K), 7 survivors (14336K)
 Metaspace       used 93678K, committed 94528K, reserved 1130496K
  class space    used 13341K, committed 13760K, reserved 1048576K
}
Event: 426.496 GC heap before
{Heap before GC invocations=30 (full 0):
 garbage-first heap   total 296960K, used 156471K [0x0000000700000000, 0x0000000800000000)
  region size 2048K, 8 young (16384K), 7 survivors (14336K)
 Metaspace       used 93705K, committed 94528K, reserved 1130496K
  class space    used 13341K, committed 13760K, reserved 1048576K
}
Event: 426.500 GC heap after
{Heap after GC invocations=31 (full 0):
 garbage-first heap   total 296960K, used 154606K [0x0000000700000000, 0x0000000800000000)
  region size 2048K, 1 young (2048K), 1 survivors (2048K)
 Metaspace       used 93705K, committed 94528K, reserved 1130496K
  class space    used 13341K, committed 13760K, reserved 1048576K
}
Event: 427.076 GC heap before
{Heap before GC invocations=31 (full 0):
 garbage-first heap   total 296960K, used 240622K [0x0000000700000000, 0x0000000800000000)
  region size 2048K, 44 young (90112K), 1 survivors (2048K)
 Metaspace       used 98498K, committed 99392K, reserved 1138688K
  class space    used 13960K, committed 14400K, reserved 1048576K
}
Event: 427.079 GC heap after
{Heap after GC invocations=32 (full 0):
 garbage-first heap   total 296960K, used 157883K [0x0000000700000000, 0x0000000800000000)
  region size 2048K, 3 young (6144K), 3 survivors (6144K)
 Metaspace       used 98498K, committed 99392K, reserved 1138688K
  class space    used 13960K, committed 14400K, reserved 1048576K
}
Event: 427.763 GC heap before
{Heap before GC invocations=33 (full 0):
 garbage-first heap   total 296960K, used 241851K [0x0000000700000000, 0x0000000800000000)
  region size 2048K, 45 young (92160K), 3 survivors (6144K)
 Metaspace       used 103899K, committed 104832K, reserved 1138688K
  class space    used 14659K, committed 15104K, reserved 1048576K
}
Event: 427.766 GC heap after
{Heap after GC invocations=34 (full 0):
 garbage-first heap   total 296960K, used 161957K [0x0000000700000000, 0x0000000800000000)
  region size 2048K, 5 young (10240K), 5 survivors (10240K)
 Metaspace       used 103899K, committed 104832K, reserved 1138688K
  class space    used 14659K, committed 15104K, reserved 1048576K
}
Event: 427.791 GC heap before
{Heap before GC invocations=34 (full 0):
 garbage-first heap   total 296960K, used 166053K [0x0000000700000000, 0x0000000800000000)
  region size 2048K, 7 young (14336K), 5 survivors (10240K)
 Metaspace       used 104176K, committed 105152K, reserved 1146880K
  class space    used 14698K, committed 15168K, reserved 1048576K
}
Event: 427.796 GC heap after
{Heap after GC invocations=35 (full 0):
 garbage-first heap   total 296960K, used 149417K [0x0000000700000000, 0x0000000800000000)
  region size 2048K, 1 young (2048K), 1 survivors (2048K)
 Metaspace       used 104176K, committed 105152K, reserved 1146880K
  class space    used 14698K, committed 15168K, reserved 1048576K
}
Event: 428.533 GC heap before
{Heap before GC invocations=35 (full 0):
 garbage-first heap   total 296960K, used 243625K [0x0000000700000000, 0x0000000800000000)
  region size 2048K, 47 young (96256K), 1 survivors (2048K)
 Metaspace       used 106005K, committed 107072K, reserved 1146880K
  class space    used 14970K, committed 15488K, reserved 1048576K
}
Event: 428.537 GC heap after
{Heap after GC invocations=36 (full 0):
 garbage-first heap   total 296960K, used 155897K [0x0000000700000000, 0x0000000800000000)
  region size 2048K, 4 young (8192K), 4 survivors (8192K)
 Metaspace       used 106005K, committed 107072K, reserved 1146880K
  class space    used 14970K, committed 15488K, reserved 1048576K
}
Event: 429.139 GC heap before
{Heap before GC invocations=37 (full 0):
 garbage-first heap   total 296960K, used 243961K [0x0000000700000000, 0x0000000800000000)
  region size 2048K, 47 young (96256K), 4 survivors (8192K)
 Metaspace       used 108495K, committed 109568K, reserved 1146880K
  class space    used 15294K, committed 15808K, reserved 1048576K
}
Event: 429.144 GC heap after
{Heap after GC invocations=38 (full 0):
 garbage-first heap   total 296960K, used 163921K [0x0000000700000000, 0x0000000800000000)
  region size 2048K, 4 young (8192K), 4 survivors (8192K)
 Metaspace       used 108495K, committed 109568K, reserved 1146880K
  class space    used 15294K, committed 15808K, reserved 1048576K
}
Event: 429.179 GC heap before
{Heap before GC invocations=38 (full 0):
 garbage-first heap   total 296960K, used 170065K [0x0000000700000000, 0x0000000800000000)
  region size 2048K, 7 young (14336K), 4 survivors (8192K)
 Metaspace       used 108520K, committed 109568K, reserved 1146880K
  class space    used 15294K, committed 15808K, reserved 1048576K
}
Event: 429.183 GC heap after
{Heap after GC invocations=39 (full 0):
 garbage-first heap   total 356352K, used 163013K [0x0000000700000000, 0x0000000800000000)
  region size 2048K, 1 young (2048K), 1 survivors (2048K)
 Metaspace       used 108520K, committed 109568K, reserved 1146880K
  class space    used 15294K, committed 15808K, reserved 1048576K
}
Event: 430.229 GC heap before
{Heap before GC invocations=39 (full 0):
 garbage-first heap   total 356352K, used 289989K [0x0000000700000000, 0x0000000800000000)
  region size 2048K, 63 young (129024K), 1 survivors (2048K)
 Metaspace       used 117188K, committed 118208K, reserved 1155072K
  class space    used 16627K, committed 17152K, reserved 1048576K
}
Event: 430.233 GC heap after
{Heap after GC invocations=40 (full 0):
 garbage-first heap   total 356352K, used 171201K [0x0000000700000000, 0x0000000800000000)
  region size 2048K, 5 young (10240K), 5 survivors (10240K)
 Metaspace       used 117188K, committed 118208K, reserved 1155072K
  class space    used 16627K, committed 17152K, reserved 1048576K
}

Dll operation events (3 events):
Event: 0.009 Loaded shared library C:\Program Files\Android\Android Studio\jbr\bin\java.dll
Event: 0.089 Loaded shared library C:\Program Files\Android\Android Studio\jbr\bin\zip.dll
Event: 0.280 Loaded shared library C:\Program Files\Android\Android Studio\jbr\bin\verify.dll

Deoptimization events (20 events):
Event: 430.675 Thread 0x0000016e1a2dee90 DEOPT PACKING pc=0x0000016e08692350 sp=0x00000028170f57a0
Event: 430.675 Thread 0x0000016e1a2dee90 DEOPT UNPACKING pc=0x0000016e074a69a3 sp=0x00000028170f5748 mode 2
Event: 430.677 Thread 0x0000016e1a2dee90 Uncommon trap: trap_request=0xffffffbe fr.pc=0x0000016e0863ef50 relative=0x0000000000000330
Event: 430.677 Thread 0x0000016e1a2dee90 Uncommon trap: reason=profile_predicate action=maybe_recompile pc=0x0000016e0863ef50 method=java.util.AbstractCollection.remove(Ljava/lang/Object;)Z @ 35 c2
Event: 430.677 Thread 0x0000016e1a2dee90 DEOPT PACKING pc=0x0000016e0863ef50 sp=0x00000028170f5870
Event: 430.677 Thread 0x0000016e1a2dee90 DEOPT UNPACKING pc=0x0000016e074a69a3 sp=0x00000028170f5840 mode 2
Event: 430.677 Thread 0x0000016e1a2dee90 Uncommon trap: trap_request=0xffffffbe fr.pc=0x0000016e0863ef50 relative=0x0000000000000330
Event: 430.677 Thread 0x0000016e1a2dee90 Uncommon trap: reason=profile_predicate action=maybe_recompile pc=0x0000016e0863ef50 method=java.util.AbstractCollection.remove(Ljava/lang/Object;)Z @ 35 c2
Event: 430.677 Thread 0x0000016e1a2dee90 DEOPT PACKING pc=0x0000016e0863ef50 sp=0x00000028170f5870
Event: 430.677 Thread 0x0000016e1a2dee90 DEOPT UNPACKING pc=0x0000016e074a69a3 sp=0x00000028170f5840 mode 2
Event: 430.679 Thread 0x0000016e1a2dee90 DEOPT PACKING pc=0x0000016e01d4d4e4 sp=0x00000028170f57a0
Event: 430.679 Thread 0x0000016e1a2dee90 DEOPT UNPACKING pc=0x0000016e074a7143 sp=0x00000028170f4c38 mode 0
Event: 430.685 Thread 0x0000016e1a2dee90 DEOPT PACKING pc=0x0000016e01d4d4e4 sp=0x00000028170f6000
Event: 430.685 Thread 0x0000016e1a2dee90 DEOPT UNPACKING pc=0x0000016e074a7143 sp=0x00000028170f5498 mode 0
Event: 430.693 Thread 0x0000016e1a2dee90 DEOPT PACKING pc=0x0000016e01d4d4e4 sp=0x00000028170f6000
Event: 430.693 Thread 0x0000016e1a2dee90 DEOPT UNPACKING pc=0x0000016e074a7143 sp=0x00000028170f5498 mode 0
Event: 430.694 Thread 0x0000016e1a2dee90 Uncommon trap: trap_request=0xffffffbe fr.pc=0x0000016e0863ef50 relative=0x0000000000000330
Event: 430.694 Thread 0x0000016e1a2dee90 Uncommon trap: reason=profile_predicate action=maybe_recompile pc=0x0000016e0863ef50 method=java.util.AbstractCollection.remove(Ljava/lang/Object;)Z @ 35 c2
Event: 430.694 Thread 0x0000016e1a2dee90 DEOPT PACKING pc=0x0000016e0863ef50 sp=0x00000028170f5fe0
Event: 430.694 Thread 0x0000016e1a2dee90 DEOPT UNPACKING pc=0x0000016e074a69a3 sp=0x00000028170f5fb0 mode 2

Classes unloaded (20 events):
Event: 6.174 Thread 0x0000016e7f3fa730 Unloading class 0x0000000800a84c00 'java/lang/invoke/LambdaForm$DMH+0x0000000800a84c00'
Event: 6.174 Thread 0x0000016e7f3fa730 Unloading class 0x0000000800a84000 'java/lang/invoke/LambdaForm$DMH+0x0000000800a84000'
Event: 6.174 Thread 0x0000016e7f3fa730 Unloading class 0x0000000800a62400 'java/lang/invoke/LambdaForm$DMH+0x0000000800a62400'
Event: 6.174 Thread 0x0000016e7f3fa730 Unloading class 0x0000000800a62800 'java/lang/invoke/LambdaForm$DMH+0x0000000800a62800'
Event: 6.174 Thread 0x0000016e7f3fa730 Unloading class 0x0000000800a61c00 'java/lang/invoke/LambdaForm$DMH+0x0000000800a61c00'
Event: 6.174 Thread 0x0000016e7f3fa730 Unloading class 0x0000000800a61800 'java/lang/invoke/LambdaForm$DMH+0x0000000800a61800'
Event: 6.174 Thread 0x0000016e7f3fa730 Unloading class 0x0000000800a62000 'java/lang/invoke/LambdaForm$DMH+0x0000000800a62000'
Event: 6.174 Thread 0x0000016e7f3fa730 Unloading class 0x0000000800a61400 'java/lang/invoke/LambdaForm$DMH+0x0000000800a61400'
Event: 6.174 Thread 0x0000016e7f3fa730 Unloading class 0x0000000800a61000 'java/lang/invoke/LambdaForm$DMH+0x0000000800a61000'
Event: 6.174 Thread 0x0000016e7f3fa730 Unloading class 0x0000000800a14400 'java/lang/invoke/LambdaForm$MH+0x0000000800a14400'
Event: 6.174 Thread 0x0000016e7f3fa730 Unloading class 0x0000000800a0d400 'java/lang/invoke/LambdaForm$DMH+0x0000000800a0d400'
Event: 6.174 Thread 0x0000016e7f3fa730 Unloading class 0x0000000800a0cc00 'java/lang/invoke/LambdaForm$DMH+0x0000000800a0cc00'
Event: 6.174 Thread 0x0000016e7f3fa730 Unloading class 0x0000000800a0c400 'java/lang/invoke/LambdaForm$DMH+0x0000000800a0c400'
Event: 6.174 Thread 0x0000016e7f3fa730 Unloading class 0x0000000800958400 'java/lang/invoke/LambdaForm$MH+0x0000000800958400'
Event: 6.174 Thread 0x0000016e7f3fa730 Unloading class 0x0000000800958000 'java/lang/invoke/LambdaForm$MH+0x0000000800958000'
Event: 6.174 Thread 0x0000016e7f3fa730 Unloading class 0x0000000800955c00 'java/lang/invoke/LambdaForm$MH+0x0000000800955c00'
Event: 6.174 Thread 0x0000016e7f3fa730 Unloading class 0x0000000800955000 'java/lang/invoke/LambdaForm$DMH+0x0000000800955000'
Event: 6.174 Thread 0x0000016e7f3fa730 Unloading class 0x0000000800954c00 'java/lang/invoke/LambdaForm$DMH+0x0000000800954c00'
Event: 6.174 Thread 0x0000016e7f3fa730 Unloading class 0x0000000800954400 'java/lang/invoke/LambdaForm$DMH+0x0000000800954400'
Event: 425.472 Thread 0x0000016e7f3fa730 Unloading class 0x0000000800ad0400 'jdk/internal/reflect/GeneratedSerializationConstructorAccessor364'

Classes redefined (0 events):
No events

Internal exceptions (20 events):
Event: 430.662 Thread 0x0000016e1a2dee90 Exception <a 'java/lang/ClassNotFoundException'{0x000000071093a108}: com/google/protobuf/gradle/GenerateProtoTask$PluginOptionsCustomizer> (0x000000071093a108) 
thrown [s\src\hotspot\share\classfile\systemDictionary.cpp, line 256]
Event: 430.662 Thread 0x0000016e1a2dee90 Exception <a 'java/lang/ClassNotFoundException'{0x000000071095e4a0}: com/google/protobuf/gradle/GenerateProtoTask$PluginOptions_DecoratedCustomizer> (0x000000071095e4a0) 
thrown [s\src\hotspot\share\classfile\systemDictionary.cpp, line 256]
Event: 430.674 Thread 0x0000016e1a2dee90 Exception <a 'java/lang/reflect/InvocationTargetException'{0x000000071063a190}> (0x000000071063a190) 
thrown [s\src\hotspot\share\runtime\reflection.cpp, line 1127]
Event: 430.674 Thread 0x0000016e1a2dee90 Exception <a 'java/lang/reflect/InvocationTargetException'{0x000000071063e200}> (0x000000071063e200) 
thrown [s\src\hotspot\share\runtime\reflection.cpp, line 1127]
Event: 430.676 Thread 0x0000016e1a2dee90 Exception <a 'java/lang/reflect/InvocationTargetException'{0x000000071065fdd0}> (0x000000071065fdd0) 
thrown [s\src\hotspot\share\runtime\reflection.cpp, line 1127]
Event: 430.676 Thread 0x0000016e1a2dee90 Exception <a 'java/lang/reflect/InvocationTargetException'{0x0000000710663e40}> (0x0000000710663e40) 
thrown [s\src\hotspot\share\runtime\reflection.cpp, line 1127]
Event: 430.678 Thread 0x0000016e1a2dee90 Exception <a 'java/lang/reflect/InvocationTargetException'{0x000000071067b838}> (0x000000071067b838) 
thrown [s\src\hotspot\share\runtime\reflection.cpp, line 1127]
Event: 430.678 Thread 0x0000016e1a2dee90 Exception <a 'java/lang/reflect/InvocationTargetException'{0x000000071067f8a8}> (0x000000071067f8a8) 
thrown [s\src\hotspot\share\runtime\reflection.cpp, line 1127]
Event: 430.679 Thread 0x0000016e1a2dee90 Exception <a 'java/lang/reflect/InvocationTargetException'{0x0000000710697258}> (0x0000000710697258) 
thrown [s\src\hotspot\share\runtime\reflection.cpp, line 1127]
Event: 430.679 Thread 0x0000016e1a2dee90 Exception <a 'java/lang/reflect/InvocationTargetException'{0x000000071069b2c8}> (0x000000071069b2c8) 
thrown [s\src\hotspot\share\runtime\reflection.cpp, line 1127]
Event: 430.680 Thread 0x0000016e1a2dee90 Exception <a 'java/lang/reflect/InvocationTargetException'{0x00000007106b52c8}> (0x00000007106b52c8) 
thrown [s\src\hotspot\share\runtime\reflection.cpp, line 1127]
Event: 430.680 Thread 0x0000016e1a2dee90 Exception <a 'java/lang/reflect/InvocationTargetException'{0x00000007106b9338}> (0x00000007106b9338) 
thrown [s\src\hotspot\share\runtime\reflection.cpp, line 1127]
Event: 430.681 Thread 0x0000016e1a2dee90 Exception <a 'java/lang/reflect/InvocationTargetException'{0x00000007106d3318}> (0x00000007106d3318) 
thrown [s\src\hotspot\share\runtime\reflection.cpp, line 1127]
Event: 430.681 Thread 0x0000016e1a2dee90 Exception <a 'java/lang/reflect/InvocationTargetException'{0x00000007106d7388}> (0x00000007106d7388) 
thrown [s\src\hotspot\share\runtime\reflection.cpp, line 1127]
Event: 430.683 Thread 0x0000016e1a2dee90 Exception <a 'java/lang/reflect/InvocationTargetException'{0x00000007106f66f0}> (0x00000007106f66f0) 
thrown [s\src\hotspot\share\runtime\reflection.cpp, line 1127]
Event: 430.683 Thread 0x0000016e1a2dee90 Exception <a 'java/lang/reflect/InvocationTargetException'{0x00000007106fcec0}> (0x00000007106fcec0) 
thrown [s\src\hotspot\share\runtime\reflection.cpp, line 1127]
Event: 430.715 Thread 0x0000016e1a2dee90 Exception <a 'java/lang/ClassNotFoundException'{0x00000007105edef0}: com/google/gradle/osdetector/OsDetector_DecoratedBeanInfo> (0x00000007105edef0) 
thrown [s\src\hotspot\share\classfile\systemDictionary.cpp, line 256]
Event: 430.715 Thread 0x0000016e1a2dee90 Exception <a 'java/lang/ClassNotFoundException'{0x00000007105fe4c8}: com/google/gradle/osdetector/OsDetectorBeanInfo> (0x00000007105fe4c8) 
thrown [s\src\hotspot\share\classfile\systemDictionary.cpp, line 256]
Event: 430.715 Thread 0x0000016e1a2dee90 Exception <a 'java/lang/ClassNotFoundException'{0x000000071022b098}: com/google/gradle/osdetector/OsDetectorCustomizer> (0x000000071022b098) 
thrown [s\src\hotspot\share\classfile\systemDictionary.cpp, line 256]
Event: 430.716 Thread 0x0000016e1a2dee90 Exception <a 'java/lang/ClassNotFoundException'{0x0000000710243f38}: com/google/gradle/osdetector/OsDetector_DecoratedCustomizer> (0x0000000710243f38) 
thrown [s\src\hotspot\share\classfile\systemDictionary.cpp, line 256]

VM Operations (20 events):
Event: 429.561 Executing VM operation: HandshakeAllThreads
Event: 429.561 Executing VM operation: HandshakeAllThreads done
Event: 429.736 Executing VM operation: HandshakeAllThreads
Event: 429.736 Executing VM operation: HandshakeAllThreads done
Event: 430.103 Executing VM operation: ICBufferFull
Event: 430.103 Executing VM operation: ICBufferFull done
Event: 430.229 Executing VM operation: G1CollectForAllocation
Event: 430.233 Executing VM operation: G1CollectForAllocation done
Event: 430.286 Executing VM operation: G1Concurrent
Event: 430.291 Executing VM operation: G1Concurrent done
Event: 430.316 Executing VM operation: G1Concurrent
Event: 430.316 Executing VM operation: G1Concurrent done
Event: 430.519 Executing VM operation: ICBufferFull
Event: 430.519 Executing VM operation: ICBufferFull done
Event: 430.659 Executing VM operation: HandshakeAllThreads
Event: 430.660 Executing VM operation: HandshakeAllThreads done
Event: 430.666 Executing VM operation: HandshakeAllThreads
Event: 430.666 Executing VM operation: HandshakeAllThreads done
Event: 430.668 Executing VM operation: HandshakeAllThreads
Event: 430.668 Executing VM operation: HandshakeAllThreads done

Events (20 events):
Event: 429.064 Thread 0x0000016e7f46a360 flushing nmethod 0x0000016e00039490
Event: 429.064 Thread 0x0000016e7f46a360 flushing nmethod 0x0000016e0017eb90
Event: 429.065 Thread 0x0000016e7f46a360 flushing nmethod 0x0000016e002d1190
Event: 429.065 Thread 0x0000016e7f46a360 flushing nmethod 0x0000016e002d2290
Event: 429.065 Thread 0x0000016e7f46a360 flushing nmethod 0x0000016e002da190
Event: 429.065 Thread 0x0000016e7f46a360 flushing nmethod 0x0000016e00335790
Event: 429.065 Thread 0x0000016e7f46a360 flushing nmethod 0x0000016e003a7b90
Event: 429.065 Thread 0x0000016e7f46a360 flushing nmethod 0x0000016e003ad510
Event: 429.066 Thread 0x0000016e7f46a360 flushing nmethod 0x0000016e0068f090
Event: 429.067 Thread 0x0000016e7f46a360 flushing nmethod 0x0000016e0072b390
Event: 429.067 Thread 0x0000016e7f46a360 flushing nmethod 0x0000016e0072b810
Event: 429.067 Thread 0x0000016e7f46a360 flushing nmethod 0x0000016e0072c210
Event: 429.067 Thread 0x0000016e7f46a360 flushing nmethod 0x0000016e00741210
Event: 429.067 Thread 0x0000016e7f46a360 flushing nmethod 0x0000016e007d0410
Event: 429.068 Thread 0x0000016e7f46a360 flushing nmethod 0x0000016e00abd310
Event: 429.068 Thread 0x0000016e7f46a360 flushing nmethod 0x0000016e00b17a90
Event: 429.070 Thread 0x0000016e7f46a360 flushing nmethod 0x0000016e00ec7910
Event: 429.071 Thread 0x0000016e7f46a360 flushing nmethod 0x0000016e012dd510
Event: 430.632 loading class java/util/AbstractList$SubList$1
Event: 430.632 loading class java/util/AbstractList$SubList$1 done


Dynamic libraries:
0x00007ff784310000 - 0x00007ff78431a000 	C:\Program Files\Android\Android Studio\jbr\bin\java.exe
0x00007ff8a36b0000 - 0x00007ff8a38c4000 	C:\Windows\SYSTEM32\ntdll.dll
0x00007ff8a1db0000 - 0x00007ff8a1e72000 	C:\Windows\System32\KERNEL32.DLL
0x00007ff8a0c80000 - 0x00007ff8a1023000 	C:\Windows\System32\KERNELBASE.dll
0x00007ff8a1200000 - 0x00007ff8a1311000 	C:\Windows\System32\ucrtbase.dll
0x00007ff85d120000 - 0x00007ff85d137000 	C:\Program Files\Android\Android Studio\jbr\bin\jli.dll
0x00007ff8a3430000 - 0x00007ff8a35da000 	C:\Windows\System32\USER32.dll
0x00007ff85d1f0000 - 0x00007ff85d20b000 	C:\Program Files\Android\Android Studio\jbr\bin\VCRUNTIME140.dll
0x00007ff8a0ab0000 - 0x00007ff8a0ad6000 	C:\Windows\System32\win32u.dll
0x00007ff8a1d80000 - 0x00007ff8a1da9000 	C:\Windows\System32\GDI32.dll
0x00007ff89fcc0000 - 0x00007ff89ff4e000 	C:\Windows\WinSxS\amd64_microsoft.windows.common-controls_6595b64144ccf1df_6.0.22621.1635_none_270f70857386168e\COMCTL32.dll
0x00007ff8a0ae0000 - 0x00007ff8a0bf9000 	C:\Windows\System32\gdi32full.dll
0x00007ff8a2860000 - 0x00007ff8a2907000 	C:\Windows\System32\msvcrt.dll
0x00007ff8a10a0000 - 0x00007ff8a113a000 	C:\Windows\System32\msvcp_win.dll
0x00007ff8a35e0000 - 0x00007ff8a3611000 	C:\Windows\System32\IMM32.DLL
0x00007ff86ac40000 - 0x00007ff86ac4c000 	C:\Program Files\Android\Android Studio\jbr\bin\vcruntime140_1.dll
0x00007ff823720000 - 0x00007ff8237ad000 	C:\Program Files\Android\Android Studio\jbr\bin\msvcp140.dll
0x00007ff842790000 - 0x00007ff8433fd000 	C:\Program Files\Android\Android Studio\jbr\bin\server\jvm.dll
0x00007ff8a1760000 - 0x00007ff8a180e000 	C:\Windows\System32\ADVAPI32.dll
0x00007ff8a14a0000 - 0x00007ff8a1544000 	C:\Windows\System32\sechost.dll
0x00007ff8a1550000 - 0x00007ff8a1667000 	C:\Windows\System32\RPCRT4.dll
0x00007ff894a10000 - 0x00007ff894a44000 	C:\Windows\SYSTEM32\WINMM.dll
0x00007ff87f9b0000 - 0x00007ff87f9b9000 	C:\Windows\SYSTEM32\WSOCK32.dll
0x00007ff8a3320000 - 0x00007ff8a3391000 	C:\Windows\System32\WS2_32.dll
0x00007ff89faf0000 - 0x00007ff89fafa000 	C:\Windows\SYSTEM32\VERSION.dll
0x00007ff89ec60000 - 0x00007ff89ec78000 	C:\Windows\SYSTEM32\kernel.appcore.dll
0x00007ff87e580000 - 0x00007ff87e58a000 	C:\Program Files\Android\Android Studio\jbr\bin\jimage.dll
0x00007ff8a0430000 - 0x00007ff8a065e000 	C:\Windows\SYSTEM32\DBGHELP.DLL
0x00007ff8a24d0000 - 0x00007ff8a2859000 	C:\Windows\System32\combase.dll
0x00007ff8a3240000 - 0x00007ff8a3317000 	C:\Windows\System32\OLEAUT32.dll
0x00007ff8a02a0000 - 0x00007ff8a02d2000 	C:\Windows\SYSTEM32\dbgcore.DLL
0x00007ff8a0c00000 - 0x00007ff8a0c7a000 	C:\Windows\System32\bcryptPrimitives.dll
0x00007ff896a20000 - 0x00007ff896a2e000 	C:\Program Files\Android\Android Studio\jbr\bin\instrument.dll
0x00007ff86e010000 - 0x00007ff86e035000 	C:\Program Files\Android\Android Studio\jbr\bin\java.dll
0x00007ff86dff0000 - 0x00007ff86e008000 	C:\Program Files\Android\Android Studio\jbr\bin\zip.dll
0x00007ff8a2a40000 - 0x00007ff8a3239000 	C:\Windows\System32\SHELL32.dll
0x00007ff89db70000 - 0x00007ff89e43e000 	C:\Windows\SYSTEM32\windows.storage.dll
0x00007ff89da30000 - 0x00007ff89db6e000 	C:\Windows\SYSTEM32\wintypes.dll
0x00007ff8a1ee0000 - 0x00007ff8a1fd1000 	C:\Windows\System32\SHCORE.dll
0x00007ff8a1810000 - 0x00007ff8a186e000 	C:\Windows\System32\shlwapi.dll
0x00007ff8a09e0000 - 0x00007ff8a0a06000 	C:\Windows\SYSTEM32\profapi.dll
0x00007ff86d730000 - 0x00007ff86d749000 	C:\Program Files\Android\Android Studio\jbr\bin\net.dll
0x00007ff89a240000 - 0x00007ff89a377000 	C:\Windows\SYSTEM32\WINHTTP.dll
0x00007ff89f8b0000 - 0x00007ff89f919000 	C:\Windows\system32\mswsock.dll
0x00007ff86ae00000 - 0x00007ff86ae16000 	C:\Program Files\Android\Android Studio\jbr\bin\nio.dll
0x00007ff86b610000 - 0x00007ff86b620000 	C:\Program Files\Android\Android Studio\jbr\bin\verify.dll
0x00007ff8579b0000 - 0x00007ff8579d7000 	C:\Users\Obaid\.gradle\native\68d5fa5c4cc2d200863cafc0d521ce42e7d3e7ee720ec0a83991735586a16f82\windows-amd64\native-platform.dll
0x00007ff871010000 - 0x00007ff871154000 	C:\Users\Obaid\.gradle\native\e376f236ea51e6404a007f0833ffe2c6e607c4080706a723a18a27aeea778392\windows-amd64\native-platform-file-events.dll
0x00007ff877b50000 - 0x00007ff877b59000 	C:\Program Files\Android\Android Studio\jbr\bin\management.dll
0x00007ff86b820000 - 0x00007ff86b82b000 	C:\Program Files\Android\Android Studio\jbr\bin\management_ext.dll
0x00007ff8a18f0000 - 0x00007ff8a18f8000 	C:\Windows\System32\PSAPI.DLL
0x00007ff8a0750000 - 0x00007ff8a076b000 	C:\Windows\SYSTEM32\CRYPTSP.dll
0x00007ff89ebd0000 - 0x00007ff89ec05000 	C:\Windows\system32\rsaenh.dll
0x00007ff89fbc0000 - 0x00007ff89fbec000 	C:\Windows\SYSTEM32\USERENV.dll
0x00007ff8a02e0000 - 0x00007ff8a0308000 	C:\Windows\SYSTEM32\bcrypt.dll
0x00007ff89fc30000 - 0x00007ff89fc3c000 	C:\Windows\SYSTEM32\CRYPTBASE.dll
0x00007ff89e6b0000 - 0x00007ff89e6dd000 	C:\Windows\SYSTEM32\IPHLPAPI.DLL
0x00007ff8a1490000 - 0x00007ff8a1499000 	C:\Windows\System32\NSI.dll
0x00007ff8988b0000 - 0x00007ff8988c9000 	C:\Windows\SYSTEM32\dhcpcsvc6.DLL
0x00007ff898890000 - 0x00007ff8988af000 	C:\Windows\SYSTEM32\dhcpcsvc.DLL
0x00007ff89e6e0000 - 0x00007ff89e7d3000 	C:\Windows\SYSTEM32\DNSAPI.dll
0x00007ff894300000 - 0x00007ff894308000 	C:\Windows\system32\wshunix.dll
0x00007ff858d90000 - 0x00007ff858da7000 	C:\Windows\system32\napinsp.dll
0x00007ff858d70000 - 0x00007ff858d8b000 	C:\Windows\system32\pnrpnsp.dll
0x00007ff858d50000 - 0x00007ff858d61000 	C:\Windows\System32\winrnr.dll
0x00007ff8a0320000 - 0x00007ff8a0335000 	C:\Windows\system32\wshbth.dll
0x00007ff87f730000 - 0x00007ff87f751000 	C:\Windows\system32\nlansp_c.dll
0x00007ff898880000 - 0x00007ff89888a000 	C:\Windows\System32\rasadhlp.dll
0x00007ff894870000 - 0x00007ff8948f4000 	C:\Windows\System32\fwpuclnt.dll
0x00007ff8a03a0000 - 0x00007ff8a03d4000 	C:\Windows\SYSTEM32\ntmarta.dll

dbghelp: loaded successfully - version: 4.0.5 - missing functions: none
symbol engine: initialized successfully - sym options: 0x614 - pdb path: .;C:\Program Files\Android\Android Studio\jbr\bin;C:\Windows\SYSTEM32;C:\Windows\WinSxS\amd64_microsoft.windows.common-controls_6595b64144ccf1df_6.0.22621.1635_none_270f70857386168e;C:\Program Files\Android\Android Studio\jbr\bin\server;C:\Users\Obaid\.gradle\native\68d5fa5c4cc2d200863cafc0d521ce42e7d3e7ee720ec0a83991735586a16f82\windows-amd64;C:\Users\Obaid\.gradle\native\e376f236ea51e6404a007f0833ffe2c6e607c4080706a723a18a27aeea778392\windows-amd64

VM Arguments:
jvm_args: --add-opens=java.base/java.util=ALL-UNNAMED --add-opens=java.base/java.lang=ALL-UNNAMED --add-opens=java.base/java.lang.invoke=ALL-UNNAMED --add-opens=java.prefs/java.util.prefs=ALL-UNNAMED --add-opens=java.base/java.nio.charset=ALL-UNNAMED --add-opens=java.base/java.net=ALL-UNNAMED --add-opens=java.base/java.util.concurrent.atomic=ALL-UNNAMED -Xmx4g -Dfile.encoding=UTF-8 -Duser.country=GB -Duser.language=en -Duser.variant -javaagent:C:\Users\Obaid\.gradle\wrapper\dists\gradle-8.2-bin\bbg7u40eoinfdyxsxr3z4i7ta\gradle-8.2\lib\agents\gradle-instrumentation-agent-8.2.jar 
java_command: org.gradle.launcher.daemon.bootstrap.GradleDaemon 8.2
java_class_path (initial): C:\Users\Obaid\.gradle\wrapper\dists\gradle-8.2-bin\bbg7u40eoinfdyxsxr3z4i7ta\gradle-8.2\lib\gradle-launcher-8.2.jar
Launcher Type: SUN_STANDARD

[Global flags]
     intx CICompilerCount                          = 12                                        {product} {ergonomic}
     uint ConcGCThreads                            = 3                                         {product} {ergonomic}
     uint G1ConcRefinementThreads                  = 13                                        {product} {ergonomic}
   size_t G1HeapRegionSize                         = 2097152                                   {product} {ergonomic}
    uintx GCDrainStackTargetSize                   = 64                                        {product} {ergonomic}
   size_t InitialHeapSize                          = 532676608                                 {product} {ergonomic}
   size_t MarkStackSize                            = 4194304                                   {product} {ergonomic}
   size_t MaxHeapSize                              = 4294967296                                {product} {command line}
   size_t MaxNewSize                               = 2575302656                                {product} {ergonomic}
   size_t MinHeapDeltaBytes                        = 2097152                                   {product} {ergonomic}
   size_t MinHeapSize                              = 8388608                                   {product} {ergonomic}
    uintx NonNMethodCodeHeapSize                   = 7602480                                {pd product} {ergonomic}
    uintx NonProfiledCodeHeapSize                  = 122027880                              {pd product} {ergonomic}
    uintx ProfiledCodeHeapSize                     = 122027880                              {pd product} {ergonomic}
    uintx ReservedCodeCacheSize                    = 251658240                              {pd product} {ergonomic}
     bool SegmentedCodeCache                       = true                                      {product} {ergonomic}
   size_t SoftMaxHeapSize                          = 4294967296                             {manageable} {ergonomic}
     bool UseCompressedClassPointers               = true                           {product lp64_product} {ergonomic}
     bool UseCompressedOops                        = true                           {product lp64_product} {ergonomic}
     bool UseG1GC                                  = true                                      {product} {ergonomic}
     bool UseLargePagesIndividualAllocation        = false                                  {pd product} {ergonomic}

Logging:
Log output configuration:
 #0: stdout all=warning uptime,level,tags
 #1: stderr all=off uptime,level,tags

Environment Variables:
PATH=C:\Program Files\Common Files\Oracle\Java\javapath;C:\Program Files (x86)\Common Files\Oracle\Java\javapath;C:\Windows\system32;C:\Windows;C:\Windows\System32\Wbem;C:\Windows\System32\WindowsPowerShell\v1.0\;C:\Windows\System32\OpenSSH\;C:\Program Files (x86)\NVIDIA Corporation\PhysX\Common;C:\Program Files\NVIDIA Corporation\NVIDIA NvDLISR;C:\Program Files\Git\cmd;C:\Users\Obaid\AppData\Local\Programs\Python\Python311\Scripts\;C:\Users\Obaid\AppData\Local\Programs\Python\Python311\;C:\Users\Obaid\AppData\Local\Microsoft\WindowsApps;C:\Users\Obaid\AppData\Local\Programs\Microsoft VS Code\bin;C:\Users\Obaid\AppData\Local\Android\Sdk\platforms;C:\Users\Obaid\AppData\Local\Android\Sdk\platform-tools;C:\Users\Obaid\AppData\Local\Android\Sdk\tools;
USERNAME=Obaid
OS=Windows_NT
PROCESSOR_IDENTIFIER=Intel64 Family 6 Model 154 Stepping 3, GenuineIntel
TMP=C:\Users\Obaid\AppData\Local\Temp
TEMP=C:\Users\Obaid\AppData\Local\Temp



---------------  S Y S T E M  ---------------

OS:
 Windows 11 , 64 bit Build 22621 (10.0.22621.1928)
OS uptime: 0 days 17:45 hours
Hyper-V role detected

CPU: total 16 (initial active 16) (8 cores per cpu, 2 threads per core) family 6 model 154 stepping 3 microcode 0x42a, cx8, cmov, fxsr, ht, mmx, 3dnowpref, sse, sse2, sse3, ssse3, sse4.1, sse4.2, popcnt, lzcnt, tsc, tscinvbit, avx, avx2, aes, erms, clmul, bmi1, bmi2, adx, sha, fma, vzeroupper, clflush, clflushopt, clwb, hv

Memory: 4k page, system-wide physical 32435M (416M free)
TotalPageFile size 130739M (AvailPageFile size 1M)
current process WorkingSet (physical memory assigned to process): 676M, peak: 676M
current process commit charge ("private bytes"): 739M, peak: 740M

vm_info: OpenJDK 64-Bit Server VM (17.0.6+0-b2043.56-9586694) for windows-amd64 JRE (17.0.6+0-b2043.56-9586694), built on Feb  9 2023 20:06:20 by "androidbuild" with MS VC++ 16.10 / 16.11 (VS2019)

END.
