#
# There is insufficient memory for the Java Runtime Environment to continue.
# Native memory allocation (malloc) failed to allocate 1078336 bytes for Chunk::new
# Possible reasons:
#   The system is out of physical RAM or swap space
#   The process is running with CompressedOops enabled, and the Java Heap may be blocking the growth of the native heap
# Possible solutions:
#   Reduce memory load on the system
#   Increase physical memory or swap space
#   Check if swap backing store is full
#   Decrease Java heap size (-Xmx/-Xms)
#   Decrease number of Java threads
#   Decrease Java thread stack sizes (-Xss)
#   Set larger code cache with -XX:ReservedCodeCacheSize=
#   JVM is running with Zero Based Compressed Oops mode in which the Java heap is
#     placed in the first 32GB address space. The Java Heap base address is the
#     maximum limit for the native heap growth. Please use -XX:HeapBaseMinAddress
#     to set the Java Heap base and to place the Java Heap above 32GB virtual address.
# This output file may be truncated or incomplete.
#
#  Out of Memory Error (arena.cpp:189), pid=12516, tid=7768
#
# JRE version: OpenJDK Runtime Environment (17.0.6) (build 17.0.6+0-b2043.56-9586694)
# Java VM: OpenJDK 64-Bit Server VM (17.0.6+0-b2043.56-9586694, mixed mode, tiered, compressed oops, compressed class ptrs, g1 gc, windows-amd64)
# No core dump will be written. Minidumps are not enabled by default on client versions of Windows
#

---------------  S U M M A R Y ------------

Command Line: --add-opens=java.base/java.util=ALL-UNNAMED --add-opens=java.base/java.lang=ALL-UNNAMED --add-opens=java.base/java.lang.invoke=ALL-UNNAMED --add-opens=java.prefs/java.util.prefs=ALL-UNNAMED --add-opens=java.base/java.nio.charset=ALL-UNNAMED --add-opens=java.base/java.net=ALL-UNNAMED --add-opens=java.base/java.util.concurrent.atomic=ALL-UNNAMED -Xmx4g -Dfile.encoding=UTF-8 -Duser.country=GB -Duser.language=en -Duser.variant -javaagent:C:\Users\Obaid\.gradle\wrapper\dists\gradle-8.2-bin\bbg7u40eoinfdyxsxr3z4i7ta\gradle-8.2\lib\agents\gradle-instrumentation-agent-8.2.jar org.gradle.launcher.daemon.bootstrap.GradleDaemon 8.2

Host: 12th Gen Intel(R) Core(TM) i7-12650H, 16 cores, 31G,  Windows 11 , 64 bit Build 22621 (10.0.22621.1928)
Time: Wed Jul 19 01:42:16 2023 Pakistan Standard Time elapsed time: 65.142660 seconds (0d 0h 1m 5s)

---------------  T H R E A D  ---------------

Current thread (0x000001fe9036ff90):  JavaThread "C2 CompilerThread1" daemon [_thread_in_native, id=7768, stack(0x000000fe55800000,0x000000fe55900000)]


Current CompileTask:
C2:  65142 18541 %     4       org.gradle.internal.instantiation.generator.AbstractClassGenerator::inspectType @ 107 (560 bytes)

Stack: [0x000000fe55800000,0x000000fe55900000]
Native frames: (J=compiled Java code, j=interpreted, Vv=VM code, C=native code)
V  [jvm.dll+0x683b4a]
V  [jvm.dll+0x842654]
V  [jvm.dll+0x843dfe]
V  [jvm.dll+0x844463]
V  [jvm.dll+0x249b75]
V  [jvm.dll+0xabcac]
V  [jvm.dll+0xac27c]
V  [jvm.dll+0x2b0eef]
V  [jvm.dll+0x58a207]
V  [jvm.dll+0x2243b2]
V  [jvm.dll+0x22478f]
V  [jvm.dll+0x21e055]
V  [jvm.dll+0x21b51b]
V  [jvm.dll+0x1a4fdd]
V  [jvm.dll+0x22b098]
V  [jvm.dll+0x229159]
V  [jvm.dll+0x7f809c]
V  [jvm.dll+0x7f25fa]
V  [jvm.dll+0x682985]
C  [ucrtbase.dll+0x29363]
C  [KERNEL32.DLL+0x126ad]
C  [ntdll.dll+0x5aa68]


---------------  P R O C E S S  ---------------

Threads class SMR info:
_java_thread_list=0x000001fe94055250, length=80, elements={
0x000001feec41aaf0, 0x000001fe8b2e8950, 0x000001fe8b30e010, 0x000001fe8badd2b0,
0x000001fe8baddb70, 0x000001fe8bae2450, 0x000001fe8bae2d10, 0x000001fe8bae3900,
0x000001fe8bae4200, 0x000001fe8bae4b00, 0x000001fe8bc7b450, 0x000001fe8c8a06f0,
0x000001fe8ecc06e0, 0x000001fe8f2c3fc0, 0x000001fe8e8880a0, 0x000001fe8eda5d20,
0x000001fe8daf1b50, 0x000001fe8d93a950, 0x000001fe8d93ae20, 0x000001fe8d93b2f0,
0x000001fe90509f40, 0x000001fe905060b0, 0x000001fe90504d70, 0x000001fe90506f20,
0x000001fe90505240, 0x000001fe905090d0, 0x000001fe9050b750, 0x000001fe905078c0,
0x000001fe9050a8e0, 0x000001fe8f498230, 0x000001fe8f498bd0, 0x000001fe955e03b0,
0x000001fe955dfee0, 0x000001fe8f499570, 0x000001fe8f499a40, 0x000001fe901abb80,
0x000001fe8fff6d10, 0x000001fe901ab6b0, 0x000001fe901acec0, 0x000001fe901ac050,
0x000001fe901ac520, 0x000001fe8f496bd0, 0x000001fe8fff58d0, 0x000001fe8f498700,
0x000001fe8f4990a0, 0x000001fe92b13f90, 0x000001fe950c0160, 0x000001fe950bf7c0,
0x000001fe950bfc90, 0x000001fe94d6bbb0, 0x000001fe92b14460, 0x000001fe92b13ac0,
0x000001fe903709b0, 0x000001fe92b14930, 0x000001fe92b152d0, 0x000001fe92b14e00,
0x000001fe924825a0, 0x000001fe94d6c080, 0x000001fe94d6a3a0, 0x000001fe94d6a870,
0x000001fe94d6ad40, 0x000001fe94d6c550, 0x000001fe94d6b210, 0x000001fe94d69a00,
0x000001fe94d69530, 0x000001fe94d6b6e0, 0x000001fe94d69ed0, 0x000001fe92480d90,
0x000001fe92483410, 0x000001fe92484750, 0x000001fe92482a70, 0x000001fe924838e0,
0x000001fe924820d0, 0x000001fe92483db0, 0x000001fe92482f40, 0x000001fe92481260,
0x000001fe92484280, 0x000001fe97ace250, 0x000001fe9036ff90, 0x000001fe946393d0
}

Java Threads: ( => current thread )
  0x000001feec41aaf0 JavaThread "main" [_thread_blocked, id=2984, stack(0x000000fe55b00000,0x000000fe55c00000)]
  0x000001fe8b2e8950 JavaThread "Reference Handler" daemon [_thread_blocked, id=9460, stack(0x000000fe56200000,0x000000fe56300000)]
  0x000001fe8b30e010 JavaThread "Finalizer" daemon [_thread_blocked, id=408, stack(0x000000fe56300000,0x000000fe56400000)]
  0x000001fe8badd2b0 JavaThread "Signal Dispatcher" daemon [_thread_blocked, id=2724, stack(0x000000fe56400000,0x000000fe56500000)]
  0x000001fe8baddb70 JavaThread "Attach Listener" daemon [_thread_blocked, id=4556, stack(0x000000fe56500000,0x000000fe56600000)]
  0x000001fe8bae2450 JavaThread "Service Thread" daemon [_thread_blocked, id=13356, stack(0x000000fe56600000,0x000000fe56700000)]
  0x000001fe8bae2d10 JavaThread "Monitor Deflation Thread" daemon [_thread_blocked, id=13084, stack(0x000000fe56700000,0x000000fe56800000)]
  0x000001fe8bae3900 JavaThread "C2 CompilerThread0" daemon [_thread_blocked, id=5104, stack(0x000000fe56800000,0x000000fe56900000)]
  0x000001fe8bae4200 JavaThread "C1 CompilerThread0" daemon [_thread_blocked, id=8624, stack(0x000000fe56900000,0x000000fe56a00000)]
  0x000001fe8bae4b00 JavaThread "Sweeper thread" daemon [_thread_blocked, id=6424, stack(0x000000fe56a00000,0x000000fe56b00000)]
  0x000001fe8bc7b450 JavaThread "Common-Cleaner" daemon [_thread_blocked, id=13260, stack(0x000000fe56b00000,0x000000fe56c00000)]
  0x000001fe8c8a06f0 JavaThread "Notification Thread" daemon [_thread_blocked, id=3376, stack(0x000000fe56e00000,0x000000fe56f00000)]
  0x000001fe8ecc06e0 JavaThread "Daemon health stats" [_thread_blocked, id=9744, stack(0x000000fe57e00000,0x000000fe57f00000)]
  0x000001fe8f2c3fc0 JavaThread "Incoming local TCP Connector on port 65387" [_thread_in_native, id=4980, stack(0x000000fe57f00000,0x000000fe58000000)]
  0x000001fe8e8880a0 JavaThread "Daemon periodic checks" [_thread_blocked, id=8536, stack(0x000000fe58000000,0x000000fe58100000)]
  0x000001fe8eda5d20 JavaThread "Daemon" [_thread_blocked, id=12604, stack(0x000000fe58100000,0x000000fe58200000)]
  0x000001fe8daf1b50 JavaThread "Daemon worker" [_thread_in_native, id=356, stack(0x000000fe58400000,0x000000fe58500000)]
  0x000001fe8d93a950 JavaThread "Cache worker for journal cache (C:\Users\Obaid\.gradle\caches\journal-1)" [_thread_blocked, id=5732, stack(0x000000fe58a00000,0x000000fe58b00000)]
  0x000001fe8d93ae20 JavaThread "File lock request listener" [_thread_in_native, id=15080, stack(0x000000fe58b00000,0x000000fe58c00000)]
  0x000001fe8d93b2f0 JavaThread "Cache worker for file hash cache (C:\Users\Obaid\.gradle\caches\8.2\fileHashes)" [_thread_blocked, id=15260, stack(0x000000fe58c00000,0x000000fe58d00000)]
  0x000001fe90509f40 JavaThread "Cache worker for file content cache (C:\Users\Obaid\.gradle\caches\8.2\fileContent)" [_thread_blocked, id=2672, stack(0x000000fe59100000,0x000000fe59200000)]
  0x000001fe905060b0 JavaThread "Exec process" [_thread_blocked, id=10076, stack(0x000000fe58d00000,0x000000fe58e00000)]
  0x000001fe90504d70 JavaThread "Exec process Thread 2" [_thread_blocked, id=14224, stack(0x000000fe59000000,0x000000fe59100000)]
  0x000001fe90506f20 JavaThread "Exec process Thread 3" [_thread_blocked, id=13440, stack(0x000000fe59200000,0x000000fe59300000)]
  0x000001fe90505240 JavaThread "File watcher server" daemon [_thread_in_native, id=7536, stack(0x000000fe59300000,0x000000fe59400000)]
  0x000001fe905090d0 JavaThread "File watcher consumer" daemon [_thread_blocked, id=8540, stack(0x000000fe59400000,0x000000fe59500000)]
  0x000001fe9050b750 JavaThread "Cache worker for execution history cache (C:\Users\Obaid\.gradle\caches\8.2\executionHistory)" [_thread_blocked, id=13008, stack(0x000000fe59700000,0x000000fe59800000)]
  0x000001fe905078c0 JavaThread "Memory manager" [_thread_blocked, id=8244, stack(0x000000fe59900000,0x000000fe59a00000)]
  0x000001fe9050a8e0 JavaThread "included builds" [_thread_blocked, id=4912, stack(0x000000fe59d00000,0x000000fe59e00000)]
  0x000001fe8f498230 JavaThread "Handler for socket connection from /127.0.0.1:65387 to /127.0.0.1:65496" [_thread_in_native, id=14180, stack(0x000000fe57000000,0x000000fe57100000)]
  0x000001fe8f498bd0 JavaThread "Cancel handler" [_thread_blocked, id=3364, stack(0x000000fe57200000,0x000000fe57300000)]
  0x000001fe955e03b0 JavaThread "Asynchronous log dispatcher for DefaultDaemonConnection: socket connection from /127.0.0.1:65387 to /127.0.0.1:65496" [_thread_blocked, id=10016, stack(0x000000fe58200000,0x000000fe58300000)]
  0x000001fe955dfee0 JavaThread "Stdin handler" [_thread_blocked, id=2860, stack(0x000000fe58300000,0x000000fe58400000)]
  0x000001fe8f499570 JavaThread "Daemon client event forwarder" [_thread_blocked, id=13784, stack(0x000000fe58500000,0x000000fe58600000)]
  0x000001fe8f499a40 JavaThread "Cache worker for file hash cache (C:\Users\Obaid\Desktop\final_after_logoiconclock\lawnchair\lawnchair\.gradle\8.2\fileHashes)" [_thread_blocked, id=13456, stack(0x000000fe58700000,0x000000fe58800000)]
  0x000001fe901abb80 JavaThread "Cache worker for checksums cache (C:\Users\Obaid\Desktop\final_after_logoiconclock\lawnchair\lawnchair\.gradle\8.2\checksums)" [_thread_blocked, id=8252, stack(0x000000fe58f00000,0x000000fe59000000)]
  0x000001fe8fff6d10 JavaThread "C1 CompilerThread1" daemon [_thread_blocked, id=14320, stack(0x000000fe59600000,0x000000fe59700000)]
  0x000001fe901ab6b0 JavaThread "Cache worker for cache directory md-rule (C:\Users\Obaid\.gradle\caches\8.2\md-rule)" [_thread_blocked, id=10500, stack(0x000000fe59a00000,0x000000fe59b00000)]
  0x000001fe901acec0 JavaThread "Cache worker for cache directory md-supplier (C:\Users\Obaid\.gradle\caches\8.2\md-supplier)" [_thread_blocked, id=10252, stack(0x000000fe59b00000,0x000000fe59c00000)]
  0x000001fe901ac050 JavaThread "jar transforms" [_thread_blocked, id=14040, stack(0x000000fe59c00000,0x000000fe59d00000)]
  0x000001fe901ac520 JavaThread "jar transforms Thread 2" [_thread_blocked, id=3572, stack(0x000000fe59e00000,0x000000fe59f00000)]
  0x000001fe8f496bd0 JavaThread "jar transforms Thread 3" [_thread_blocked, id=6536, stack(0x000000fe58e00000,0x000000fe58f00000)]
  0x000001fe8fff58d0 JavaThread "C1 CompilerThread2" daemon [_thread_blocked, id=7680, stack(0x000000fe59500000,0x000000fe59600000)]
  0x000001fe8f498700 JavaThread "Unconstrained build operations" [_thread_blocked, id=14108, stack(0x000000fe5a000000,0x000000fe5a100000)]
  0x000001fe8f4990a0 JavaThread "jar transforms Thread 4" [_thread_blocked, id=6924, stack(0x000000fe5a100000,0x000000fe5a200000)]
  0x000001fe92b13f90 JavaThread "jar transforms Thread 5" [_thread_blocked, id=9340, stack(0x000000fe5a200000,0x000000fe5a300000)]
  0x000001fe950c0160 JavaThread "Configuration cache report writer" [_thread_blocked, id=15100, stack(0x000000fe5a300000,0x000000fe5a400000)]
  0x000001fe950bf7c0 JavaThread "gradle-enterprise-worker-1" [_thread_blocked, id=9992, stack(0x000000fe5a400000,0x000000fe5a500000)]
  0x000001fe950bfc90 JavaThread "jar transforms Thread 6" [_thread_blocked, id=8904, stack(0x000000fe5a500000,0x000000fe5a600000)]
  0x000001fe94d6bbb0 JavaThread "Cache worker for dependencies-accessors (C:\Users\Obaid\Desktop\final_after_logoiconclock\lawnchair\lawnchair\.gradle\8.2\dependencies-accessors)" [_thread_blocked, id=13308, stack(0x000000fe5a600000,0x000000fe5a700000)]
  0x000001fe92b14460 JavaThread "jar transforms Thread 7" [_thread_blocked, id=9824, stack(0x000000fe5a700000,0x000000fe5a800000)]
  0x000001fe92b13ac0 JavaThread "Cache worker for Build Output Cleanup Cache (C:\Users\Obaid\Desktop\final_after_logoiconclock\lawnchair\lawnchair\.gradle\buildOutputCleanup)" [_thread_blocked, id=14684, stack(0x000000fe5a800000,0x000000fe5a900000)]
  0x000001fe903709b0 JavaThread "C1 CompilerThread3" daemon [_thread_blocked, id=15208, stack(0x000000fe59f00000,0x000000fe5a000000)]
  0x000001fe92b14930 JavaThread "Unconstrained build operations Thread 2" [_thread_blocked, id=7312, stack(0x000000fe58600000,0x000000fe58700000)]
  0x000001fe92b152d0 JavaThread "Unconstrained build operations Thread 3" [_thread_blocked, id=6732, stack(0x000000fe5a900000,0x000000fe5aa00000)]
  0x000001fe92b14e00 JavaThread "Unconstrained build operations Thread 4" [_thread_blocked, id=3548, stack(0x000000fe5aa00000,0x000000fe5ab00000)]
  0x000001fe924825a0 JavaThread "Unconstrained build operations Thread 5" [_thread_blocked, id=10468, stack(0x000000fe5ab00000,0x000000fe5ac00000)]
  0x000001fe94d6c080 JavaThread "Unconstrained build operations Thread 6" [_thread_blocked, id=11436, stack(0x000000fe5ac00000,0x000000fe5ad00000)]
  0x000001fe94d6a3a0 JavaThread "Unconstrained build operations Thread 7" [_thread_blocked, id=3200, stack(0x000000fe5ad00000,0x000000fe5ae00000)]
  0x000001fe94d6a870 JavaThread "Unconstrained build operations Thread 8" [_thread_blocked, id=13460, stack(0x000000fe5ae00000,0x000000fe5af00000)]
  0x000001fe94d6ad40 JavaThread "Unconstrained build operations Thread 9" [_thread_blocked, id=12272, stack(0x000000fe5af00000,0x000000fe5b000000)]
  0x000001fe94d6c550 JavaThread "Unconstrained build operations Thread 10" [_thread_blocked, id=12156, stack(0x000000fe5b000000,0x000000fe5b100000)]
  0x000001fe94d6b210 JavaThread "Unconstrained build operations Thread 11" [_thread_blocked, id=3744, stack(0x000000fe5b100000,0x000000fe5b200000)]
  0x000001fe94d69a00 JavaThread "Unconstrained build operations Thread 12" [_thread_blocked, id=1240, stack(0x000000fe5b200000,0x000000fe5b300000)]
  0x000001fe94d69530 JavaThread "Unconstrained build operations Thread 13" [_thread_blocked, id=12384, stack(0x000000fe5b300000,0x000000fe5b400000)]
  0x000001fe94d6b6e0 JavaThread "Unconstrained build operations Thread 14" [_thread_blocked, id=10000, stack(0x000000fe5b400000,0x000000fe5b500000)]
  0x000001fe94d69ed0 JavaThread "Unconstrained build operations Thread 15" [_thread_blocked, id=12900, stack(0x000000fe5b500000,0x000000fe5b600000)]
  0x000001fe92480d90 JavaThread "Unconstrained build operations Thread 16" [_thread_blocked, id=10576, stack(0x000000fe5b600000,0x000000fe5b700000)]
  0x000001fe92483410 JavaThread "jar transforms Thread 8" [_thread_blocked, id=744, stack(0x000000fe5b900000,0x000000fe5ba00000)]
  0x000001fe92484750 JavaThread "jar transforms Thread 9" [_thread_blocked, id=14364, stack(0x000000fe5ba00000,0x000000fe5bb00000)]
  0x000001fe92482a70 JavaThread "jar transforms Thread 10" [_thread_blocked, id=14588, stack(0x000000fe5bb00000,0x000000fe5bc00000)]
  0x000001fe924838e0 JavaThread "jar transforms Thread 11" [_thread_blocked, id=13432, stack(0x000000fe5bc00000,0x000000fe5bd00000)]
  0x000001fe924820d0 JavaThread "jar transforms Thread 12" [_thread_blocked, id=11620, stack(0x000000fe5bd00000,0x000000fe5be00000)]
  0x000001fe92483db0 JavaThread "jar transforms Thread 13" [_thread_blocked, id=9964, stack(0x000000fe5be00000,0x000000fe5bf00000)]
  0x000001fe92482f40 JavaThread "jar transforms Thread 14" [_thread_blocked, id=9548, stack(0x000000fe5bf00000,0x000000fe5c000000)]
  0x000001fe92481260 JavaThread "jar transforms Thread 15" [_thread_blocked, id=2072, stack(0x000000fe5c000000,0x000000fe5c100000)]
  0x000001fe92484280 JavaThread "jar transforms Thread 16" [_thread_blocked, id=9384, stack(0x000000fe5c100000,0x000000fe5c200000)]
  0x000001fe97ace250 JavaThread "build event listener" [_thread_blocked, id=4108, stack(0x000000fe5b800000,0x000000fe5b900000)]
=>0x000001fe9036ff90 JavaThread "C2 CompilerThread1" daemon [_thread_in_native, id=7768, stack(0x000000fe55800000,0x000000fe55900000)]
  0x000001fe946393d0 JavaThread "C2 CompilerThread2" daemon [_thread_blocked, id=3768, stack(0x000000fe55900000,0x000000fe55a00000)]

Other Threads:
  0x000001fe8b2fe570 VMThread "VM Thread" [stack: 0x000000fe56100000,0x000000fe56200000] [id=2224]
  0x000001fe8c8a41c0 WatcherThread [stack: 0x000000fe56f00000,0x000000fe57000000] [id=13868]
  0x000001feec488df0 GCTaskThread "GC Thread#0" [stack: 0x000000fe55c00000,0x000000fe55d00000] [id=12276]
  0x000001fe8d8073b0 GCTaskThread "GC Thread#1" [stack: 0x000000fe57300000,0x000000fe57400000] [id=13600]
  0x000001fe8d9ed350 GCTaskThread "GC Thread#2" [stack: 0x000000fe57400000,0x000000fe57500000] [id=15220]
  0x000001fe8c9cc730 GCTaskThread "GC Thread#3" [stack: 0x000000fe57500000,0x000000fe57600000] [id=14476]
  0x000001fe8d8c5100 GCTaskThread "GC Thread#4" [stack: 0x000000fe57600000,0x000000fe57700000] [id=10588]
  0x000001fe8d8065f0 GCTaskThread "GC Thread#5" [stack: 0x000000fe57700000,0x000000fe57800000] [id=2060]
  0x000001fe8d93e440 GCTaskThread "GC Thread#6" [stack: 0x000000fe57800000,0x000000fe57900000] [id=7684]
  0x000001fe8d93e6f0 GCTaskThread "GC Thread#7" [stack: 0x000000fe57900000,0x000000fe57a00000] [id=2968]
  0x000001fe8d93f140 GCTaskThread "GC Thread#8" [stack: 0x000000fe57a00000,0x000000fe57b00000] [id=11400]
  0x000001fe8d93f7c0 GCTaskThread "GC Thread#9" [stack: 0x000000fe57b00000,0x000000fe57c00000] [id=7356]
  0x000001fe8d3a6690 GCTaskThread "GC Thread#10" [stack: 0x000000fe57c00000,0x000000fe57d00000] [id=5808]
  0x000001fe8d3a6d10 GCTaskThread "GC Thread#11" [stack: 0x000000fe57d00000,0x000000fe57e00000] [id=14484]
  0x000001fe8d9e8160 GCTaskThread "GC Thread#12" [stack: 0x000000fe57100000,0x000000fe57200000] [id=13052]
  0x000001feec499da0 ConcurrentGCThread "G1 Main Marker" [stack: 0x000000fe55d00000,0x000000fe55e00000] [id=712]
  0x000001feec49ae60 ConcurrentGCThread "G1 Conc#0" [stack: 0x000000fe55e00000,0x000000fe55f00000] [id=13664]
  0x000001fe8d9e7950 ConcurrentGCThread "G1 Conc#1" [stack: 0x000000fe58800000,0x000000fe58900000] [id=11576]
  0x000001fe8d9e7eb0 ConcurrentGCThread "G1 Conc#2" [stack: 0x000000fe58900000,0x000000fe58a00000] [id=13056]
  0x000001feec4decd0 ConcurrentGCThread "G1 Refine#0" [stack: 0x000000fe55f00000,0x000000fe56000000] [id=5800]
  0x000001fe8df033c0 ConcurrentGCThread "G1 Refine#1" [stack: 0x000000fe62700000,0x000000fe62800000] [id=13244]
  0x000001fe8b276530 ConcurrentGCThread "G1 Service" [stack: 0x000000fe56000000,0x000000fe56100000] [id=6792]

Threads with active compile tasks:
C2 CompilerThread1    65164 18541 %     4       org.gradle.internal.instantiation.generator.AbstractClassGenerator::inspectType @ 107 (560 bytes)

VM state: not at safepoint (normal execution)

VM Mutex/Monitor currently owned by a thread: None

Heap address: 0x0000000700000000, size: 4096 MB, Compressed Oops mode: Zero based, Oop shift amount: 3

CDS archive(s) not mapped
Compressed class space mapped at: 0x0000000800000000-0x0000000840000000, reserved size: 1073741824
Narrow klass base: 0x0000000800000000, Narrow klass shift: 0, Narrow klass range: 0x40000000

GC Precious Log:
 CPUs: 16 total, 16 available
 Memory: 32435M
 Large Page Support: Disabled
 NUMA Support: Disabled
 Compressed Oops: Enabled (Zero based)
 Heap Region Size: 2M
 Heap Min Capacity: 8M
 Heap Initial Capacity: 508M
 Heap Max Capacity: 4G
 Pre-touch: Disabled
 Parallel Workers: 13
 Concurrent Workers: 3
 Concurrent Refinement Workers: 13
 Periodic GC: Disabled

Heap:
 garbage-first heap   total 301056K, used 211602K [0x0000000700000000, 0x0000000800000000)
  region size 2048K, 20 young (40960K), 5 survivors (10240K)
 Metaspace       used 119647K, committed 120768K, reserved 1155072K
  class space    used 17004K, committed 17536K, reserved 1048576K

Heap Regions: E=young(eden), S=young(survivor), O=old, HS=humongous(starts), HC=humongous(continues), CS=collection set, F=free, OA=open archive, CA=closed archive, TAMS=top-at-mark-start (previous, next)
|   0|0x0000000700000000, 0x0000000700200000, 0x0000000700200000|100%|HS|  |TAMS 0x0000000700200000, 0x0000000700000000| Complete 
|   1|0x0000000700200000, 0x0000000700400000, 0x0000000700400000|100%|HC|  |TAMS 0x0000000700400000, 0x0000000700200000| Complete 
|   2|0x0000000700400000, 0x0000000700600000, 0x0000000700600000|100%| O|  |TAMS 0x0000000700600000, 0x0000000700400000| Untracked 
|   3|0x0000000700600000, 0x0000000700800000, 0x0000000700800000|100%| O|  |TAMS 0x0000000700800000, 0x0000000700600000| Untracked 
|   4|0x0000000700800000, 0x0000000700a00000, 0x0000000700a00000|100%| O|  |TAMS 0x0000000700a00000, 0x0000000700800000| Untracked 
|   5|0x0000000700a00000, 0x0000000700c00000, 0x0000000700c00000|100%| O|  |TAMS 0x0000000700c00000, 0x0000000700a00000| Untracked 
|   6|0x0000000700c00000, 0x0000000700e00000, 0x0000000700e00000|100%| O|  |TAMS 0x0000000700e00000, 0x0000000700c00000| Untracked 
|   7|0x0000000700e00000, 0x0000000701000000, 0x0000000701000000|100%| O|  |TAMS 0x0000000701000000, 0x0000000700e00000| Untracked 
|   8|0x0000000701000000, 0x0000000701200000, 0x0000000701200000|100%| O|  |TAMS 0x0000000701200000, 0x0000000701000000| Untracked 
|   9|0x0000000701200000, 0x0000000701400000, 0x0000000701400000|100%| O|  |TAMS 0x0000000701400000, 0x0000000701200000| Untracked 
|  10|0x0000000701400000, 0x0000000701600000, 0x0000000701600000|100%|HS|  |TAMS 0x0000000701600000, 0x0000000701400000| Complete 
|  11|0x0000000701600000, 0x0000000701800000, 0x0000000701800000|100%| O|  |TAMS 0x0000000701800000, 0x0000000701600000| Untracked 
|  12|0x0000000701800000, 0x0000000701a00000, 0x0000000701a00000|100%| O|  |TAMS 0x0000000701a00000, 0x0000000701800000| Untracked 
|  13|0x0000000701a00000, 0x0000000701c00000, 0x0000000701c00000|100%| O|  |TAMS 0x0000000701c00000, 0x0000000701a00000| Untracked 
|  14|0x0000000701c00000, 0x0000000701e00000, 0x0000000701e00000|100%| O|  |TAMS 0x0000000701e00000, 0x0000000701c00000| Untracked 
|  15|0x0000000701e00000, 0x0000000702000000, 0x0000000702000000|100%|HS|  |TAMS 0x0000000702000000, 0x0000000701e00000| Complete 
|  16|0x0000000702000000, 0x0000000702200000, 0x0000000702200000|100%| O|  |TAMS 0x0000000702200000, 0x0000000702000000| Untracked 
|  17|0x0000000702200000, 0x0000000702400000, 0x0000000702400000|100%| O|  |TAMS 0x0000000702400000, 0x0000000702200000| Untracked 
|  18|0x0000000702400000, 0x0000000702600000, 0x0000000702600000|100%| O|  |TAMS 0x0000000702600000, 0x0000000702400000| Untracked 
|  19|0x0000000702600000, 0x0000000702800000, 0x0000000702800000|100%| O|  |TAMS 0x0000000702800000, 0x0000000702600000| Untracked 
|  20|0x0000000702800000, 0x0000000702a00000, 0x0000000702a00000|100%| O|  |TAMS 0x0000000702a00000, 0x0000000702800000| Untracked 
|  21|0x0000000702a00000, 0x0000000702c00000, 0x0000000702c00000|100%| O|  |TAMS 0x0000000702c00000, 0x0000000702a00000| Untracked 
|  22|0x0000000702c00000, 0x0000000702e00000, 0x0000000702e00000|100%|HS|  |TAMS 0x0000000702e00000, 0x0000000702c00000| Complete 
|  23|0x0000000702e00000, 0x0000000703000000, 0x0000000703000000|100%|HC|  |TAMS 0x0000000703000000, 0x0000000702e00000| Complete 
|  24|0x0000000703000000, 0x0000000703200000, 0x0000000703200000|100%| O|  |TAMS 0x0000000703200000, 0x0000000703000000| Untracked 
|  25|0x0000000703200000, 0x0000000703400000, 0x0000000703400000|100%| O|  |TAMS 0x0000000703200000, 0x0000000703200000| Untracked 
|  26|0x0000000703400000, 0x0000000703600000, 0x0000000703600000|100%|HS|  |TAMS 0x0000000703600000, 0x0000000703400000| Complete 
|  27|0x0000000703600000, 0x0000000703800000, 0x0000000703800000|100%|HC|  |TAMS 0x0000000703800000, 0x0000000703600000| Complete 
|  28|0x0000000703800000, 0x0000000703a00000, 0x0000000703a00000|100%| O|  |TAMS 0x0000000703800000, 0x0000000703800000| Untracked 
|  29|0x0000000703a00000, 0x0000000703c00000, 0x0000000703c00000|100%| O|  |TAMS 0x0000000703a00000, 0x0000000703a00000| Untracked 
|  30|0x0000000703c00000, 0x0000000703e00000, 0x0000000703e00000|100%| O|  |TAMS 0x0000000703c00000, 0x0000000703c00000| Untracked 
|  31|0x0000000703e00000, 0x0000000704000000, 0x0000000704000000|100%| O|  |TAMS 0x0000000703e00000, 0x0000000703e00000| Untracked 
|  32|0x0000000704000000, 0x0000000704200000, 0x0000000704200000|100%| O|  |TAMS 0x0000000704000000, 0x0000000704000000| Untracked 
|  33|0x0000000704200000, 0x0000000704400000, 0x0000000704400000|100%| O|  |TAMS 0x0000000704200000, 0x0000000704200000| Untracked 
|  34|0x0000000704400000, 0x0000000704600000, 0x0000000704600000|100%| O|  |TAMS 0x0000000704400000, 0x0000000704400000| Untracked 
|  35|0x0000000704600000, 0x0000000704800000, 0x0000000704800000|100%| O|  |TAMS 0x0000000704800000, 0x0000000704600000| Untracked 
|  36|0x0000000704800000, 0x0000000704a00000, 0x0000000704a00000|100%| O|  |TAMS 0x0000000704a00000, 0x0000000704800000| Untracked 
|  37|0x0000000704a00000, 0x0000000704c00000, 0x0000000704c00000|100%| O|  |TAMS 0x0000000704c00000, 0x0000000704a00000| Untracked 
|  38|0x0000000704c00000, 0x0000000704e00000, 0x0000000704e00000|100%| O|  |TAMS 0x0000000704e00000, 0x0000000704c00000| Untracked 
|  39|0x0000000704e00000, 0x0000000705000000, 0x0000000705000000|100%| O|  |TAMS 0x0000000705000000, 0x0000000704e00000| Untracked 
|  40|0x0000000705000000, 0x0000000705200000, 0x0000000705200000|100%| O|  |TAMS 0x0000000705000000, 0x0000000705000000| Untracked 
|  41|0x0000000705200000, 0x0000000705400000, 0x0000000705400000|100%| O|  |TAMS 0x0000000705400000, 0x0000000705200000| Untracked 
|  42|0x0000000705400000, 0x0000000705600000, 0x0000000705600000|100%| O|  |TAMS 0x0000000705600000, 0x0000000705400000| Untracked 
|  43|0x0000000705600000, 0x0000000705800000, 0x0000000705800000|100%| O|  |TAMS 0x0000000705800000, 0x0000000705600000| Untracked 
|  44|0x0000000705800000, 0x0000000705a00000, 0x0000000705a00000|100%| O|  |TAMS 0x0000000705a00000, 0x0000000705800000| Untracked 
|  45|0x0000000705a00000, 0x0000000705c00000, 0x0000000705c00000|100%| O|  |TAMS 0x0000000705c00000, 0x0000000705a00000| Untracked 
|  46|0x0000000705c00000, 0x0000000705e00000, 0x0000000705e00000|100%| O|  |TAMS 0x0000000705e00000, 0x0000000705c00000| Untracked 
|  47|0x0000000705e00000, 0x0000000706000000, 0x0000000706000000|100%| O|  |TAMS 0x0000000706000000, 0x0000000705e00000| Untracked 
|  48|0x0000000706000000, 0x0000000706200000, 0x0000000706200000|100%| O|  |TAMS 0x0000000706200000, 0x0000000706000000| Untracked 
|  49|0x0000000706200000, 0x0000000706400000, 0x0000000706400000|100%| O|  |TAMS 0x0000000706400000, 0x0000000706200000| Untracked 
|  50|0x0000000706400000, 0x0000000706600000, 0x0000000706600000|100%| O|  |TAMS 0x0000000706400000, 0x0000000706400000| Untracked 
|  51|0x0000000706600000, 0x0000000706800000, 0x0000000706800000|100%| O|  |TAMS 0x0000000706800000, 0x0000000706600000| Untracked 
|  52|0x0000000706800000, 0x0000000706a00000, 0x0000000706a00000|100%| O|  |TAMS 0x0000000706a00000, 0x0000000706800000| Untracked 
|  53|0x0000000706a00000, 0x0000000706c00000, 0x0000000706c00000|100%| O|  |TAMS 0x0000000706c00000, 0x0000000706a00000| Untracked 
|  54|0x0000000706c00000, 0x0000000706e00000, 0x0000000706e00000|100%| O|  |TAMS 0x0000000706e00000, 0x0000000706c00000| Untracked 
|  55|0x0000000706e00000, 0x0000000707000000, 0x0000000707000000|100%| O|  |TAMS 0x0000000707000000, 0x0000000706e00000| Untracked 
|  56|0x0000000707000000, 0x0000000707200000, 0x0000000707200000|100%| O|  |TAMS 0x0000000707200000, 0x0000000707000000| Untracked 
|  57|0x0000000707200000, 0x0000000707400000, 0x0000000707400000|100%| O|  |TAMS 0x0000000707400000, 0x0000000707200000| Untracked 
|  58|0x0000000707400000, 0x0000000707600000, 0x0000000707600000|100%| O|  |TAMS 0x0000000707600000, 0x0000000707400000| Untracked 
|  59|0x0000000707600000, 0x0000000707800000, 0x0000000707800000|100%| O|  |TAMS 0x0000000707800000, 0x0000000707600000| Untracked 
|  60|0x0000000707800000, 0x0000000707a00000, 0x0000000707a00000|100%| O|  |TAMS 0x0000000707a00000, 0x0000000707800000| Untracked 
|  61|0x0000000707a00000, 0x0000000707c00000, 0x0000000707c00000|100%| O|  |TAMS 0x0000000707c00000, 0x0000000707a00000| Untracked 
|  62|0x0000000707c00000, 0x0000000707e00000, 0x0000000707e00000|100%| O|  |TAMS 0x0000000707e00000, 0x0000000707c00000| Untracked 
|  63|0x0000000707e00000, 0x0000000708000000, 0x0000000708000000|100%| O|  |TAMS 0x0000000708000000, 0x0000000707e00000| Untracked 
|  64|0x0000000708000000, 0x0000000708200000, 0x0000000708200000|100%| O|  |TAMS 0x0000000708200000, 0x0000000708000000| Untracked 
|  65|0x0000000708200000, 0x0000000708400000, 0x0000000708400000|100%| O|  |TAMS 0x0000000708400000, 0x0000000708200000| Untracked 
|  66|0x0000000708400000, 0x0000000708600000, 0x0000000708600000|100%| O|  |TAMS 0x0000000708600000, 0x0000000708400000| Untracked 
|  67|0x0000000708600000, 0x0000000708800000, 0x0000000708800000|100%| O|  |TAMS 0x0000000708800000, 0x0000000708600000| Untracked 
|  68|0x0000000708800000, 0x0000000708a00000, 0x0000000708a00000|100%| O|  |TAMS 0x0000000708a00000, 0x0000000708800000| Untracked 
|  69|0x0000000708a00000, 0x0000000708c00000, 0x0000000708c00000|100%| O|  |TAMS 0x0000000708a00000, 0x0000000708a00000| Untracked 
|  70|0x0000000708c00000, 0x0000000708e00000, 0x0000000708e00000|100%| O|  |TAMS 0x0000000708e00000, 0x0000000708c00000| Untracked 
|  71|0x0000000708e00000, 0x0000000709000000, 0x0000000709000000|100%| O|  |TAMS 0x0000000709000000, 0x0000000708e00000| Untracked 
|  72|0x0000000709000000, 0x0000000709200000, 0x0000000709200000|100%| O|  |TAMS 0x0000000709200000, 0x0000000709000000| Untracked 
|  73|0x0000000709200000, 0x0000000709400000, 0x0000000709400000|100%| O|  |TAMS 0x0000000709400000, 0x0000000709200000| Untracked 
|  74|0x0000000709400000, 0x0000000709600000, 0x0000000709600000|100%| O|  |TAMS 0x0000000709594a00, 0x0000000709400000| Untracked 
|  75|0x0000000709600000, 0x0000000709800000, 0x0000000709800000|100%| O|  |TAMS 0x0000000709600000, 0x0000000709600000| Untracked 
|  76|0x0000000709800000, 0x0000000709a00000, 0x0000000709a00000|100%| O|  |TAMS 0x0000000709800000, 0x0000000709800000| Untracked 
|  77|0x0000000709a00000, 0x0000000709c00000, 0x0000000709c00000|100%| O|  |TAMS 0x0000000709a00000, 0x0000000709a00000| Untracked 
|  78|0x0000000709c00000, 0x0000000709e00000, 0x0000000709e00000|100%| O|  |TAMS 0x0000000709c00000, 0x0000000709c00000| Untracked 
|  79|0x0000000709e00000, 0x000000070a000000, 0x000000070a000000|100%| O|  |TAMS 0x0000000709e00000, 0x0000000709e00000| Untracked 
|  80|0x000000070a000000, 0x000000070a200000, 0x000000070a200000|100%| O|  |TAMS 0x000000070a000000, 0x000000070a000000| Untracked 
|  81|0x000000070a200000, 0x000000070a400000, 0x000000070a400000|100%| O|  |TAMS 0x000000070a200000, 0x000000070a200000| Untracked 
|  82|0x000000070a400000, 0x000000070a600000, 0x000000070a600000|100%| O|  |TAMS 0x000000070a400000, 0x000000070a400000| Untracked 
|  83|0x000000070a600000, 0x000000070a800000, 0x000000070a800000|100%| O|  |TAMS 0x000000070a600000, 0x000000070a600000| Untracked 
|  84|0x000000070a800000, 0x000000070a8a4a00, 0x000000070aa00000| 32%| O|  |TAMS 0x000000070a800000, 0x000000070a800000| Untracked 
|  85|0x000000070aa00000, 0x000000070aa00000, 0x000000070ac00000|  0%| F|  |TAMS 0x000000070aa00000, 0x000000070aa00000| Untracked 
|  86|0x000000070ac00000, 0x000000070ac00000, 0x000000070ae00000|  0%| F|  |TAMS 0x000000070ac00000, 0x000000070ac00000| Untracked 
|  87|0x000000070ae00000, 0x000000070ae00000, 0x000000070b000000|  0%| F|  |TAMS 0x000000070ae00000, 0x000000070ae00000| Untracked 
|  88|0x000000070b000000, 0x000000070b000000, 0x000000070b200000|  0%| F|  |TAMS 0x000000070b000000, 0x000000070b000000| Untracked 
|  89|0x000000070b200000, 0x000000070b200000, 0x000000070b400000|  0%| F|  |TAMS 0x000000070b200000, 0x000000070b200000| Untracked 
|  90|0x000000070b400000, 0x000000070b400000, 0x000000070b600000|  0%| F|  |TAMS 0x000000070b400000, 0x000000070b400000| Untracked 
|  91|0x000000070b600000, 0x000000070b600000, 0x000000070b800000|  0%| F|  |TAMS 0x000000070b600000, 0x000000070b600000| Untracked 
|  92|0x000000070b800000, 0x000000070b800000, 0x000000070ba00000|  0%| F|  |TAMS 0x000000070b800000, 0x000000070b800000| Untracked 
|  93|0x000000070ba00000, 0x000000070ba00000, 0x000000070bc00000|  0%| F|  |TAMS 0x000000070ba00000, 0x000000070ba00000| Untracked 
|  94|0x000000070bc00000, 0x000000070bc00000, 0x000000070be00000|  0%| F|  |TAMS 0x000000070bc00000, 0x000000070bc00000| Untracked 
|  95|0x000000070be00000, 0x000000070be00000, 0x000000070c000000|  0%| F|  |TAMS 0x000000070be00000, 0x000000070be00000| Untracked 
|  96|0x000000070c000000, 0x000000070c000000, 0x000000070c200000|  0%| F|  |TAMS 0x000000070c000000, 0x000000070c000000| Untracked 
|  97|0x000000070c200000, 0x000000070c200000, 0x000000070c400000|  0%| F|  |TAMS 0x000000070c200000, 0x000000070c200000| Untracked 
|  98|0x000000070c400000, 0x000000070c400000, 0x000000070c600000|  0%| F|  |TAMS 0x000000070c400000, 0x000000070c400000| Untracked 
|  99|0x000000070c600000, 0x000000070c600000, 0x000000070c800000|  0%| F|  |TAMS 0x000000070c600000, 0x000000070c600000| Untracked 
| 100|0x000000070c800000, 0x000000070c800000, 0x000000070ca00000|  0%| F|  |TAMS 0x000000070c800000, 0x000000070c800000| Untracked 
| 101|0x000000070ca00000, 0x000000070ca00000, 0x000000070cc00000|  0%| F|  |TAMS 0x000000070ca00000, 0x000000070ca00000| Untracked 
| 102|0x000000070cc00000, 0x000000070cc00000, 0x000000070ce00000|  0%| F|  |TAMS 0x000000070cc00000, 0x000000070cc00000| Untracked 
| 103|0x000000070ce00000, 0x000000070d000000, 0x000000070d000000|100%| S|CS|TAMS 0x000000070ce00000, 0x000000070ce00000| Complete 
| 104|0x000000070d000000, 0x000000070d200000, 0x000000070d200000|100%| S|CS|TAMS 0x000000070d000000, 0x000000070d000000| Complete 
| 105|0x000000070d200000, 0x000000070d400000, 0x000000070d400000|100%| S|CS|TAMS 0x000000070d200000, 0x000000070d200000| Complete 
| 106|0x000000070d400000, 0x000000070d600000, 0x000000070d600000|100%| S|CS|TAMS 0x000000070d400000, 0x000000070d400000| Complete 
| 107|0x000000070d600000, 0x000000070d600000, 0x000000070d800000|  0%| F|  |TAMS 0x000000070d600000, 0x000000070d600000| Untracked 
| 108|0x000000070d800000, 0x000000070d800000, 0x000000070da00000|  0%| F|  |TAMS 0x000000070d800000, 0x000000070d800000| Untracked 
| 109|0x000000070da00000, 0x000000070da00000, 0x000000070dc00000|  0%| F|  |TAMS 0x000000070da00000, 0x000000070da00000| Untracked 
| 110|0x000000070dc00000, 0x000000070de00000, 0x000000070de00000|100%| S|CS|TAMS 0x000000070dc00000, 0x000000070dc00000| Complete 
| 111|0x000000070de00000, 0x000000070de00000, 0x000000070e000000|  0%| F|  |TAMS 0x000000070de00000, 0x000000070de00000| Untracked 
| 112|0x000000070e000000, 0x000000070e000000, 0x000000070e200000|  0%| F|  |TAMS 0x000000070e000000, 0x000000070e000000| Untracked 
| 113|0x000000070e200000, 0x000000070e200000, 0x000000070e400000|  0%| F|  |TAMS 0x000000070e200000, 0x000000070e200000| Untracked 
| 114|0x000000070e400000, 0x000000070e400000, 0x000000070e600000|  0%| F|  |TAMS 0x000000070e400000, 0x000000070e400000| Untracked 
| 115|0x000000070e600000, 0x000000070e600000, 0x000000070e800000|  0%| F|  |TAMS 0x000000070e600000, 0x000000070e600000| Untracked 
| 116|0x000000070e800000, 0x000000070e800000, 0x000000070ea00000|  0%| F|  |TAMS 0x000000070e800000, 0x000000070e800000| Untracked 
| 117|0x000000070ea00000, 0x000000070ea00000, 0x000000070ec00000|  0%| F|  |TAMS 0x000000070ea00000, 0x000000070ea00000| Untracked 
| 118|0x000000070ec00000, 0x000000070ec00000, 0x000000070ee00000|  0%| F|  |TAMS 0x000000070ec00000, 0x000000070ec00000| Untracked 
| 119|0x000000070ee00000, 0x000000070ee00000, 0x000000070f000000|  0%| F|  |TAMS 0x000000070ee00000, 0x000000070ee00000| Untracked 
| 120|0x000000070f000000, 0x000000070f000000, 0x000000070f200000|  0%| F|  |TAMS 0x000000070f000000, 0x000000070f000000| Untracked 
| 121|0x000000070f200000, 0x000000070f200000, 0x000000070f400000|  0%| F|  |TAMS 0x000000070f200000, 0x000000070f200000| Untracked 
| 122|0x000000070f400000, 0x000000070f400000, 0x000000070f600000|  0%| F|  |TAMS 0x000000070f400000, 0x000000070f400000| Untracked 
| 123|0x000000070f600000, 0x000000070f600000, 0x000000070f800000|  0%| F|  |TAMS 0x000000070f600000, 0x000000070f600000| Untracked 
| 124|0x000000070f800000, 0x000000070f800000, 0x000000070fa00000|  0%| F|  |TAMS 0x000000070f800000, 0x000000070f800000| Untracked 
| 125|0x000000070fa00000, 0x000000070fa00000, 0x000000070fc00000|  0%| F|  |TAMS 0x000000070fa00000, 0x000000070fa00000| Untracked 
| 126|0x000000070fc00000, 0x000000070fc00000, 0x000000070fe00000|  0%| F|  |TAMS 0x000000070fc00000, 0x000000070fc00000| Untracked 
| 127|0x000000070fe00000, 0x000000070fe00000, 0x0000000710000000|  0%| F|  |TAMS 0x000000070fe00000, 0x000000070fe00000| Untracked 
| 128|0x0000000710000000, 0x0000000710000000, 0x0000000710200000|  0%| F|  |TAMS 0x0000000710000000, 0x0000000710000000| Untracked 
| 129|0x0000000710200000, 0x0000000710200000, 0x0000000710400000|  0%| F|  |TAMS 0x0000000710200000, 0x0000000710200000| Untracked 
| 130|0x0000000710400000, 0x0000000710400000, 0x0000000710600000|  0%| F|  |TAMS 0x0000000710400000, 0x0000000710400000| Untracked 
| 131|0x0000000710600000, 0x0000000710600000, 0x0000000710800000|  0%| F|  |TAMS 0x0000000710600000, 0x0000000710600000| Untracked 
| 132|0x0000000710800000, 0x0000000710907eb8, 0x0000000710a00000| 51%| E|  |TAMS 0x0000000710800000, 0x0000000710800000| Complete 
| 133|0x0000000710a00000, 0x0000000710c00000, 0x0000000710c00000|100%| E|CS|TAMS 0x0000000710a00000, 0x0000000710a00000| Complete 
| 134|0x0000000710c00000, 0x0000000710e00000, 0x0000000710e00000|100%| E|CS|TAMS 0x0000000710c00000, 0x0000000710c00000| Complete 
| 135|0x0000000710e00000, 0x0000000711000000, 0x0000000711000000|100%| E|CS|TAMS 0x0000000710e00000, 0x0000000710e00000| Complete 
| 136|0x0000000711000000, 0x0000000711200000, 0x0000000711200000|100%| E|CS|TAMS 0x0000000711000000, 0x0000000711000000| Complete 
| 137|0x0000000711200000, 0x0000000711400000, 0x0000000711400000|100%| E|CS|TAMS 0x0000000711200000, 0x0000000711200000| Complete 
| 138|0x0000000711400000, 0x0000000711600000, 0x0000000711600000|100%| E|CS|TAMS 0x0000000711400000, 0x0000000711400000| Complete 
| 139|0x0000000711600000, 0x0000000711800000, 0x0000000711800000|100%| E|CS|TAMS 0x0000000711600000, 0x0000000711600000| Complete 
| 140|0x0000000711800000, 0x0000000711a00000, 0x0000000711a00000|100%| E|CS|TAMS 0x0000000711800000, 0x0000000711800000| Complete 
| 141|0x0000000711a00000, 0x0000000711c00000, 0x0000000711c00000|100%| E|CS|TAMS 0x0000000711a00000, 0x0000000711a00000| Complete 
| 223|0x000000071be00000, 0x000000071c000000, 0x000000071c000000|100%| E|CS|TAMS 0x000000071be00000, 0x000000071be00000| Complete 
| 224|0x000000071c000000, 0x000000071c200000, 0x000000071c200000|100%| E|CS|TAMS 0x000000071c000000, 0x000000071c000000| Complete 
| 225|0x000000071c200000, 0x000000071c400000, 0x000000071c400000|100%| E|CS|TAMS 0x000000071c200000, 0x000000071c200000| Complete 
| 226|0x000000071c400000, 0x000000071c600000, 0x000000071c600000|100%| E|CS|TAMS 0x000000071c400000, 0x000000071c400000| Complete 
| 253|0x000000071fa00000, 0x000000071fc00000, 0x000000071fc00000|100%| E|CS|TAMS 0x000000071fa00000, 0x000000071fa00000| Complete 

Card table byte_map: [0x000001fe80000000,0x000001fe80800000] _byte_map_base: 0x000001fe7c800000

Marking Bits (Prev, Next): (CMBitMap*) 0x000001feec489350, (CMBitMap*) 0x000001feec489310
 Prev Bits: [0x000001fe85000000, 0x000001fe89000000)
 Next Bits: [0x000001fe81000000, 0x000001fe85000000)

Polling page: 0x000001feea390000

Metaspace:

Usage:
  Non-class:    100.24 MB used.
      Class:     16.61 MB used.
       Both:    116.85 MB used.

Virtual space:
  Non-class space:      104.00 MB reserved,     100.81 MB ( 97%) committed,  13 nodes.
      Class space:        1.00 GB reserved,      17.12 MB (  2%) committed,  1 nodes.
             Both:        1.10 GB reserved,     117.94 MB ( 10%) committed. 

Chunk freelists:
   Non-Class:  3.08 MB
       Class:  2.88 MB
        Both:  5.95 MB

MaxMetaspaceSize: unlimited
CompressedClassSpaceSize: 1.00 GB
Initial GC threshold: 21.00 MB
Current GC threshold: 168.75 MB
CDS: off
MetaspaceReclaimPolicy: balanced
 - commit_granule_bytes: 65536.
 - commit_granule_words: 8192.
 - virtual_space_node_default_size: 1048576.
 - enlarge_chunks_in_place: 1.
 - new_chunks_are_fully_committed: 0.
 - uncommit_free_chunks: 1.
 - use_allocation_guard: 0.
 - handle_deallocations: 1.


Internal statistics:

num_allocs_failed_limit: 9.
num_arena_births: 2058.
num_arena_deaths: 44.
num_vsnodes_births: 14.
num_vsnodes_deaths: 0.
num_space_committed: 1887.
num_space_uncommitted: 0.
num_chunks_returned_to_freelist: 71.
num_chunks_taken_from_freelist: 7463.
num_chunk_merges: 28.
num_chunk_splits: 4320.
num_chunks_enlarged: 2247.
num_purges: 2.
num_inconsistent_stats: 0.

CodeHeap 'non-profiled nmethods': size=119168Kb used=10734Kb max_used=10841Kb free=108433Kb
 bounds [0x000001fef7480000, 0x000001fef7f20000, 0x000001fefe8e0000]
CodeHeap 'profiled nmethods': size=119104Kb used=28477Kb max_used=28477Kb free=90626Kb
 bounds [0x000001feef8e0000, 0x000001fef14c0000, 0x000001fef6d30000]
CodeHeap 'non-nmethods': size=7488Kb used=4169Kb max_used=4229Kb free=3318Kb
 bounds [0x000001fef6d30000, 0x000001fef71b0000, 0x000001fef7480000]
 total_blobs=15780 nmethods=14750 adapters=939
 compilation: enabled
              stopped_count=0, restarted_count=0
 full_count=0

Compilation events (20 events):
Event: 65.110 Thread 0x000001fe8bae3900 18554 %     4       groovy.lang.MetaClassImpl$MethodIndexAction::iterate @ 76 (119 bytes)
Event: 65.110 Thread 0x000001fe946393d0 nmethod 18551 0x000001fef7b78d90 code [0x000001fef7b78f40, 0x000001fef7b79448]
Event: 65.116 Thread 0x000001fe946393d0 18555       4       java.lang.Math::min (46 bytes)
Event: 65.117 Thread 0x000001fe946393d0 nmethod 18555 0x000001fef7b78a10 code [0x000001fef7b78bc0, 0x000001fef7b78cd8]
Event: 65.117 Thread 0x000001fe946393d0 18556       4       java.util.Hashtable::<init> (114 bytes)
Event: 65.119 Thread 0x000001fe946393d0 nmethod 18556 0x000001fef7b78310 code [0x000001fef7b784c0, 0x000001fef7b78878]
Event: 65.119 Thread 0x000001fe946393d0 18557       4       java.util.HashMap::valuesToArray (81 bytes)
Event: 65.122 Thread 0x000001fe8bae3900 nmethod 18554% 0x000001fef7d28690 code [0x000001fef7d288c0, 0x000001fef7d29688]
Event: 65.122 Thread 0x000001fe8bae3900 18558  s!   4       java.beans.PropertyDescriptor::getPropertyType (33 bytes)
Event: 65.123 Thread 0x000001fe946393d0 nmethod 18557 0x000001fef7b77910 code [0x000001fef7b77aa0, 0x000001fef7b77fb8]
Event: 65.125 Thread 0x000001fe8bae3900 nmethod 18558 0x000001fef7d27c10 code [0x000001fef7d27de0, 0x000001fef7d28428]
Event: 65.136 Thread 0x000001fe8bae4200 18559 %     3       org.codehaus.groovy.runtime.metaclass.MetaMethodIndex::copyMethodsToSuper @ 29 (91 bytes)
Event: 65.136 Thread 0x000001fe8bae4200 nmethod 18559% 0x000001fef14a5a90 code [0x000001fef14a5c80, 0x000001fef14a6308]
Event: 65.138 Thread 0x000001fe8bae4200 18560       3       org.gradle.configurationcache.fingerprint.ConfigurationCacheFingerprintWriter::sink (29 bytes)
Event: 65.138 Thread 0x000001fe8bae4200 nmethod 18560 0x000001fef14a6510 code [0x000001fef14a66e0, 0x000001fef14a6b68]
Event: 65.140 Thread 0x000001fe8fff58d0 18561       3       org.gradle.configurationcache.problems.JsonModelWriter::propertyName (13 bytes)
Event: 65.140 Thread 0x000001fe8bae4200 18562       3       org.gradle.configurationcache.problems.JsonModelWriter::simpleString (24 bytes)
Event: 65.140 Thread 0x000001fe8bae4200 nmethod 18562 0x000001fef14a6c90 code [0x000001fef14a6e60, 0x000001fef14a7328]
Event: 65.140 Thread 0x000001fe8fff58d0 nmethod 18561 0x000001fef14a7510 code [0x000001fef14a7720, 0x000001fef14a7d78]
Event: 65.141 Thread 0x000001fe8fff58d0 18563       3       org.gradle.api.internal.plugins.DefaultPluginRegistry::lookup (83 bytes)

GC Heap History (20 events):
Event: 57.164 GC heap before
{Heap before GC invocations=27 (full 0):
 garbage-first heap   total 301056K, used 213054K [0x0000000700000000, 0x0000000800000000)
  region size 2048K, 41 young (83968K), 6 survivors (12288K)
 Metaspace       used 91276K, committed 92160K, reserved 1130496K
  class space    used 12952K, committed 13376K, reserved 1048576K
}
Event: 57.168 GC heap after
{Heap after GC invocations=28 (full 0):
 garbage-first heap   total 301056K, used 144401K [0x0000000700000000, 0x0000000800000000)
  region size 2048K, 3 young (6144K), 3 survivors (6144K)
 Metaspace       used 91276K, committed 92160K, reserved 1130496K
  class space    used 12952K, committed 13376K, reserved 1048576K
}
Event: 58.892 GC heap before
{Heap before GC invocations=29 (full 0):
 garbage-first heap   total 301056K, used 242705K [0x0000000700000000, 0x0000000800000000)
  region size 2048K, 52 young (106496K), 3 survivors (6144K)
 Metaspace       used 97352K, committed 98304K, reserved 1138688K
  class space    used 13794K, committed 14272K, reserved 1048576K
}
Event: 58.896 GC heap after
{Heap after GC invocations=30 (full 0):
 garbage-first heap   total 301056K, used 151301K [0x0000000700000000, 0x0000000800000000)
  region size 2048K, 6 young (12288K), 6 survivors (12288K)
 Metaspace       used 97352K, committed 98304K, reserved 1138688K
  class space    used 13794K, committed 14272K, reserved 1048576K
}
Event: 58.926 GC heap before
{Heap before GC invocations=30 (full 0):
 garbage-first heap   total 301056K, used 151301K [0x0000000700000000, 0x0000000800000000)
  region size 2048K, 7 young (14336K), 6 survivors (12288K)
 Metaspace       used 97410K, committed 98368K, reserved 1138688K
  class space    used 13797K, committed 14272K, reserved 1048576K
}
Event: 58.930 GC heap after
{Heap after GC invocations=31 (full 0):
 garbage-first heap   total 301056K, used 150945K [0x0000000700000000, 0x0000000800000000)
  region size 2048K, 1 young (2048K), 1 survivors (2048K)
 Metaspace       used 97410K, committed 98368K, reserved 1138688K
  class space    used 13797K, committed 14272K, reserved 1048576K
}
Event: 59.933 GC heap before
{Heap before GC invocations=31 (full 0):
 garbage-first heap   total 301056K, used 245153K [0x0000000700000000, 0x0000000800000000)
  region size 2048K, 48 young (98304K), 1 survivors (2048K)
 Metaspace       used 102561K, committed 103552K, reserved 1138688K
  class space    used 14474K, committed 14976K, reserved 1048576K
}
Event: 59.935 GC heap after
{Heap after GC invocations=32 (full 0):
 garbage-first heap   total 301056K, used 156374K [0x0000000700000000, 0x0000000800000000)
  region size 2048K, 4 young (8192K), 4 survivors (8192K)
 Metaspace       used 102561K, committed 103552K, reserved 1138688K
  class space    used 14474K, committed 14976K, reserved 1048576K
}
Event: 61.050 GC heap before
{Heap before GC invocations=33 (full 0):
 garbage-first heap   total 301056K, used 244438K [0x0000000700000000, 0x0000000800000000)
  region size 2048K, 48 young (98304K), 4 survivors (8192K)
 Metaspace       used 106155K, committed 107136K, reserved 1146880K
  class space    used 14998K, committed 15488K, reserved 1048576K
}
Event: 61.054 GC heap after
{Heap after GC invocations=34 (full 0):
 garbage-first heap   total 301056K, used 162078K [0x0000000700000000, 0x0000000800000000)
  region size 2048K, 3 young (6144K), 3 survivors (6144K)
 Metaspace       used 106155K, committed 107136K, reserved 1146880K
  class space    used 14998K, committed 15488K, reserved 1048576K
}
Event: 61.113 GC heap before
{Heap before GC invocations=34 (full 0):
 garbage-first heap   total 301056K, used 170270K [0x0000000700000000, 0x0000000800000000)
  region size 2048K, 7 young (14336K), 3 survivors (6144K)
 Metaspace       used 106155K, committed 107136K, reserved 1146880K
  class space    used 14998K, committed 15488K, reserved 1048576K
}
Event: 61.118 GC heap after
{Heap after GC invocations=35 (full 0):
 garbage-first heap   total 301056K, used 154363K [0x0000000700000000, 0x0000000800000000)
  region size 2048K, 1 young (2048K), 1 survivors (2048K)
 Metaspace       used 106155K, committed 107136K, reserved 1146880K
  class space    used 14998K, committed 15488K, reserved 1048576K
}
Event: 62.018 GC heap before
{Heap before GC invocations=35 (full 0):
 garbage-first heap   total 301056K, used 246523K [0x0000000700000000, 0x0000000800000000)
  region size 2048K, 46 young (94208K), 1 survivors (2048K)
 Metaspace       used 108309K, committed 109376K, reserved 1146880K
  class space    used 15292K, committed 15808K, reserved 1048576K
}
Event: 62.022 GC heap after
{Heap after GC invocations=36 (full 0):
 garbage-first heap   total 301056K, used 161488K [0x0000000700000000, 0x0000000800000000)
  region size 2048K, 4 young (8192K), 4 survivors (8192K)
 Metaspace       used 108309K, committed 109376K, reserved 1146880K
  class space    used 15292K, committed 15808K, reserved 1048576K
}
Event: 63.063 GC heap before
{Heap before GC invocations=36 (full 0):
 garbage-first heap   total 301056K, used 249552K [0x0000000700000000, 0x0000000800000000)
  region size 2048K, 47 young (96256K), 4 survivors (8192K)
 Metaspace       used 111823K, committed 112896K, reserved 1146880K
  class space    used 15912K, committed 16448K, reserved 1048576K
}
Event: 63.069 GC heap after
{Heap after GC invocations=37 (full 0):
 garbage-first heap   total 301056K, used 171972K [0x0000000700000000, 0x0000000800000000)
  region size 2048K, 6 young (12288K), 6 survivors (12288K)
 Metaspace       used 111823K, committed 112896K, reserved 1146880K
  class space    used 15912K, committed 16448K, reserved 1048576K
}
Event: 64.099 GC heap before
{Heap before GC invocations=37 (full 0):
 garbage-first heap   total 301056K, used 247748K [0x0000000700000000, 0x0000000800000000)
  region size 2048K, 43 young (88064K), 6 survivors (12288K)
 Metaspace       used 117720K, committed 118848K, reserved 1155072K
  class space    used 16731K, committed 17280K, reserved 1048576K
}
Event: 64.103 GC heap after
{Heap after GC invocations=38 (full 0):
 garbage-first heap   total 301056K, used 176265K [0x0000000700000000, 0x0000000800000000)
  region size 2048K, 3 young (6144K), 3 survivors (6144K)
 Metaspace       used 117720K, committed 118848K, reserved 1155072K
  class space    used 16731K, committed 17280K, reserved 1048576K
}
Event: 64.834 GC heap before
{Heap before GC invocations=38 (full 0):
 garbage-first heap   total 301056K, used 249993K [0x0000000700000000, 0x0000000800000000)
  region size 2048K, 39 young (79872K), 3 survivors (6144K)
 Metaspace       used 118752K, committed 119872K, reserved 1155072K
  class space    used 16867K, committed 17408K, reserved 1048576K
}
Event: 64.838 GC heap after
{Heap after GC invocations=39 (full 0):
 garbage-first heap   total 301056K, used 182930K [0x0000000700000000, 0x0000000800000000)
  region size 2048K, 5 young (10240K), 5 survivors (10240K)
 Metaspace       used 118752K, committed 119872K, reserved 1155072K
  class space    used 16867K, committed 17408K, reserved 1048576K
}

Dll operation events (3 events):
Event: 0.009 Loaded shared library C:\Program Files\Android\Android Studio\jbr\bin\java.dll
Event: 0.103 Loaded shared library C:\Program Files\Android\Android Studio\jbr\bin\zip.dll
Event: 0.297 Loaded shared library C:\Program Files\Android\Android Studio\jbr\bin\verify.dll

Deoptimization events (20 events):
Event: 65.053 Thread 0x000001fe8daf1b50 Uncommon trap: trap_request=0xffffff45 fr.pc=0x000001fef7ea2abc relative=0x00000000000000fc
Event: 65.053 Thread 0x000001fe8daf1b50 Uncommon trap: reason=unstable_if action=reinterpret pc=0x000001fef7ea2abc method=org.gradle.internal.ImmutableActionSet.add(Lorg/gradle/api/Action;)Lorg/gradle/internal/ImmutableActionSet; @ 49 c2
Event: 65.053 Thread 0x000001fe8daf1b50 DEOPT PACKING pc=0x000001fef7ea2abc sp=0x000000fe584f6d00
Event: 65.053 Thread 0x000001fe8daf1b50 DEOPT UNPACKING pc=0x000001fef6d869a3 sp=0x000000fe584f6ca8 mode 2
Event: 65.053 Thread 0x000001fe8daf1b50 Uncommon trap: trap_request=0xffffff45 fr.pc=0x000001fef7ef5f14 relative=0x00000000000000f4
Event: 65.053 Thread 0x000001fe8daf1b50 Uncommon trap: reason=unstable_if action=reinterpret pc=0x000001fef7ef5f14 method=org.gradle.internal.ImmutableActionSet.fromActions(Lcom/google/common/collect/ImmutableSet;)Lorg/gradle/internal/ImmutableActionSet; @ 42 c2
Event: 65.053 Thread 0x000001fe8daf1b50 DEOPT PACKING pc=0x000001fef7ef5f14 sp=0x000000fe584f6b40
Event: 65.053 Thread 0x000001fe8daf1b50 DEOPT UNPACKING pc=0x000001fef6d869a3 sp=0x000000fe584f6ad0 mode 2
Event: 65.108 Thread 0x000001fe8daf1b50 Uncommon trap: trap_request=0xffffffc6 fr.pc=0x000001fef7ef3d38 relative=0x00000000000006b8
Event: 65.108 Thread 0x000001fe8daf1b50 Uncommon trap: reason=bimorphic_or_optimized_type_check action=maybe_recompile pc=0x000001fef7ef3d38 method=org.gradle.internal.ImmutableActionSet.mergeFrom(Lorg/gradle/internal/ImmutableActionSet;)Lorg/gradle/internal/ImmutableActionSet; @ 17 c2
Event: 65.108 Thread 0x000001fe8daf1b50 DEOPT PACKING pc=0x000001fef7ef3d38 sp=0x000000fe584f7e20
Event: 65.108 Thread 0x000001fe8daf1b50 DEOPT UNPACKING pc=0x000001fef6d869a3 sp=0x000000fe584f7e00 mode 2
Event: 65.119 Thread 0x000001fe8daf1b50 Uncommon trap: trap_request=0xffffffd6 fr.pc=0x000001fef75e523c relative=0x000000000000051c
Event: 65.119 Thread 0x000001fe8daf1b50 Uncommon trap: reason=array_check action=maybe_recompile pc=0x000001fef75e523c method=java.util.HashMap.valuesToArray([Ljava/lang/Object;)[Ljava/lang/Object; @ 62 c2
Event: 65.119 Thread 0x000001fe8daf1b50 DEOPT PACKING pc=0x000001fef75e523c sp=0x000000fe584f5860
Event: 65.119 Thread 0x000001fe8daf1b50 DEOPT UNPACKING pc=0x000001fef6d869a3 sp=0x000000fe584f5808 mode 2
Event: 65.131 Thread 0x000001fe8daf1b50 Uncommon trap: trap_request=0xffffffde fr.pc=0x000001fef7e1cc98 relative=0x0000000000000658
Event: 65.131 Thread 0x000001fe8daf1b50 Uncommon trap: reason=class_check action=maybe_recompile pc=0x000001fef7e1cc98 method=java.util.AbstractCollection.remove(Ljava/lang/Object;)Z @ 1 c2
Event: 65.131 Thread 0x000001fe8daf1b50 DEOPT PACKING pc=0x000001fef7e1cc98 sp=0x000000fe584f97d0
Event: 65.131 Thread 0x000001fe8daf1b50 DEOPT UNPACKING pc=0x000001fef6d869a3 sp=0x000000fe584f97a8 mode 2

Classes unloaded (20 events):
Event: 57.207 Thread 0x000001fe8b2fe570 Unloading class 0x0000000800a84400 'java/lang/invoke/LambdaForm$DMH+0x0000000800a84400'
Event: 57.207 Thread 0x000001fe8b2fe570 Unloading class 0x0000000800a59c00 'java/lang/invoke/LambdaForm$DMH+0x0000000800a59c00'
Event: 57.207 Thread 0x000001fe8b2fe570 Unloading class 0x0000000800a59800 'java/lang/invoke/LambdaForm$DMH+0x0000000800a59800'
Event: 57.207 Thread 0x000001fe8b2fe570 Unloading class 0x0000000800a59400 'java/lang/invoke/LambdaForm$DMH+0x0000000800a59400'
Event: 57.207 Thread 0x000001fe8b2fe570 Unloading class 0x0000000800a59000 'java/lang/invoke/LambdaForm$DMH+0x0000000800a59000'
Event: 57.207 Thread 0x000001fe8b2fe570 Unloading class 0x0000000800a58c00 'java/lang/invoke/LambdaForm$DMH+0x0000000800a58c00'
Event: 57.207 Thread 0x000001fe8b2fe570 Unloading class 0x0000000800a58800 'java/lang/invoke/LambdaForm$DMH+0x0000000800a58800'
Event: 57.207 Thread 0x000001fe8b2fe570 Unloading class 0x0000000800a58000 'java/lang/invoke/LambdaForm$DMH+0x0000000800a58000'
Event: 57.207 Thread 0x000001fe8b2fe570 Unloading class 0x000000080095cc00 'java/lang/invoke/LambdaForm$MH+0x000000080095cc00'
Event: 57.207 Thread 0x000001fe8b2fe570 Unloading class 0x000000080095c800 'java/lang/invoke/LambdaForm$MH+0x000000080095c800'
Event: 57.207 Thread 0x000001fe8b2fe570 Unloading class 0x000000080095c000 'java/lang/invoke/LambdaForm$MH+0x000000080095c000'
Event: 57.207 Thread 0x000001fe8b2fe570 Unloading class 0x0000000800956c00 'java/lang/invoke/LambdaForm$DMH+0x0000000800956c00'
Event: 57.207 Thread 0x000001fe8b2fe570 Unloading class 0x0000000800956800 'java/lang/invoke/LambdaForm$DMH+0x0000000800956800'
Event: 57.207 Thread 0x000001fe8b2fe570 Unloading class 0x0000000800956400 'java/lang/invoke/LambdaForm$DMH+0x0000000800956400'
Event: 57.207 Thread 0x000001fe8b2fe570 Unloading class 0x0000000800955c00 'java/lang/invoke/LambdaForm$DMH+0x0000000800955c00'
Event: 57.207 Thread 0x000001fe8b2fe570 Unloading class 0x0000000800955800 'java/lang/invoke/LambdaForm$DMH+0x0000000800955800'
Event: 57.207 Thread 0x000001fe8b2fe570 Unloading class 0x0000000800955400 'java/lang/invoke/LambdaForm$DMH+0x0000000800955400'
Event: 57.207 Thread 0x000001fe8b2fe570 Unloading class 0x0000000800954c00 'java/lang/invoke/LambdaForm$DMH+0x0000000800954c00'
Event: 57.207 Thread 0x000001fe8b2fe570 Unloading class 0x0000000800954800 'java/lang/invoke/LambdaForm$DMH+0x0000000800954800'
Event: 57.207 Thread 0x000001fe8b2fe570 Unloading class 0x0000000800954000 'java/lang/invoke/LambdaForm$DMH+0x0000000800954000'

Classes redefined (0 events):
No events

Internal exceptions (20 events):
Event: 64.951 Thread 0x000001fe8daf1b50 Exception <a 'java/lang/ClassNotFoundException'{0x000000071be9a330}: com/google/gradle/osdetector/OsDetectorBeanInfo> (0x000000071be9a330) 
thrown [s\src\hotspot\share\classfile\systemDictionary.cpp, line 256]
Event: 64.952 Thread 0x000001fe8daf1b50 Exception <a 'java/lang/ClassNotFoundException'{0x000000071beaa908}: com/google/gradle/osdetector/OsDetectorCustomizer> (0x000000071beaa908) 
thrown [s\src\hotspot\share\classfile\systemDictionary.cpp, line 256]
Event: 64.953 Thread 0x000001fe8daf1b50 Exception <a 'java/lang/ClassNotFoundException'{0x000000071bec37a8}: com/google/gradle/osdetector/OsDetector_DecoratedCustomizer> (0x000000071bec37a8) 
thrown [s\src\hotspot\share\classfile\systemDictionary.cpp, line 256]
Event: 65.016 Thread 0x000001fe8daf1b50 Exception <a 'java/lang/NoSuchMethodError'{0x00000007117dda48}: 'long java.lang.invoke.DirectMethodHandle$Holder.invokeVirtual(java.lang.Object, java.lang.Object)'> (0x00000007117dda48) 
thrown [s\src\hotspot\share\interpreter\linkResolver.cpp, line 771]
Event: 65.021 Thread 0x000001fe8f499570 Exception <a 'java/lang/NoSuchMethodError'{0x00000007114153c0}: static Lorg/gradle/internal/build/event/types/DefaultOperationFinishedProgressEvent;.<clinit>()V> (0x00000007114153c0) 
thrown [s\src\hotspot\share\prims\jni.cpp, line 1108]
Event: 65.021 Thread 0x000001fe8daf1b50 Implicit null exception at 0x000001fef74be70b to 0x000001fef74bead8
Event: 65.023 Thread 0x000001fe8f499570 Exception <a 'java/lang/NoSuchMethodError'{0x0000000711536128}: static Lorg/gradle/internal/build/event/types/DefaultProjectConfigurationSuccessResult;.<clinit>()V> (0x0000000711536128) 
thrown [s\src\hotspot\share\prims\jni.cpp, line 1108]
Event: 65.023 Thread 0x000001fe8f499570 Exception <a 'java/lang/NoSuchMethodError'{0x00000007115376c0}: static Lorg/gradle/internal/build/event/types/AbstractProjectConfigurationResult;.<clinit>()V> (0x00000007115376c0) 
thrown [s\src\hotspot\share\prims\jni.cpp, line 1108]
Event: 65.023 Thread 0x000001fe8f499570 Exception <a 'java/lang/NoSuchMethodError'{0x0000000711538e08}: static Lorg/gradle/internal/build/event/types/AbstractOperationResult;.<clinit>()V> (0x0000000711538e08) 
thrown [s\src\hotspot\share\prims\jni.cpp, line 1108]
Event: 65.025 Thread 0x000001fe8f499570 Exception <a 'java/lang/NoSuchMethodError'{0x000000071154d8e8}: static Lorg/gradle/internal/build/event/types/DefaultPluginApplicationResult;.<clinit>()V> (0x000000071154d8e8) 
thrown [s\src\hotspot\share\prims\jni.cpp, line 1108]
Event: 65.025 Thread 0x000001fe8f499570 Exception <a 'java/lang/NoSuchMethodError'{0x000000071155a738}: static Lorg/gradle/internal/build/event/types/DefaultBinaryPluginIdentifier;.<clinit>()V> (0x000000071155a738) 
thrown [s\src\hotspot\share\prims\jni.cpp, line 1108]
Event: 65.027 Thread 0x000001fe8f499570 Exception <a 'java/lang/NoSuchMethodError'{0x0000000711574678}: static Lorg/gradle/internal/build/event/types/DefaultScriptPluginIdentifier;.<clinit>()V> (0x0000000711574678) 
thrown [s\src\hotspot\share\prims\jni.cpp, line 1108]
Event: 65.035 Thread 0x000001fe8daf1b50 Exception <a 'java/lang/ClassNotFoundException'{0x00000007114a7180}: build_9d3b7yi1xnbwgtf1v180gqgx3BeanInfo> (0x00000007114a7180) 
thrown [s\src\hotspot\share\classfile\systemDictionary.cpp, line 256]
Event: 65.035 Thread 0x000001fe8daf1b50 Exception <a 'java/lang/ClassNotFoundException'{0x00000007114adbc0}: build_9d3b7yi1xnbwgtf1v180gqgx3Customizer> (0x00000007114adbc0) 
thrown [s\src\hotspot\share\classfile\systemDictionary.cpp, line 256]
Event: 65.111 Thread 0x000001fe8daf1b50 Exception <a 'java/lang/ClassNotFoundException'{0x0000000710f20238}: com/android/build/gradle/LibraryExtension_DecoratedBeanInfo> (0x0000000710f20238) 
thrown [s\src\hotspot\share\classfile\systemDictionary.cpp, line 256]
Event: 65.112 Thread 0x000001fe8daf1b50 Exception <a 'java/lang/ClassNotFoundException'{0x0000000710f351e0}: com/android/build/gradle/LibraryExtensionBeanInfo> (0x0000000710f351e0) 
thrown [s\src\hotspot\share\classfile\systemDictionary.cpp, line 256]
Event: 65.114 Thread 0x000001fe8daf1b50 Exception <a 'java/lang/ClassNotFoundException'{0x0000000710f49460}: com/android/build/gradle/LibraryExtensionCustomizer> (0x0000000710f49460) 
thrown [s\src\hotspot\share\classfile\systemDictionary.cpp, line 256]
Event: 65.118 Thread 0x000001fe8daf1b50 Exception <a 'java/lang/ClassNotFoundException'{0x0000000710c2ab20}: com/android/build/gradle/LibraryExtension_DecoratedCustomizer> (0x0000000710c2ab20) 
thrown [s\src\hotspot\share\classfile\systemDictionary.cpp, line 256]
Event: 65.136 Thread 0x000001fe8daf1b50 Exception <a 'java/lang/ClassNotFoundException'{0x0000000710d68f70}: build_9d3b7yi1xnbwgtf1v180gqgx3BeanInfo> (0x0000000710d68f70) 
thrown [s\src\hotspot\share\classfile\systemDictionary.cpp, line 256]
Event: 65.137 Thread 0x000001fe8daf1b50 Exception <a 'java/lang/ClassNotFoundException'{0x0000000710d6f950}: build_9d3b7yi1xnbwgtf1v180gqgx3Customizer> (0x0000000710d6f950) 
thrown [s\src\hotspot\share\classfile\systemDictionary.cpp, line 256]

VM Operations (20 events):
Event: 63.301 Executing VM operation: HandshakeAllThreads
Event: 63.301 Executing VM operation: HandshakeAllThreads done
Event: 64.055 Executing VM operation: ICBufferFull
Event: 64.055 Executing VM operation: ICBufferFull done
Event: 64.099 Executing VM operation: G1CollectForAllocation
Event: 64.103 Executing VM operation: G1CollectForAllocation done
Event: 64.541 Executing VM operation: ICBufferFull
Event: 64.541 Executing VM operation: ICBufferFull done
Event: 64.834 Executing VM operation: G1CollectForAllocation
Event: 64.838 Executing VM operation: G1CollectForAllocation done
Event: 64.860 Executing VM operation: HandshakeAllThreads
Event: 64.860 Executing VM operation: HandshakeAllThreads done
Event: 64.872 Executing VM operation: HandshakeAllThreads
Event: 64.872 Executing VM operation: HandshakeAllThreads done
Event: 64.873 Executing VM operation: HandshakeAllThreads
Event: 64.873 Executing VM operation: HandshakeAllThreads done
Event: 65.020 Executing VM operation: HandshakeAllThreads
Event: 65.020 Executing VM operation: HandshakeAllThreads done
Event: 65.087 Executing VM operation: HandshakeAllThreads
Event: 65.087 Executing VM operation: HandshakeAllThreads done

Events (20 events):
Event: 63.310 Thread 0x000001fe8bae4b00 flushing nmethod 0x000001fef10bd510
Event: 63.310 Thread 0x000001fe8bae4b00 flushing nmethod 0x000001fef1122c10
Event: 63.310 Thread 0x000001fe8bae4b00 flushing nmethod 0x000001fef1142f90
Event: 63.310 Thread 0x000001fe8bae4b00 flushing nmethod 0x000001fef1191110
Event: 63.310 Thread 0x000001fe8bae4b00 flushing nmethod 0x000001fef123a090
Event: 63.310 Thread 0x000001fe8bae4b00 flushing nmethod 0x000001fef125be10
Event: 63.310 Thread 0x000001fe8bae4b00 flushing nmethod 0x000001fef1277c10
Event: 63.310 Thread 0x000001fe8bae4b00 flushing nmethod 0x000001fef12e8210
Event: 63.310 Thread 0x000001fe8bae4b00 flushing nmethod 0x000001fef12ed090
Event: 63.310 Thread 0x000001fe8bae4b00 flushing nmethod 0x000001fef1303310
Event: 63.429 Thread 0x000001fe9463a300 Thread exited: 0x000001fe9463a300
Event: 63.755 Thread 0x000001fe94639df0 Thread exited: 0x000001fe94639df0
Event: 63.945 Thread 0x000001fe9036ff90 Thread added: 0x000001fe9036ff90
Event: 64.029 loading class java/beans/ParameterDescriptor
Event: 64.029 loading class java/beans/ParameterDescriptor done
Event: 64.331 Thread 0x000001fe946393d0 Thread added: 0x000001fe946393d0
Event: 64.808 loading class java/util/AbstractList$SubList$1
Event: 64.808 loading class java/util/AbstractList$SubList$1 done
Event: 65.026 loading class java/time/Ser
Event: 65.026 loading class java/time/Ser done


Dynamic libraries:
0x00007ff618720000 - 0x00007ff61872a000 	C:\Program Files\Android\Android Studio\jbr\bin\java.exe
0x00007ffdb1050000 - 0x00007ffdb1264000 	C:\Windows\SYSTEM32\ntdll.dll
0x00007ffdaf3b0000 - 0x00007ffdaf472000 	C:\Windows\System32\KERNEL32.DLL
0x00007ffdae7a0000 - 0x00007ffdaeb43000 	C:\Windows\System32\KERNELBASE.dll
0x00007ffdae570000 - 0x00007ffdae681000 	C:\Windows\System32\ucrtbase.dll
0x00007ffd83360000 - 0x00007ffd8337b000 	C:\Program Files\Android\Android Studio\jbr\bin\VCRUNTIME140.dll
0x00007ffd83bb0000 - 0x00007ffd83bc7000 	C:\Program Files\Android\Android Studio\jbr\bin\jli.dll
0x00007ffdaf9f0000 - 0x00007ffdafb9a000 	C:\Windows\System32\USER32.dll
0x00007ffdaecc0000 - 0x00007ffdaece6000 	C:\Windows\System32\win32u.dll
0x00007ffdafe30000 - 0x00007ffdafe59000 	C:\Windows\System32\GDI32.dll
0x00007ffd8b4a0000 - 0x00007ffd8b72e000 	C:\Windows\WinSxS\amd64_microsoft.windows.common-controls_6595b64144ccf1df_6.0.22621.1635_none_270f70857386168e\COMCTL32.dll
0x00007ffdae450000 - 0x00007ffdae569000 	C:\Windows\System32\gdi32full.dll
0x00007ffdae700000 - 0x00007ffdae79a000 	C:\Windows\System32\msvcp_win.dll
0x00007ffdaf130000 - 0x00007ffdaf1d7000 	C:\Windows\System32\msvcrt.dll
0x00007ffdb0e00000 - 0x00007ffdb0e31000 	C:\Windows\System32\IMM32.DLL
0x00007ffd895f0000 - 0x00007ffd895fc000 	C:\Program Files\Android\Android Studio\jbr\bin\vcruntime140_1.dll
0x00007ffd66800000 - 0x00007ffd6688d000 	C:\Program Files\Android\Android Studio\jbr\bin\msvcp140.dll
0x00007ffd64200000 - 0x00007ffd64e6d000 	C:\Program Files\Android\Android Studio\jbr\bin\server\jvm.dll
0x00007ffdafd80000 - 0x00007ffdafe2e000 	C:\Windows\System32\ADVAPI32.dll
0x00007ffdaf200000 - 0x00007ffdaf2a4000 	C:\Windows\System32\sechost.dll
0x00007ffdb0e40000 - 0x00007ffdb0f57000 	C:\Windows\System32\RPCRT4.dll
0x00007ffda37c0000 - 0x00007ffda37f4000 	C:\Windows\SYSTEM32\WINMM.dll
0x00007ffda3d60000 - 0x00007ffda3d69000 	C:\Windows\SYSTEM32\WSOCK32.dll
0x00007ffdb0d80000 - 0x00007ffdb0df1000 	C:\Windows\System32\WS2_32.dll
0x00007ffda2600000 - 0x00007ffda260a000 	C:\Windows\SYSTEM32\VERSION.dll
0x00007ffdad580000 - 0x00007ffdad598000 	C:\Windows\SYSTEM32\kernel.appcore.dll
0x00007ffda3bf0000 - 0x00007ffda3bfa000 	C:\Program Files\Android\Android Studio\jbr\bin\jimage.dll
0x00007ffdabe00000 - 0x00007ffdac02e000 	C:\Windows\SYSTEM32\DBGHELP.DLL
0x00007ffdaf480000 - 0x00007ffdaf809000 	C:\Windows\System32\combase.dll
0x00007ffdb0810000 - 0x00007ffdb08e7000 	C:\Windows\System32\OLEAUT32.dll
0x00007ffd9ecf0000 - 0x00007ffd9ed22000 	C:\Windows\SYSTEM32\dbgcore.DLL
0x00007ffdaedb0000 - 0x00007ffdaee2a000 	C:\Windows\System32\bcryptPrimitives.dll
0x00007ffd9ed30000 - 0x00007ffd9ed3e000 	C:\Program Files\Android\Android Studio\jbr\bin\instrument.dll
0x00007ffd9bac0000 - 0x00007ffd9bae5000 	C:\Program Files\Android\Android Studio\jbr\bin\java.dll
0x00007ffda3820000 - 0x00007ffda3838000 	C:\Program Files\Android\Android Studio\jbr\bin\zip.dll
0x00007ffdb0000000 - 0x00007ffdb07f9000 	C:\Windows\System32\SHELL32.dll
0x00007ffdac410000 - 0x00007ffdaccde000 	C:\Windows\SYSTEM32\windows.storage.dll
0x00007ffdac2d0000 - 0x00007ffdac40e000 	C:\Windows\SYSTEM32\wintypes.dll
0x00007ffdaf2b0000 - 0x00007ffdaf3a1000 	C:\Windows\System32\SHCORE.dll
0x00007ffdafc10000 - 0x00007ffdafc6e000 	C:\Windows\System32\shlwapi.dll
0x00007ffdae380000 - 0x00007ffdae3a6000 	C:\Windows\SYSTEM32\profapi.dll
0x00007ffd89720000 - 0x00007ffd89739000 	C:\Program Files\Android\Android Studio\jbr\bin\net.dll
0x00007ffda6370000 - 0x00007ffda64a7000 	C:\Windows\SYSTEM32\WINHTTP.dll
0x00007ffdada00000 - 0x00007ffdada69000 	C:\Windows\system32\mswsock.dll
0x00007ffd830f0000 - 0x00007ffd83106000 	C:\Program Files\Android\Android Studio\jbr\bin\nio.dll
0x00007ffd9aaa0000 - 0x00007ffd9aab0000 	C:\Program Files\Android\Android Studio\jbr\bin\verify.dll
0x00007ffd9a650000 - 0x00007ffd9a677000 	C:\Users\Obaid\.gradle\native\68d5fa5c4cc2d200863cafc0d521ce42e7d3e7ee720ec0a83991735586a16f82\windows-amd64\native-platform.dll
0x00007ffd6aba0000 - 0x00007ffd6ace4000 	C:\Users\Obaid\.gradle\native\e376f236ea51e6404a007f0833ffe2c6e607c4080706a723a18a27aeea778392\windows-amd64\native-platform-file-events.dll
0x00007ffd9ad90000 - 0x00007ffd9ad99000 	C:\Program Files\Android\Android Studio\jbr\bin\management.dll
0x00007ffd9aa70000 - 0x00007ffd9aa7b000 	C:\Program Files\Android\Android Studio\jbr\bin\management_ext.dll
0x00007ffdb08f0000 - 0x00007ffdb08f8000 	C:\Windows\System32\PSAPI.DLL
0x00007ffdadc60000 - 0x00007ffdadc7b000 	C:\Windows\SYSTEM32\CRYPTSP.dll
0x00007ffdad4f0000 - 0x00007ffdad525000 	C:\Windows\system32\rsaenh.dll
0x00007ffdadb00000 - 0x00007ffdadb2c000 	C:\Windows\SYSTEM32\USERENV.dll
0x00007ffdade20000 - 0x00007ffdade48000 	C:\Windows\SYSTEM32\bcrypt.dll
0x00007ffdadc80000 - 0x00007ffdadc8c000 	C:\Windows\SYSTEM32\CRYPTBASE.dll
0x00007ffdacf30000 - 0x00007ffdacf5d000 	C:\Windows\SYSTEM32\IPHLPAPI.DLL
0x00007ffdafc70000 - 0x00007ffdafc79000 	C:\Windows\System32\NSI.dll
0x00007ffda45a0000 - 0x00007ffda45b9000 	C:\Windows\SYSTEM32\dhcpcsvc6.DLL
0x00007ffda3e10000 - 0x00007ffda3e2f000 	C:\Windows\SYSTEM32\dhcpcsvc.DLL
0x00007ffdacf60000 - 0x00007ffdad053000 	C:\Windows\SYSTEM32\DNSAPI.dll
0x00007ffd7ea00000 - 0x00007ffd7ea08000 	C:\Windows\system32\wshunix.dll
0x00007ffda69a0000 - 0x00007ffda69b7000 	C:\Windows\system32\napinsp.dll
0x00007ffda3850000 - 0x00007ffda386b000 	C:\Windows\system32\pnrpnsp.dll
0x00007ffda3750000 - 0x00007ffda3761000 	C:\Windows\System32\winrnr.dll
0x00007ffd730f0000 - 0x00007ffd73105000 	C:\Windows\system32\wshbth.dll
0x00007ffd9aed0000 - 0x00007ffd9aef1000 	C:\Windows\system32\nlansp_c.dll
0x00007ffda4590000 - 0x00007ffda459a000 	C:\Windows\System32\rasadhlp.dll
0x00007ffda3a10000 - 0x00007ffda3a94000 	C:\Windows\System32\fwpuclnt.dll
0x00007ffdad5a0000 - 0x00007ffdad5d4000 	C:\Windows\SYSTEM32\ntmarta.dll

dbghelp: loaded successfully - version: 4.0.5 - missing functions: none
symbol engine: initialized successfully - sym options: 0x614 - pdb path: .;C:\Program Files\Android\Android Studio\jbr\bin;C:\Windows\SYSTEM32;C:\Windows\WinSxS\amd64_microsoft.windows.common-controls_6595b64144ccf1df_6.0.22621.1635_none_270f70857386168e;C:\Program Files\Android\Android Studio\jbr\bin\server;C:\Users\Obaid\.gradle\native\68d5fa5c4cc2d200863cafc0d521ce42e7d3e7ee720ec0a83991735586a16f82\windows-amd64;C:\Users\Obaid\.gradle\native\e376f236ea51e6404a007f0833ffe2c6e607c4080706a723a18a27aeea778392\windows-amd64

VM Arguments:
jvm_args: --add-opens=java.base/java.util=ALL-UNNAMED --add-opens=java.base/java.lang=ALL-UNNAMED --add-opens=java.base/java.lang.invoke=ALL-UNNAMED --add-opens=java.prefs/java.util.prefs=ALL-UNNAMED --add-opens=java.base/java.nio.charset=ALL-UNNAMED --add-opens=java.base/java.net=ALL-UNNAMED --add-opens=java.base/java.util.concurrent.atomic=ALL-UNNAMED -Xmx4g -Dfile.encoding=UTF-8 -Duser.country=GB -Duser.language=en -Duser.variant -javaagent:C:\Users\Obaid\.gradle\wrapper\dists\gradle-8.2-bin\bbg7u40eoinfdyxsxr3z4i7ta\gradle-8.2\lib\agents\gradle-instrumentation-agent-8.2.jar 
java_command: org.gradle.launcher.daemon.bootstrap.GradleDaemon 8.2
java_class_path (initial): C:\Users\Obaid\.gradle\wrapper\dists\gradle-8.2-bin\bbg7u40eoinfdyxsxr3z4i7ta\gradle-8.2\lib\gradle-launcher-8.2.jar
Launcher Type: SUN_STANDARD

[Global flags]
     intx CICompilerCount                          = 12                                        {product} {ergonomic}
     uint ConcGCThreads                            = 3                                         {product} {ergonomic}
     uint G1ConcRefinementThreads                  = 13                                        {product} {ergonomic}
   size_t G1HeapRegionSize                         = 2097152                                   {product} {ergonomic}
    uintx GCDrainStackTargetSize                   = 64                                        {product} {ergonomic}
   size_t InitialHeapSize                          = 532676608                                 {product} {ergonomic}
   size_t MarkStackSize                            = 4194304                                   {product} {ergonomic}
   size_t MaxHeapSize                              = 4294967296                                {product} {command line}
   size_t MaxNewSize                               = 2575302656                                {product} {ergonomic}
   size_t MinHeapDeltaBytes                        = 2097152                                   {product} {ergonomic}
   size_t MinHeapSize                              = 8388608                                   {product} {ergonomic}
    uintx NonNMethodCodeHeapSize                   = 7602480                                {pd product} {ergonomic}
    uintx NonProfiledCodeHeapSize                  = 122027880                              {pd product} {ergonomic}
    uintx ProfiledCodeHeapSize                     = 122027880                              {pd product} {ergonomic}
    uintx ReservedCodeCacheSize                    = 251658240                              {pd product} {ergonomic}
     bool SegmentedCodeCache                       = true                                      {product} {ergonomic}
   size_t SoftMaxHeapSize                          = 4294967296                             {manageable} {ergonomic}
     bool UseCompressedClassPointers               = true                           {product lp64_product} {ergonomic}
     bool UseCompressedOops                        = true                           {product lp64_product} {ergonomic}
     bool UseG1GC                                  = true                                      {product} {ergonomic}
     bool UseLargePagesIndividualAllocation        = false                                  {pd product} {ergonomic}

Logging:
Log output configuration:
 #0: stdout all=warning uptime,level,tags
 #1: stderr all=off uptime,level,tags

Environment Variables:
PATH=C:\Program Files\Common Files\Oracle\Java\javapath;C:\Program Files (x86)\Common Files\Oracle\Java\javapath;C:\Windows\system32;C:\Windows;C:\Windows\System32\Wbem;C:\Windows\System32\WindowsPowerShell\v1.0\;C:\Windows\System32\OpenSSH\;C:\Program Files (x86)\NVIDIA Corporation\PhysX\Common;C:\Program Files\NVIDIA Corporation\NVIDIA NvDLISR;C:\Program Files\Git\cmd;C:\Users\Obaid\AppData\Local\Programs\Python\Python311\Scripts\;C:\Users\Obaid\AppData\Local\Programs\Python\Python311\;C:\Users\Obaid\AppData\Local\Microsoft\WindowsApps;C:\Users\Obaid\AppData\Local\Programs\Microsoft VS Code\bin;C:\Users\Obaid\AppData\Local\Android\Sdk\platforms;C:\Users\Obaid\AppData\Local\Android\Sdk\platform-tools;C:\Users\Obaid\AppData\Local\Android\Sdk\tools;C:\src\flutter\bin;
USERNAME=Obaid
OS=Windows_NT
PROCESSOR_IDENTIFIER=Intel64 Family 6 Model 154 Stepping 3, GenuineIntel
TMP=C:\Users\Obaid\AppData\Local\Temp
TEMP=C:\Users\Obaid\AppData\Local\Temp



---------------  S Y S T E M  ---------------

OS:
 Windows 11 , 64 bit Build 22621 (10.0.22621.1928)
OS uptime: 0 days 2:15 hours
Hyper-V role detected

CPU: total 16 (initial active 16) (8 cores per cpu, 2 threads per core) family 6 model 154 stepping 3 microcode 0x42a, cx8, cmov, fxsr, ht, mmx, 3dnowpref, sse, sse2, sse3, ssse3, sse4.1, sse4.2, popcnt, lzcnt, tsc, tscinvbit, avx, avx2, aes, erms, clmul, bmi1, bmi2, adx, sha, fma, vzeroupper, clflush, clflushopt, clwb, hv

Memory: 4k page, system-wide physical 32435M (1006M free)
TotalPageFile size 130739M (AvailPageFile size 659M)
current process WorkingSet (physical memory assigned to process): 642M, peak: 644M
current process commit charge ("private bytes"): 687M, peak: 690M

vm_info: OpenJDK 64-Bit Server VM (17.0.6+0-b2043.56-9586694) for windows-amd64 JRE (17.0.6+0-b2043.56-9586694), built on Feb  9 2023 20:06:20 by "androidbuild" with MS VC++ 16.10 / 16.11 (VS2019)

END.
