#
# There is insufficient memory for the Java Runtime Environment to continue.
# Native memory allocation (mmap) failed to map 532676608 bytes for G1 virtual space
# Possible reasons:
#   The system is out of physical RAM or swap space
#   The process is running with CompressedOops enabled, and the Java Heap may be blocking the growth of the native heap
# Possible solutions:
#   Reduce memory load on the system
#   Increase physical memory or swap space
#   Check if swap backing store is full
#   Decrease Java heap size (-Xmx/-Xms)
#   Decrease number of Java threads
#   Decrease Java thread stack sizes (-Xss)
#   Set larger code cache with -XX:ReservedCodeCacheSize=
#   JVM is running with Zero Based Compressed Oops mode in which the Java heap is
#     placed in the first 32GB address space. The Java Heap base address is the
#     maximum limit for the native heap growth. Please use -XX:HeapBaseMinAddress
#     to set the Java Heap base and to place the Java Heap above 32GB virtual address.
# This output file may be truncated or incomplete.
#
#  Out of Memory Error (os_windows.cpp:3769), pid=13920, tid=14772
#
# JRE version:  (17.0.6) (build )
# Java VM: OpenJDK 64-Bit Server VM (17.0.6+0-b2043.56-9586694, mixed mode, sharing, tiered, compressed oops, compressed class ptrs, g1 gc, windows-amd64)
# No core dump will be written. Minidumps are not enabled by default on client versions of Windows
#

---------------  S U M M A R Y ------------

Command Line: C:\Users\Obaid\.gradle\build-scan-data\3.13.4\gradle-build-scan-background-upload-64cdf0ae530be3f301bc3af33bd793845ea131f20ec2c3e3a65f31a3d3c994ca.jar

Host: 12th Gen Intel(R) Core(TM) i7-12650H, 16 cores, 31G,  Windows 11 , 64 bit Build 22621 (10.0.22621.1928)
Time: Tue Jul 25 00:15:11 2023 Pakistan Standard Time elapsed time: 0.007248 seconds (0d 0h 0m 0s)

---------------  T H R E A D  ---------------

Current thread (0x00000241a99a5b60):  JavaThread "Unknown thread" [_thread_in_vm, id=14772, stack(0x00000045f3a00000,0x00000045f3b00000)]

Stack: [0x00000045f3a00000,0x00000045f3b00000]
Native frames: (J=compiled Java code, j=interpreted, Vv=VM code, C=native code)
V  [jvm.dll+0x683b4a]
V  [jvm.dll+0x842654]
V  [jvm.dll+0x843dfe]
V  [jvm.dll+0x844463]
V  [jvm.dll+0x249b75]
V  [jvm.dll+0x680a19]
V  [jvm.dll+0x674f0a]
V  [jvm.dll+0x309acb]
V  [jvm.dll+0x310f86]
V  [jvm.dll+0x3608ee]
V  [jvm.dll+0x360b1f]
V  [jvm.dll+0x2dfbf8]
V  [jvm.dll+0x2e0b64]
V  [jvm.dll+0x813f41]
V  [jvm.dll+0x36e6a1]
V  [jvm.dll+0x7f347c]
V  [jvm.dll+0x3f0e8f]
V  [jvm.dll+0x3f29d1]
C  [jli.dll+0x526b]
C  [ucrtbase.dll+0x29363]
C  [KERNEL32.DLL+0x126ad]
C  [ntdll.dll+0x5aa68]


---------------  P R O C E S S  ---------------

Threads class SMR info:
_java_thread_list=0x00007ffd7103c058, length=0, elements={
}

Java Threads: ( => current thread )

Other Threads:
  0x00000241a9a53300 GCTaskThread "GC Thread#0" [stack: 0x00000045f3b00000,0x00000045f3c00000] [id=2288]
  0x00000241a9a64120 ConcurrentGCThread "G1 Main Marker" [stack: 0x00000045f3c00000,0x00000045f3d00000] [id=12968]
  0x00000241a9a64b30 ConcurrentGCThread "G1 Conc#0" [stack: 0x00000045f3d00000,0x00000045f3e00000] [id=1912]

[error occurred during error reporting (printing all threads), id 0xc0000005, EXCEPTION_ACCESS_VIOLATION (0xc0000005) at pc=0x00007ffd707f0797]

VM state: not at safepoint (not fully initialized)

VM Mutex/Monitor currently owned by a thread:  ([mutex/lock_event])
[0x00000241a99a07f0] Heap_lock - owner thread: 0x00000241a99a5b60

Heap address: 0x0000000605000000, size: 8112 MB, Compressed Oops mode: Zero based, Oop shift amount: 3

CDS archive(s) mapped at: [0x0000000000000000-0x0000000000000000-0x0000000000000000), size 0, SharedBaseAddress: 0x0000000800000000, ArchiveRelocationMode: 0.
Narrow klass base: 0x0000000000000000, Narrow klass shift: 0, Narrow klass range: 0x0

GC Precious Log:
<Empty>

Heap:
 garbage-first heap   total 0K, used 0K [0x0000000605000000, 0x0000000800000000)
  region size 4096K, 0 young (0K), 0 survivors (0K)

[error occurred during error reporting (printing heap information), id 0xc0000005, EXCEPTION_ACCESS_VIOLATION (0xc0000005) at pc=0x00007ffd70bdd939]

GC Heap History (0 events):
No events

Dll operation events (1 events):
Event: 0.004 Loaded shared library C:\Program Files\Android\Android Studio\jbr\bin\java.dll

Deoptimization events (0 events):
No events

Classes unloaded (0 events):
No events

Classes redefined (0 events):
No events

Internal exceptions (0 events):
No events

VM Operations (0 events):
No events

Events (0 events):
No events


Dynamic libraries:
0x00007ff632c50000 - 0x00007ff632c5a000 	C:\Program Files\Android\Android Studio\jbr\bin\java.exe
0x00007ffdb83f0000 - 0x00007ffdb8604000 	C:\Windows\SYSTEM32\ntdll.dll
0x00007ffdb7560000 - 0x00007ffdb7622000 	C:\Windows\System32\KERNEL32.DLL
0x00007ffdb5e20000 - 0x00007ffdb61c3000 	C:\Windows\System32\KERNELBASE.dll
0x00007ffdb5af0000 - 0x00007ffdb5c01000 	C:\Windows\System32\ucrtbase.dll
0x00007ffd6f2d0000 - 0x00007ffd6f2e7000 	C:\Program Files\Android\Android Studio\jbr\bin\jli.dll
0x00007ffd6f2f0000 - 0x00007ffd6f30b000 	C:\Program Files\Android\Android Studio\jbr\bin\VCRUNTIME140.dll
0x00007ffdb6820000 - 0x00007ffdb69ca000 	C:\Windows\System32\USER32.dll
0x00007ffdb5df0000 - 0x00007ffdb5e16000 	C:\Windows\System32\win32u.dll
0x00007ffdb6bd0000 - 0x00007ffdb6bf9000 	C:\Windows\System32\GDI32.dll
0x00007ffdb4a40000 - 0x00007ffdb4cce000 	C:\Windows\WinSxS\amd64_microsoft.windows.common-controls_6595b64144ccf1df_6.0.22621.1635_none_270f70857386168e\COMCTL32.dll
0x00007ffdb5cd0000 - 0x00007ffdb5de9000 	C:\Windows\System32\gdi32full.dll
0x00007ffdb7d70000 - 0x00007ffdb7e17000 	C:\Windows\System32\msvcrt.dll
0x00007ffdb5a50000 - 0x00007ffdb5aea000 	C:\Windows\System32\msvcp_win.dll
0x00007ffdb6c00000 - 0x00007ffdb6c31000 	C:\Windows\System32\IMM32.DLL
0x00007ffd792e0000 - 0x00007ffd792ec000 	C:\Program Files\Android\Android Studio\jbr\bin\vcruntime140_1.dll
0x00007ffd631a0000 - 0x00007ffd6322d000 	C:\Program Files\Android\Android Studio\jbr\bin\msvcp140.dll
0x00007ffd70500000 - 0x00007ffd7116d000 	C:\Program Files\Android\Android Studio\jbr\bin\server\jvm.dll
0x00007ffdb7ad0000 - 0x00007ffdb7b7e000 	C:\Windows\System32\ADVAPI32.dll
0x00007ffdb6b20000 - 0x00007ffdb6bc4000 	C:\Windows\System32\sechost.dll
0x00007ffdb77f0000 - 0x00007ffdb7907000 	C:\Windows\System32\RPCRT4.dll
0x00007ffdb50d0000 - 0x00007ffdb50d9000 	C:\Windows\SYSTEM32\WSOCK32.dll
0x00007ffdb74e0000 - 0x00007ffdb7551000 	C:\Windows\System32\WS2_32.dll
0x00007ffdb4610000 - 0x00007ffdb461a000 	C:\Windows\SYSTEM32\VERSION.dll
0x00007ffdaa8a0000 - 0x00007ffdaa8d4000 	C:\Windows\SYSTEM32\WINMM.dll
0x00007ffdb39a0000 - 0x00007ffdb39b8000 	C:\Windows\SYSTEM32\kernel.appcore.dll
0x00007ffdb5090000 - 0x00007ffdb509a000 	C:\Program Files\Android\Android Studio\jbr\bin\jimage.dll
0x00007ffdb5170000 - 0x00007ffdb539e000 	C:\Windows\SYSTEM32\DBGHELP.DLL
0x00007ffdb6470000 - 0x00007ffdb67f9000 	C:\Windows\System32\combase.dll
0x00007ffdb6a40000 - 0x00007ffdb6b17000 	C:\Windows\System32\OLEAUT32.dll
0x00007ffdb4fe0000 - 0x00007ffdb5012000 	C:\Windows\SYSTEM32\dbgcore.DLL
0x00007ffdb5960000 - 0x00007ffdb59da000 	C:\Windows\System32\bcryptPrimitives.dll
0x00007ffdb5060000 - 0x00007ffdb5085000 	C:\Program Files\Android\Android Studio\jbr\bin\java.dll

dbghelp: loaded successfully - version: 4.0.5 - missing functions: none
symbol engine: initialized successfully - sym options: 0x614 - pdb path: .;C:\Program Files\Android\Android Studio\jbr\bin;C:\Windows\SYSTEM32;C:\Windows\WinSxS\amd64_microsoft.windows.common-controls_6595b64144ccf1df_6.0.22621.1635_none_270f70857386168e;C:\Program Files\Android\Android Studio\jbr\bin\server

VM Arguments:
java_command: C:\Users\Obaid\.gradle\build-scan-data\3.13.4\gradle-build-scan-background-upload-64cdf0ae530be3f301bc3af33bd793845ea131f20ec2c3e3a65f31a3d3c994ca.jar
java_class_path (initial): C:\Users\Obaid\.gradle\build-scan-data\3.13.4\gradle-build-scan-background-upload-64cdf0ae530be3f301bc3af33bd793845ea131f20ec2c3e3a65f31a3d3c994ca.jar
Launcher Type: SUN_STANDARD

[Global flags]
     intx CICompilerCount                          = 12                                        {product} {ergonomic}
     uint ConcGCThreads                            = 3                                         {product} {ergonomic}
     uint G1ConcRefinementThreads                  = 13                                        {product} {ergonomic}
   size_t G1HeapRegionSize                         = 4194304                                   {product} {ergonomic}
    uintx GCDrainStackTargetSize                   = 64                                        {product} {ergonomic}
   size_t InitialHeapSize                          = 532676608                                 {product} {ergonomic}
   size_t MarkStackSize                            = 4194304                                   {product} {ergonomic}
   size_t MaxHeapSize                              = 8506048512                                {product} {ergonomic}
   size_t MinHeapDeltaBytes                        = 4194304                                   {product} {ergonomic}
   size_t MinHeapSize                              = 8388608                                   {product} {ergonomic}
    uintx NonNMethodCodeHeapSize                   = 7602480                                {pd product} {ergonomic}
    uintx NonProfiledCodeHeapSize                  = 122027880                              {pd product} {ergonomic}
    uintx ProfiledCodeHeapSize                     = 122027880                              {pd product} {ergonomic}
    uintx ReservedCodeCacheSize                    = 251658240                              {pd product} {ergonomic}
     bool SegmentedCodeCache                       = true                                      {product} {ergonomic}
   size_t SoftMaxHeapSize                          = 8506048512                             {manageable} {ergonomic}
     bool UseCompressedClassPointers               = true                           {product lp64_product} {ergonomic}
     bool UseCompressedOops                        = true                           {product lp64_product} {ergonomic}
     bool UseG1GC                                  = true                                      {product} {ergonomic}
     bool UseLargePagesIndividualAllocation        = false                                  {pd product} {ergonomic}

Logging:
Log output configuration:
 #0: stdout all=warning uptime,level,tags
 #1: stderr all=off uptime,level,tags

Environment Variables:
PATH=C:\Program Files\Common Files\Oracle\Java\javapath;C:\Program Files (x86)\Common Files\Oracle\Java\javapath;C:\Windows\system32;C:\Windows;C:\Windows\System32\Wbem;C:\Windows\System32\WindowsPowerShell\v1.0\;C:\Windows\System32\OpenSSH\;C:\Program Files (x86)\NVIDIA Corporation\PhysX\Common;C:\Program Files\NVIDIA Corporation\NVIDIA NvDLISR;C:\Program Files\Git\cmd;C:\Users\Obaid\AppData\Local\Programs\Python\Python311\Scripts\;C:\Users\Obaid\AppData\Local\Programs\Python\Python311\;C:\Users\Obaid\AppData\Local\Microsoft\WindowsApps;C:\Users\Obaid\AppData\Local\Programs\Microsoft VS Code\bin;C:\Users\Obaid\AppData\Local\Android\Sdk\platforms;C:\Users\Obaid\AppData\Local\Android\Sdk\platform-tools;C:\Users\Obaid\AppData\Local\Android\Sdk\tools;C:\src\flutter\bin;
USERNAME=Obaid
OS=Windows_NT
PROCESSOR_IDENTIFIER=Intel64 Family 6 Model 154 Stepping 3, GenuineIntel
TMP=C:\Users\Obaid\AppData\Local\Temp
TEMP=C:\Users\Obaid\AppData\Local\Temp



---------------  S Y S T E M  ---------------

OS:
 Windows 11 , 64 bit Build 22621 (10.0.22621.1928)
OS uptime: 0 days 1:00 hours
Hyper-V role detected

CPU: total 16 (initial active 16) (8 cores per cpu, 2 threads per core) family 6 model 154 stepping 3 microcode 0x42a, cx8, cmov, fxsr, ht, mmx, 3dnowpref, sse, sse2, sse3, ssse3, sse4.1, sse4.2, popcnt, lzcnt, tsc, tscinvbit, avx, avx2, aes, erms, clmul, bmi1, bmi2, adx, sha, fma, vzeroupper, clflush, clflushopt, clwb, hv

Memory: 4k page, system-wide physical 32435M (307M free)
TotalPageFile size 130739M (AvailPageFile size 490M)
current process WorkingSet (physical memory assigned to process): 11M, peak: 11M
current process commit charge ("private bytes"): 70M, peak: 578M

vm_info: OpenJDK 64-Bit Server VM (17.0.6+0-b2043.56-9586694) for windows-amd64 JRE (17.0.6+0-b2043.56-9586694), built on Feb  9 2023 20:06:20 by "androidbuild" with MS VC++ 16.10 / 16.11 (VS2019)

END.
